#
# A fatal error has been detected by the Java Runtime Environment:
#
#  SIGSEGV (0xb) at pc=0x000000010e3d2380, pid=1614, tid=11011
#
# JRE version: OpenJDK Runtime Environment Zulu11.72+19-CA (11.0.23+9) (build 11.0.23+9-LTS)
# Java VM: OpenJDK 64-Bit Server VM Zulu11.72+19-CA (11.0.23+9-LTS, mixed mode, tiered, compressed oops, g1 gc, bsd-amd64)
# Problematic frame:
# V  [libjvm.dylib+0x1fb380]  AccessInternal::PostRuntimeDispatch<G1BarrierSet::AccessBarrier<1097844ull, G1BarrierSet>, (AccessInternal::BarrierType)2, 1097844ull>::oop_access_barrier(void*)+0x4
#
# No core dump will be written. Core dumps have been disabled. To enable core dumping, try "ulimit -c unlimited" before starting Java again
#
# If you would like to submit a bug report, please visit:
#   http://www.azul.com/support/
#

---------------  S U M M A R Y ------------

Command Line: -Dfile.encoding=UTF-8 oracle.jdbc.driver.JavaToJavaConverter$20

Host: MacBookPro17,1 x86_64 2400 MHz, 8 cores, 16G, Darwin 23.5.0
Time: Mon Jul 15 10:15:36 2024 KST elapsed time: 0.167251 seconds (0d 0h 0m 0s)

---------------  T H R E A D  ---------------

Current thread (0x00007fed66010000):  JavaThread "main" [_thread_in_vm, id=11011, stack(0x000000030d505000,0x000000030d605000)]

Stack: [0x000000030d505000,0x000000030d605000],  sp=0x000000030d604df0,  free space=1023k
Native frames: (J=compiled Java code, A=aot compiled Java code, j=interpreted, Vv=VM code, C=native code)
V  [libjvm.dylib+0x1fb380]  AccessInternal::PostRuntimeDispatch<G1BarrierSet::AccessBarrier<1097844ull, G1BarrierSet>, (AccessInternal::BarrierType)2, 1097844ull>::oop_access_barrier(void*)+0x4
V  [libjvm.dylib+0x413316]  jni_GetStringUTFChars+0xe0
C  [libjli.dylib+0x6fd8]  PostJVMInit+0xa6
C  [libjli.dylib+0x473b]  JavaMain+0xa3d
C  [libjli.dylib+0x6c8f]  ThreadJavaMain+0x9
C  [libsystem_pthread.dylib+0x618b]  _pthread_start+0x63
C  [libsystem_pthread.dylib+0x1ae3]  thread_start+0xf


siginfo: si_signo: 11 (SIGSEGV), si_code: 1 (SEGV_MAPERR), si_addr: 0x0000000000000000

Register to memory mapping:

RAX=0x0 is NULL
RBX=0x0 is NULL
RCX=0x000000010eb73248: jni_NativeInterface+0 in /Library/Java/JavaVirtualMachines/zulu-11.jdk/Contents/Home/lib/server/libjvm.dylib at 0x000000010e1d7000
RDX=0x0 is NULL
RSP=0x000000030d604df0 is pointing into the stack for thread: 0x00007fed66010000
RBP=0x000000030d604df0 is pointing into the stack for thread: 0x00007fed66010000
RSI=0x0 is NULL
RDI=0x0 is NULL
R8 =0x0000000127d14cfd points into unknown readable memory: 20 20 20
R9 =0x0 is NULL
R10=0x000000010ebd16d0: _ZN19TemplateInterpreter13_active_tableE+0x4800 in /Library/Java/JavaVirtualMachines/zulu-11.jdk/Contents/Home/lib/server/libjvm.dylib at 0x000000010e1d7000
R11=0x0000000132ca1300 is pointing into metadata
R12=0x00007fed66010358 points into unknown readable memory: 0x000000010eb73248 | 48 32 b7 0e 01 00 00 00
R13=0x0 is NULL
R14=0x00007fed66010000 is a thread
R15=0x0 is NULL


Registers:
RAX=0x0000000000000000, RBX=0x0000000000000000, RCX=0x000000010eb73248, RDX=0x0000000000000000
RSP=0x000000030d604df0, RBP=0x000000030d604df0, RSI=0x0000000000000000, RDI=0x0000000000000000
R8 =0x0000000127d14cfd, R9 =0x0000000000000000, R10=0x000000010ebd16d0, R11=0x0000000132ca1300
R12=0x00007fed66010358, R13=0x0000000000000000, R14=0x00007fed66010000, R15=0x0000000000000000
RIP=0x000000010e3d2380, EFLAGS=0x0000000000000246, ERR=0x0000000000000004
  TRAPNO=0x000000000000000e

Top of Stack: (sp=0x000000030d604df0)
0x000000030d604df0:   000000030d604e80 000000010e5ea316
0x000000030d604e00:   000000030d604e20 000000010e5b241c
0x000000030d604e10:   000060000000000c 0000000000000000
0x000000030d604e20:   bb4a2f53c809006a 00007fed66010000
0x000000030d604e30:   0000000000000000 000000010e5b241c
0x000000030d604e40:   bb4a2f53c809006a 00007fed66010000
0x000000030d604e50:   000000030d604e80 00007fed66010358
0x000000030d604e60:   00007fed65104f20 0000000000000000
0x000000030d604e70:   0000000000000000 00007fed65104f28
0x000000030d604e80:   000000030d604f10 000000010d333fd8
0x000000030d604e90:   00006000033540e8 0000600001950180
0x000000030d604ea0:   000000030d604ed0 000000010e5d7df4
0x000000030d604eb0:   bb4a2f53c809006a 00007fed66010000
0x000000030d604ec0:   000000030d604ee0 000000010e5b241c
0x000000030d604ed0:   00006000033540e8 0000600001950180
0x000000030d604ee0:   000000030d604f10 bb4a2f53c809006a
0x000000030d604ef0:   00007fed66010358 00007fed65104f20
0x000000030d604f00:   00007fed65104f38 00007fed65104f28
0x000000030d604f10:   000000030d604fa0 000000010d33173b
0x000000030d604f20:   00007ff8048e7ad4 00061d3ef76db341
0x000000030d604f30:   0000000400010002 0000600001958900
0x000000030d604f40:   0000000000000000 0000000000002b03
0x000000030d604f50:   0000600000258748 0000000000000001
0x000000030d604f60:   0000600000258690 00007fed66010358
0x000000030d604f70:   000000010eb73240 000000030d605000
0x000000030d604f80:   0000000000000000 0000000000000000
0x000000030d604f90:   0000000000000000 0000000000000000
0x000000030d604fa0:   000000030d604fb0 000000010d333c8f
0x000000030d604fb0:   000000030d604fd0 00007ff8048ec18b
0x000000030d604fc0:   0000000000000000 0000000000000000
0x000000030d604fd0:   000000030d604ff0 00007ff8048e7ae3
0x000000030d604fe0:   0000000000000000 00007ff7ffe918e8 

Instructions: (pc=0x000000010e3d2380)
0x000000010e3d2280:   f4 56 07 00 4c 89 f7 e8 32 80 00 00 49 89 c6 4d
0x000000010e3d2290:   63 ff 48 8b 03 48 89 df ff 50 08 0f b6 c8 4c 89
0x000000010e3d22a0:   f7 48 89 de 4c 89 fa 48 83 c4 08 5b 41 5e 41 5f
0x000000010e3d22b0:   5d e9 c8 ca 3e 00 c3 90 55 48 89 e5 5d e9 44 fe
0x000000010e3d22c0:   ff ff 55 48 89 e5 48 8b 3f 48 8b 07 5d ff 20 90
0x000000010e3d22d0:   90 90 55 48 89 e5 31 c0 5d c3 55 48 89 e5 31 c0
0x000000010e3d22e0:   5d c3 55 48 89 e5 31 c0 5d c3 90 90 55 48 89 e5
0x000000010e3d22f0:   53 50 48 89 fb 48 8d 05 34 16 7e 00 80 38 00 74
0x000000010e3d2300:   07 e8 1a 00 00 00 eb 05 e8 c3 51 fd ff 48 89 05
0x000000010e3d2310:   ec d9 79 00 48 89 df 48 83 c4 08 5b 5d ff e0 90
0x000000010e3d2320:   48 8d 05 49 a3 7d 00 48 8b 00 8b 40 10 ff c8 83
0x000000010e3d2330:   f8 04 73 0e 48 98 48 8d 0d 5b 0a 76 00 48 8b 04
0x000000010e3d2340:   c1 c3 55 48 89 e5 48 8d 35 e5 23 61 00 48 8d 0d
0x000000010e3d2350:   09 24 61 00 bf 00 00 00 e0 ba e8 00 00 00 31 c0
0x000000010e3d2360:   e8 5f ed 07 00 e8 3a c0 43 00 31 c0 5d c3 90 90
0x000000010e3d2370:   55 48 89 e5 48 8b 07 5d c3 90 90 90 55 48 89 e5
0x000000010e3d2380:   48 8b 07 5d c3 90 90 90 55 48 89 e5 48 8b 07 5d
0x000000010e3d2390:   c3 90 90 90 55 48 89 e5 48 8b 37 48 85 f6 74 10
0x000000010e3d23a0:   48 8d 05 c9 a2 7d 00 48 8b 38 5d e9 02 cf 4c 00
0x000000010e3d23b0:   31 c0 5d c3 55 48 89 e5 41 57 41 56 53 50 41 89
0x000000010e3d23c0:   d6 49 89 f7 48 89 fb 48 89 f1 48 f7 d1 48 8b 47
0x000000010e3d23d0:   18 48 39 c8 76 20 41 83 fe 01 75 04 31 c0 eb 3c
0x000000010e3d23e0:   48 8d 15 0e eb 60 00 48 89 df 4c 89 fe e8 2c 1c
0x000000010e3d23f0:   f0 ff 48 8b 43 18 4a 8d 0c 38 48 3b 4b 20 76 18
0x000000010e3d2400:   48 89 df 4c 89 fe 44 89 f2 48 83 c4 08 5b 41 5e
0x000000010e3d2410:   41 5f 5d e9 36 1c f0 ff 48 89 4b 18 48 83 c4 08
0x000000010e3d2420:   5b 41 5e 41 5f 5d c3 90 55 48 89 e5 41 57 41 56
0x000000010e3d2430:   41 54 53 41 89 f4 41 8d 44 24 fc 39 d0 7e 4c 48
0x000000010e3d2440:   63 ca 48 8d 41 04 44 39 e0 7d 43 49 89 fe 0f b7
0x000000010e3d2450:   4c 0f 02 66 85 c9 74 36 45 8d 7c 24 fe 66 c1 c1
0x000000010e3d2460:   08 0f b7 d9 ff cb 44 39 f8 7d 20 83 c0 02 4c 89
0x000000010e3d2470:   f7 44 89 e6 89 c2 e8 1c 00 00 00 44 39 e0 7d 0e 


Stack slot to memory mapping:
stack at sp + 0 slots: 0x000000030d604e80 is pointing into the stack for thread: 0x00007fed66010000
stack at sp + 1 slots: 0x000000010e5ea316: jni_GetStringUTFChars+0xe0 in /Library/Java/JavaVirtualMachines/zulu-11.jdk/Contents/Home/lib/server/libjvm.dylib at 0x000000010e1d7000
stack at sp + 2 slots: 0x000000030d604e20 is pointing into the stack for thread: 0x00007fed66010000
stack at sp + 3 slots: 0x000000010e5b241c: _ZN20ThreadInVMfromNativeD1Ev+0x20 in /Library/Java/JavaVirtualMachines/zulu-11.jdk/Contents/Home/lib/server/libjvm.dylib at 0x000000010e1d7000
stack at sp + 4 slots: 0x000060000000000c points into unknown readable memory: 00 00 00 00
stack at sp + 5 slots: 0x0 is NULL
stack at sp + 6 slots: 0xbb4a2f53c809006a is an unknown value
stack at sp + 7 slots: 0x00007fed66010000 is a thread


---------------  P R O C E S S  ---------------

Threads class SMR info:
_java_thread_list=0x0000600000c4eee0, length=9, elements={
0x00007fed66010000, 0x00007fed658e0800, 0x00007fed65812000, 0x00007fed64815800,
0x00007fed64818000, 0x00007fed64819000, 0x00007fed64819800, 0x00007fed6481a800,
0x00007fed658a0000
}

Java Threads: ( => current thread )
=>0x00007fed66010000 JavaThread "main" [_thread_in_vm, id=11011, stack(0x000000030d505000,0x000000030d605000)]
  0x00007fed658e0800 JavaThread "Reference Handler" daemon [_thread_blocked, id=18947, stack(0x000000030dc1a000,0x000000030dd1a000)]
  0x00007fed65812000 JavaThread "Finalizer" daemon [_thread_blocked, id=21763, stack(0x000000030dd1d000,0x000000030de1d000)]
  0x00007fed64815800 JavaThread "Signal Dispatcher" daemon [_thread_blocked, id=30979, stack(0x000000030df2f000,0x000000030e02f000)]
  0x00007fed64818000 JavaThread "Service Thread" daemon [_thread_blocked, id=24323, stack(0x000000030e032000,0x000000030e132000)]
  0x00007fed64819000 JavaThread "C2 CompilerThread0" daemon [_thread_blocked, id=24835, stack(0x000000030e135000,0x000000030e235000)]
  0x00007fed64819800 JavaThread "C1 CompilerThread0" daemon [_thread_blocked, id=29955, stack(0x000000030e238000,0x000000030e338000)]
  0x00007fed6481a800 JavaThread "Sweeper thread" daemon [_thread_blocked, id=29443, stack(0x000000030e33b000,0x000000030e43b000)]
  0x00007fed658a0000 JavaThread "Common-Cleaner" daemon [_thread_blocked, id=27395, stack(0x000000030e541000,0x000000030e641000)]

Other Threads:
  0x00007fed6681c800 VMThread "VM Thread" [stack: 0x000000030db17000,0x000000030dc17000] [id=20227]
  0x00007fed6607c800 WatcherThread [stack: 0x000000030e43e000,0x000000030e53e000] [id=26159]
  0x00007fed6680e800 GCTaskThread "GC Thread#0" [stack: 0x000000030d608000,0x000000030d708000] [id=13059]
  0x00007fed6604f800 ConcurrentGCThread "G1 Main Marker" [stack: 0x000000030d70b000,0x000000030d80b000] [id=13827]
  0x00007fed66050000 ConcurrentGCThread "G1 Conc#0" [stack: 0x000000030d80e000,0x000000030d90e000] [id=16643]
  0x00007fed65894800 ConcurrentGCThread "G1 Refine#0" [stack: 0x000000030d911000,0x000000030da11000] [id=16899]
  0x00007fed65895800 ConcurrentGCThread "G1 Young RemSet Sampling" [stack: 0x000000030da14000,0x000000030db14000] [id=20995]

Threads with active compile tasks:

VM state:not at safepoint (normal execution)

VM Mutex/Monitor currently owned by a thread: None

Heap address: 0x0000000700000000, size: 4096 MB, Compressed Oops mode: Zero based, Oop shift amount: 3
Narrow klass base: 0x0000000800000000, Narrow klass shift: 0
Compressed class space size: 1073741824 Address: 0x0000000800000000

Heap:
 garbage-first heap   total 262144K, used 2048K [0x0000000700000000, 0x0000000800000000)
  region size 1024K, 4 young (4096K), 0 survivors (0K)
 Metaspace       used 6089K, capacity 6255K, committed 6528K, reserved 1056768K
  class space    used 484K, capacity 528K, committed 640K, reserved 1048576K
Heap Regions: E=young(eden), S=young(survivor), O=old, HS=humongous(starts), HC=humongous(continues), CS=collection set, F=free, A=archive, TAMS=top-at-mark-start (previous, next)
|   0|0x0000000700000000, 0x0000000700000000, 0x0000000700100000|  0%| F|  |TAMS 0x0000000700000000, 0x0000000700000000| Untracked 
|   1|0x0000000700100000, 0x0000000700100000, 0x0000000700200000|  0%| F|  |TAMS 0x0000000700100000, 0x0000000700100000| Untracked 
|   2|0x0000000700200000, 0x0000000700200000, 0x0000000700300000|  0%| F|  |TAMS 0x0000000700200000, 0x0000000700200000| Untracked 
|   3|0x0000000700300000, 0x0000000700300000, 0x0000000700400000|  0%| F|  |TAMS 0x0000000700300000, 0x0000000700300000| Untracked 
|   4|0x0000000700400000, 0x0000000700400000, 0x0000000700500000|  0%| F|  |TAMS 0x0000000700400000, 0x0000000700400000| Untracked 
|   5|0x0000000700500000, 0x0000000700500000, 0x0000000700600000|  0%| F|  |TAMS 0x0000000700500000, 0x0000000700500000| Untracked 
|   6|0x0000000700600000, 0x0000000700600000, 0x0000000700700000|  0%| F|  |TAMS 0x0000000700600000, 0x0000000700600000| Untracked 
|   7|0x0000000700700000, 0x0000000700700000, 0x0000000700800000|  0%| F|  |TAMS 0x0000000700700000, 0x0000000700700000| Untracked 
|   8|0x0000000700800000, 0x0000000700800000, 0x0000000700900000|  0%| F|  |TAMS 0x0000000700800000, 0x0000000700800000| Untracked 
|   9|0x0000000700900000, 0x0000000700900000, 0x0000000700a00000|  0%| F|  |TAMS 0x0000000700900000, 0x0000000700900000| Untracked 
|  10|0x0000000700a00000, 0x0000000700a00000, 0x0000000700b00000|  0%| F|  |TAMS 0x0000000700a00000, 0x0000000700a00000| Untracked 
|  11|0x0000000700b00000, 0x0000000700b00000, 0x0000000700c00000|  0%| F|  |TAMS 0x0000000700b00000, 0x0000000700b00000| Untracked 
|  12|0x0000000700c00000, 0x0000000700c00000, 0x0000000700d00000|  0%| F|  |TAMS 0x0000000700c00000, 0x0000000700c00000| Untracked 
|  13|0x0000000700d00000, 0x0000000700d00000, 0x0000000700e00000|  0%| F|  |TAMS 0x0000000700d00000, 0x0000000700d00000| Untracked 
|  14|0x0000000700e00000, 0x0000000700e00000, 0x0000000700f00000|  0%| F|  |TAMS 0x0000000700e00000, 0x0000000700e00000| Untracked 
|  15|0x0000000700f00000, 0x0000000700f00000, 0x0000000701000000|  0%| F|  |TAMS 0x0000000700f00000, 0x0000000700f00000| Untracked 
|  16|0x0000000701000000, 0x0000000701000000, 0x0000000701100000|  0%| F|  |TAMS 0x0000000701000000, 0x0000000701000000| Untracked 
|  17|0x0000000701100000, 0x0000000701100000, 0x0000000701200000|  0%| F|  |TAMS 0x0000000701100000, 0x0000000701100000| Untracked 
|  18|0x0000000701200000, 0x0000000701200000, 0x0000000701300000|  0%| F|  |TAMS 0x0000000701200000, 0x0000000701200000| Untracked 
|  19|0x0000000701300000, 0x0000000701300000, 0x0000000701400000|  0%| F|  |TAMS 0x0000000701300000, 0x0000000701300000| Untracked 
|  20|0x0000000701400000, 0x0000000701400000, 0x0000000701500000|  0%| F|  |TAMS 0x0000000701400000, 0x0000000701400000| Untracked 
|  21|0x0000000701500000, 0x0000000701500000, 0x0000000701600000|  0%| F|  |TAMS 0x0000000701500000, 0x0000000701500000| Untracked 
|  22|0x0000000701600000, 0x0000000701600000, 0x0000000701700000|  0%| F|  |TAMS 0x0000000701600000, 0x0000000701600000| Untracked 
|  23|0x0000000701700000, 0x0000000701700000, 0x0000000701800000|  0%| F|  |TAMS 0x0000000701700000, 0x0000000701700000| Untracked 
|  24|0x0000000701800000, 0x0000000701800000, 0x0000000701900000|  0%| F|  |TAMS 0x0000000701800000, 0x0000000701800000| Untracked 
|  25|0x0000000701900000, 0x0000000701900000, 0x0000000701a00000|  0%| F|  |TAMS 0x0000000701900000, 0x0000000701900000| Untracked 
|  26|0x0000000701a00000, 0x0000000701a00000, 0x0000000701b00000|  0%| F|  |TAMS 0x0000000701a00000, 0x0000000701a00000| Untracked 
|  27|0x0000000701b00000, 0x0000000701b00000, 0x0000000701c00000|  0%| F|  |TAMS 0x0000000701b00000, 0x0000000701b00000| Untracked 
|  28|0x0000000701c00000, 0x0000000701c00000, 0x0000000701d00000|  0%| F|  |TAMS 0x0000000701c00000, 0x0000000701c00000| Untracked 
|  29|0x0000000701d00000, 0x0000000701d00000, 0x0000000701e00000|  0%| F|  |TAMS 0x0000000701d00000, 0x0000000701d00000| Untracked 
|  30|0x0000000701e00000, 0x0000000701e00000, 0x0000000701f00000|  0%| F|  |TAMS 0x0000000701e00000, 0x0000000701e00000| Untracked 
|  31|0x0000000701f00000, 0x0000000701f00000, 0x0000000702000000|  0%| F|  |TAMS 0x0000000701f00000, 0x0000000701f00000| Untracked 
|  32|0x0000000702000000, 0x0000000702000000, 0x0000000702100000|  0%| F|  |TAMS 0x0000000702000000, 0x0000000702000000| Untracked 
|  33|0x0000000702100000, 0x0000000702100000, 0x0000000702200000|  0%| F|  |TAMS 0x0000000702100000, 0x0000000702100000| Untracked 
|  34|0x0000000702200000, 0x0000000702200000, 0x0000000702300000|  0%| F|  |TAMS 0x0000000702200000, 0x0000000702200000| Untracked 
|  35|0x0000000702300000, 0x0000000702300000, 0x0000000702400000|  0%| F|  |TAMS 0x0000000702300000, 0x0000000702300000| Untracked 
|  36|0x0000000702400000, 0x0000000702400000, 0x0000000702500000|  0%| F|  |TAMS 0x0000000702400000, 0x0000000702400000| Untracked 
|  37|0x0000000702500000, 0x0000000702500000, 0x0000000702600000|  0%| F|  |TAMS 0x0000000702500000, 0x0000000702500000| Untracked 
|  38|0x0000000702600000, 0x0000000702600000, 0x0000000702700000|  0%| F|  |TAMS 0x0000000702600000, 0x0000000702600000| Untracked 
|  39|0x0000000702700000, 0x0000000702700000, 0x0000000702800000|  0%| F|  |TAMS 0x0000000702700000, 0x0000000702700000| Untracked 
|  40|0x0000000702800000, 0x0000000702800000, 0x0000000702900000|  0%| F|  |TAMS 0x0000000702800000, 0x0000000702800000| Untracked 
|  41|0x0000000702900000, 0x0000000702900000, 0x0000000702a00000|  0%| F|  |TAMS 0x0000000702900000, 0x0000000702900000| Untracked 
|  42|0x0000000702a00000, 0x0000000702a00000, 0x0000000702b00000|  0%| F|  |TAMS 0x0000000702a00000, 0x0000000702a00000| Untracked 
|  43|0x0000000702b00000, 0x0000000702b00000, 0x0000000702c00000|  0%| F|  |TAMS 0x0000000702b00000, 0x0000000702b00000| Untracked 
|  44|0x0000000702c00000, 0x0000000702c00000, 0x0000000702d00000|  0%| F|  |TAMS 0x0000000702c00000, 0x0000000702c00000| Untracked 
|  45|0x0000000702d00000, 0x0000000702d00000, 0x0000000702e00000|  0%| F|  |TAMS 0x0000000702d00000, 0x0000000702d00000| Untracked 
|  46|0x0000000702e00000, 0x0000000702e00000, 0x0000000702f00000|  0%| F|  |TAMS 0x0000000702e00000, 0x0000000702e00000| Untracked 
|  47|0x0000000702f00000, 0x0000000702f00000, 0x0000000703000000|  0%| F|  |TAMS 0x0000000702f00000, 0x0000000702f00000| Untracked 
|  48|0x0000000703000000, 0x0000000703000000, 0x0000000703100000|  0%| F|  |TAMS 0x0000000703000000, 0x0000000703000000| Untracked 
|  49|0x0000000703100000, 0x0000000703100000, 0x0000000703200000|  0%| F|  |TAMS 0x0000000703100000, 0x0000000703100000| Untracked 
|  50|0x0000000703200000, 0x0000000703200000, 0x0000000703300000|  0%| F|  |TAMS 0x0000000703200000, 0x0000000703200000| Untracked 
|  51|0x0000000703300000, 0x0000000703300000, 0x0000000703400000|  0%| F|  |TAMS 0x0000000703300000, 0x0000000703300000| Untracked 
|  52|0x0000000703400000, 0x0000000703400000, 0x0000000703500000|  0%| F|  |TAMS 0x0000000703400000, 0x0000000703400000| Untracked 
|  53|0x0000000703500000, 0x0000000703500000, 0x0000000703600000|  0%| F|  |TAMS 0x0000000703500000, 0x0000000703500000| Untracked 
|  54|0x0000000703600000, 0x0000000703600000, 0x0000000703700000|  0%| F|  |TAMS 0x0000000703600000, 0x0000000703600000| Untracked 
|  55|0x0000000703700000, 0x0000000703700000, 0x0000000703800000|  0%| F|  |TAMS 0x0000000703700000, 0x0000000703700000| Untracked 
|  56|0x0000000703800000, 0x0000000703800000, 0x0000000703900000|  0%| F|  |TAMS 0x0000000703800000, 0x0000000703800000| Untracked 
|  57|0x0000000703900000, 0x0000000703900000, 0x0000000703a00000|  0%| F|  |TAMS 0x0000000703900000, 0x0000000703900000| Untracked 
|  58|0x0000000703a00000, 0x0000000703a00000, 0x0000000703b00000|  0%| F|  |TAMS 0x0000000703a00000, 0x0000000703a00000| Untracked 
|  59|0x0000000703b00000, 0x0000000703b00000, 0x0000000703c00000|  0%| F|  |TAMS 0x0000000703b00000, 0x0000000703b00000| Untracked 
|  60|0x0000000703c00000, 0x0000000703c00000, 0x0000000703d00000|  0%| F|  |TAMS 0x0000000703c00000, 0x0000000703c00000| Untracked 
|  61|0x0000000703d00000, 0x0000000703d00000, 0x0000000703e00000|  0%| F|  |TAMS 0x0000000703d00000, 0x0000000703d00000| Untracked 
|  62|0x0000000703e00000, 0x0000000703e00000, 0x0000000703f00000|  0%| F|  |TAMS 0x0000000703e00000, 0x0000000703e00000| Untracked 
|  63|0x0000000703f00000, 0x0000000703f00000, 0x0000000704000000|  0%| F|  |TAMS 0x0000000703f00000, 0x0000000703f00000| Untracked 
|  64|0x0000000704000000, 0x0000000704000000, 0x0000000704100000|  0%| F|  |TAMS 0x0000000704000000, 0x0000000704000000| Untracked 
|  65|0x0000000704100000, 0x0000000704100000, 0x0000000704200000|  0%| F|  |TAMS 0x0000000704100000, 0x0000000704100000| Untracked 
|  66|0x0000000704200000, 0x0000000704200000, 0x0000000704300000|  0%| F|  |TAMS 0x0000000704200000, 0x0000000704200000| Untracked 
|  67|0x0000000704300000, 0x0000000704300000, 0x0000000704400000|  0%| F|  |TAMS 0x0000000704300000, 0x0000000704300000| Untracked 
|  68|0x0000000704400000, 0x0000000704400000, 0x0000000704500000|  0%| F|  |TAMS 0x0000000704400000, 0x0000000704400000| Untracked 
|  69|0x0000000704500000, 0x0000000704500000, 0x0000000704600000|  0%| F|  |TAMS 0x0000000704500000, 0x0000000704500000| Untracked 
|  70|0x0000000704600000, 0x0000000704600000, 0x0000000704700000|  0%| F|  |TAMS 0x0000000704600000, 0x0000000704600000| Untracked 
|  71|0x0000000704700000, 0x0000000704700000, 0x0000000704800000|  0%| F|  |TAMS 0x0000000704700000, 0x0000000704700000| Untracked 
|  72|0x0000000704800000, 0x0000000704800000, 0x0000000704900000|  0%| F|  |TAMS 0x0000000704800000, 0x0000000704800000| Untracked 
|  73|0x0000000704900000, 0x0000000704900000, 0x0000000704a00000|  0%| F|  |TAMS 0x0000000704900000, 0x0000000704900000| Untracked 
|  74|0x0000000704a00000, 0x0000000704a00000, 0x0000000704b00000|  0%| F|  |TAMS 0x0000000704a00000, 0x0000000704a00000| Untracked 
|  75|0x0000000704b00000, 0x0000000704b00000, 0x0000000704c00000|  0%| F|  |TAMS 0x0000000704b00000, 0x0000000704b00000| Untracked 
|  76|0x0000000704c00000, 0x0000000704c00000, 0x0000000704d00000|  0%| F|  |TAMS 0x0000000704c00000, 0x0000000704c00000| Untracked 
|  77|0x0000000704d00000, 0x0000000704d00000, 0x0000000704e00000|  0%| F|  |TAMS 0x0000000704d00000, 0x0000000704d00000| Untracked 
|  78|0x0000000704e00000, 0x0000000704e00000, 0x0000000704f00000|  0%| F|  |TAMS 0x0000000704e00000, 0x0000000704e00000| Untracked 
|  79|0x0000000704f00000, 0x0000000704f00000, 0x0000000705000000|  0%| F|  |TAMS 0x0000000704f00000, 0x0000000704f00000| Untracked 
|  80|0x0000000705000000, 0x0000000705000000, 0x0000000705100000|  0%| F|  |TAMS 0x0000000705000000, 0x0000000705000000| Untracked 
|  81|0x0000000705100000, 0x0000000705100000, 0x0000000705200000|  0%| F|  |TAMS 0x0000000705100000, 0x0000000705100000| Untracked 
|  82|0x0000000705200000, 0x0000000705200000, 0x0000000705300000|  0%| F|  |TAMS 0x0000000705200000, 0x0000000705200000| Untracked 
|  83|0x0000000705300000, 0x0000000705300000, 0x0000000705400000|  0%| F|  |TAMS 0x0000000705300000, 0x0000000705300000| Untracked 
|  84|0x0000000705400000, 0x0000000705400000, 0x0000000705500000|  0%| F|  |TAMS 0x0000000705400000, 0x0000000705400000| Untracked 
|  85|0x0000000705500000, 0x0000000705500000, 0x0000000705600000|  0%| F|  |TAMS 0x0000000705500000, 0x0000000705500000| Untracked 
|  86|0x0000000705600000, 0x0000000705600000, 0x0000000705700000|  0%| F|  |TAMS 0x0000000705600000, 0x0000000705600000| Untracked 
|  87|0x0000000705700000, 0x0000000705700000, 0x0000000705800000|  0%| F|  |TAMS 0x0000000705700000, 0x0000000705700000| Untracked 
|  88|0x0000000705800000, 0x0000000705800000, 0x0000000705900000|  0%| F|  |TAMS 0x0000000705800000, 0x0000000705800000| Untracked 
|  89|0x0000000705900000, 0x0000000705900000, 0x0000000705a00000|  0%| F|  |TAMS 0x0000000705900000, 0x0000000705900000| Untracked 
|  90|0x0000000705a00000, 0x0000000705a00000, 0x0000000705b00000|  0%| F|  |TAMS 0x0000000705a00000, 0x0000000705a00000| Untracked 
|  91|0x0000000705b00000, 0x0000000705b00000, 0x0000000705c00000|  0%| F|  |TAMS 0x0000000705b00000, 0x0000000705b00000| Untracked 
|  92|0x0000000705c00000, 0x0000000705c00000, 0x0000000705d00000|  0%| F|  |TAMS 0x0000000705c00000, 0x0000000705c00000| Untracked 
|  93|0x0000000705d00000, 0x0000000705d00000, 0x0000000705e00000|  0%| F|  |TAMS 0x0000000705d00000, 0x0000000705d00000| Untracked 
|  94|0x0000000705e00000, 0x0000000705e00000, 0x0000000705f00000|  0%| F|  |TAMS 0x0000000705e00000, 0x0000000705e00000| Untracked 
|  95|0x0000000705f00000, 0x0000000705f00000, 0x0000000706000000|  0%| F|  |TAMS 0x0000000705f00000, 0x0000000705f00000| Untracked 
|  96|0x0000000706000000, 0x0000000706000000, 0x0000000706100000|  0%| F|  |TAMS 0x0000000706000000, 0x0000000706000000| Untracked 
|  97|0x0000000706100000, 0x0000000706100000, 0x0000000706200000|  0%| F|  |TAMS 0x0000000706100000, 0x0000000706100000| Untracked 
|  98|0x0000000706200000, 0x0000000706200000, 0x0000000706300000|  0%| F|  |TAMS 0x0000000706200000, 0x0000000706200000| Untracked 
|  99|0x0000000706300000, 0x0000000706300000, 0x0000000706400000|  0%| F|  |TAMS 0x0000000706300000, 0x0000000706300000| Untracked 
| 100|0x0000000706400000, 0x0000000706400000, 0x0000000706500000|  0%| F|  |TAMS 0x0000000706400000, 0x0000000706400000| Untracked 
| 101|0x0000000706500000, 0x0000000706500000, 0x0000000706600000|  0%| F|  |TAMS 0x0000000706500000, 0x0000000706500000| Untracked 
| 102|0x0000000706600000, 0x0000000706600000, 0x0000000706700000|  0%| F|  |TAMS 0x0000000706600000, 0x0000000706600000| Untracked 
| 103|0x0000000706700000, 0x0000000706700000, 0x0000000706800000|  0%| F|  |TAMS 0x0000000706700000, 0x0000000706700000| Untracked 
| 104|0x0000000706800000, 0x0000000706800000, 0x0000000706900000|  0%| F|  |TAMS 0x0000000706800000, 0x0000000706800000| Untracked 
| 105|0x0000000706900000, 0x0000000706900000, 0x0000000706a00000|  0%| F|  |TAMS 0x0000000706900000, 0x0000000706900000| Untracked 
| 106|0x0000000706a00000, 0x0000000706a00000, 0x0000000706b00000|  0%| F|  |TAMS 0x0000000706a00000, 0x0000000706a00000| Untracked 
| 107|0x0000000706b00000, 0x0000000706b00000, 0x0000000706c00000|  0%| F|  |TAMS 0x0000000706b00000, 0x0000000706b00000| Untracked 
| 108|0x0000000706c00000, 0x0000000706c00000, 0x0000000706d00000|  0%| F|  |TAMS 0x0000000706c00000, 0x0000000706c00000| Untracked 
| 109|0x0000000706d00000, 0x0000000706d00000, 0x0000000706e00000|  0%| F|  |TAMS 0x0000000706d00000, 0x0000000706d00000| Untracked 
| 110|0x0000000706e00000, 0x0000000706e00000, 0x0000000706f00000|  0%| F|  |TAMS 0x0000000706e00000, 0x0000000706e00000| Untracked 
| 111|0x0000000706f00000, 0x0000000706f00000, 0x0000000707000000|  0%| F|  |TAMS 0x0000000706f00000, 0x0000000706f00000| Untracked 
| 112|0x0000000707000000, 0x0000000707000000, 0x0000000707100000|  0%| F|  |TAMS 0x0000000707000000, 0x0000000707000000| Untracked 
| 113|0x0000000707100000, 0x0000000707100000, 0x0000000707200000|  0%| F|  |TAMS 0x0000000707100000, 0x0000000707100000| Untracked 
| 114|0x0000000707200000, 0x0000000707200000, 0x0000000707300000|  0%| F|  |TAMS 0x0000000707200000, 0x0000000707200000| Untracked 
| 115|0x0000000707300000, 0x0000000707300000, 0x0000000707400000|  0%| F|  |TAMS 0x0000000707300000, 0x0000000707300000| Untracked 
| 116|0x0000000707400000, 0x0000000707400000, 0x0000000707500000|  0%| F|  |TAMS 0x0000000707400000, 0x0000000707400000| Untracked 
| 117|0x0000000707500000, 0x0000000707500000, 0x0000000707600000|  0%| F|  |TAMS 0x0000000707500000, 0x0000000707500000| Untracked 
| 118|0x0000000707600000, 0x0000000707600000, 0x0000000707700000|  0%| F|  |TAMS 0x0000000707600000, 0x0000000707600000| Untracked 
| 119|0x0000000707700000, 0x0000000707700000, 0x0000000707800000|  0%| F|  |TAMS 0x0000000707700000, 0x0000000707700000| Untracked 
| 120|0x0000000707800000, 0x0000000707800000, 0x0000000707900000|  0%| F|  |TAMS 0x0000000707800000, 0x0000000707800000| Untracked 
| 121|0x0000000707900000, 0x0000000707900000, 0x0000000707a00000|  0%| F|  |TAMS 0x0000000707900000, 0x0000000707900000| Untracked 
| 122|0x0000000707a00000, 0x0000000707a00000, 0x0000000707b00000|  0%| F|  |TAMS 0x0000000707a00000, 0x0000000707a00000| Untracked 
| 123|0x0000000707b00000, 0x0000000707b00000, 0x0000000707c00000|  0%| F|  |TAMS 0x0000000707b00000, 0x0000000707b00000| Untracked 
| 124|0x0000000707c00000, 0x0000000707c00000, 0x0000000707d00000|  0%| F|  |TAMS 0x0000000707c00000, 0x0000000707c00000| Untracked 
| 125|0x0000000707d00000, 0x0000000707d00000, 0x0000000707e00000|  0%| F|  |TAMS 0x0000000707d00000, 0x0000000707d00000| Untracked 
| 126|0x0000000707e00000, 0x0000000707e00000, 0x0000000707f00000|  0%| F|  |TAMS 0x0000000707e00000, 0x0000000707e00000| Untracked 
| 127|0x0000000707f00000, 0x0000000707f00000, 0x0000000708000000|  0%| F|  |TAMS 0x0000000707f00000, 0x0000000707f00000| Untracked 
| 128|0x0000000708000000, 0x0000000708000000, 0x0000000708100000|  0%| F|  |TAMS 0x0000000708000000, 0x0000000708000000| Untracked 
| 129|0x0000000708100000, 0x0000000708100000, 0x0000000708200000|  0%| F|  |TAMS 0x0000000708100000, 0x0000000708100000| Untracked 
| 130|0x0000000708200000, 0x0000000708200000, 0x0000000708300000|  0%| F|  |TAMS 0x0000000708200000, 0x0000000708200000| Untracked 
| 131|0x0000000708300000, 0x0000000708300000, 0x0000000708400000|  0%| F|  |TAMS 0x0000000708300000, 0x0000000708300000| Untracked 
| 132|0x0000000708400000, 0x0000000708400000, 0x0000000708500000|  0%| F|  |TAMS 0x0000000708400000, 0x0000000708400000| Untracked 
| 133|0x0000000708500000, 0x0000000708500000, 0x0000000708600000|  0%| F|  |TAMS 0x0000000708500000, 0x0000000708500000| Untracked 
| 134|0x0000000708600000, 0x0000000708600000, 0x0000000708700000|  0%| F|  |TAMS 0x0000000708600000, 0x0000000708600000| Untracked 
| 135|0x0000000708700000, 0x0000000708700000, 0x0000000708800000|  0%| F|  |TAMS 0x0000000708700000, 0x0000000708700000| Untracked 
| 136|0x0000000708800000, 0x0000000708800000, 0x0000000708900000|  0%| F|  |TAMS 0x0000000708800000, 0x0000000708800000| Untracked 
| 137|0x0000000708900000, 0x0000000708900000, 0x0000000708a00000|  0%| F|  |TAMS 0x0000000708900000, 0x0000000708900000| Untracked 
| 138|0x0000000708a00000, 0x0000000708a00000, 0x0000000708b00000|  0%| F|  |TAMS 0x0000000708a00000, 0x0000000708a00000| Untracked 
| 139|0x0000000708b00000, 0x0000000708b00000, 0x0000000708c00000|  0%| F|  |TAMS 0x0000000708b00000, 0x0000000708b00000| Untracked 
| 140|0x0000000708c00000, 0x0000000708c00000, 0x0000000708d00000|  0%| F|  |TAMS 0x0000000708c00000, 0x0000000708c00000| Untracked 
| 141|0x0000000708d00000, 0x0000000708d00000, 0x0000000708e00000|  0%| F|  |TAMS 0x0000000708d00000, 0x0000000708d00000| Untracked 
| 142|0x0000000708e00000, 0x0000000708e00000, 0x0000000708f00000|  0%| F|  |TAMS 0x0000000708e00000, 0x0000000708e00000| Untracked 
| 143|0x0000000708f00000, 0x0000000708f00000, 0x0000000709000000|  0%| F|  |TAMS 0x0000000708f00000, 0x0000000708f00000| Untracked 
| 144|0x0000000709000000, 0x0000000709000000, 0x0000000709100000|  0%| F|  |TAMS 0x0000000709000000, 0x0000000709000000| Untracked 
| 145|0x0000000709100000, 0x0000000709100000, 0x0000000709200000|  0%| F|  |TAMS 0x0000000709100000, 0x0000000709100000| Untracked 
| 146|0x0000000709200000, 0x0000000709200000, 0x0000000709300000|  0%| F|  |TAMS 0x0000000709200000, 0x0000000709200000| Untracked 
| 147|0x0000000709300000, 0x0000000709300000, 0x0000000709400000|  0%| F|  |TAMS 0x0000000709300000, 0x0000000709300000| Untracked 
| 148|0x0000000709400000, 0x0000000709400000, 0x0000000709500000|  0%| F|  |TAMS 0x0000000709400000, 0x0000000709400000| Untracked 
| 149|0x0000000709500000, 0x0000000709500000, 0x0000000709600000|  0%| F|  |TAMS 0x0000000709500000, 0x0000000709500000| Untracked 
| 150|0x0000000709600000, 0x0000000709600000, 0x0000000709700000|  0%| F|  |TAMS 0x0000000709600000, 0x0000000709600000| Untracked 
| 151|0x0000000709700000, 0x0000000709700000, 0x0000000709800000|  0%| F|  |TAMS 0x0000000709700000, 0x0000000709700000| Untracked 
| 152|0x0000000709800000, 0x0000000709800000, 0x0000000709900000|  0%| F|  |TAMS 0x0000000709800000, 0x0000000709800000| Untracked 
| 153|0x0000000709900000, 0x0000000709900000, 0x0000000709a00000|  0%| F|  |TAMS 0x0000000709900000, 0x0000000709900000| Untracked 
| 154|0x0000000709a00000, 0x0000000709a00000, 0x0000000709b00000|  0%| F|  |TAMS 0x0000000709a00000, 0x0000000709a00000| Untracked 
| 155|0x0000000709b00000, 0x0000000709b00000, 0x0000000709c00000|  0%| F|  |TAMS 0x0000000709b00000, 0x0000000709b00000| Untracked 
| 156|0x0000000709c00000, 0x0000000709c00000, 0x0000000709d00000|  0%| F|  |TAMS 0x0000000709c00000, 0x0000000709c00000| Untracked 
| 157|0x0000000709d00000, 0x0000000709d00000, 0x0000000709e00000|  0%| F|  |TAMS 0x0000000709d00000, 0x0000000709d00000| Untracked 
| 158|0x0000000709e00000, 0x0000000709e00000, 0x0000000709f00000|  0%| F|  |TAMS 0x0000000709e00000, 0x0000000709e00000| Untracked 
| 159|0x0000000709f00000, 0x0000000709f00000, 0x000000070a000000|  0%| F|  |TAMS 0x0000000709f00000, 0x0000000709f00000| Untracked 
| 160|0x000000070a000000, 0x000000070a000000, 0x000000070a100000|  0%| F|  |TAMS 0x000000070a000000, 0x000000070a000000| Untracked 
| 161|0x000000070a100000, 0x000000070a100000, 0x000000070a200000|  0%| F|  |TAMS 0x000000070a100000, 0x000000070a100000| Untracked 
| 162|0x000000070a200000, 0x000000070a200000, 0x000000070a300000|  0%| F|  |TAMS 0x000000070a200000, 0x000000070a200000| Untracked 
| 163|0x000000070a300000, 0x000000070a300000, 0x000000070a400000|  0%| F|  |TAMS 0x000000070a300000, 0x000000070a300000| Untracked 
| 164|0x000000070a400000, 0x000000070a400000, 0x000000070a500000|  0%| F|  |TAMS 0x000000070a400000, 0x000000070a400000| Untracked 
| 165|0x000000070a500000, 0x000000070a500000, 0x000000070a600000|  0%| F|  |TAMS 0x000000070a500000, 0x000000070a500000| Untracked 
| 166|0x000000070a600000, 0x000000070a600000, 0x000000070a700000|  0%| F|  |TAMS 0x000000070a600000, 0x000000070a600000| Untracked 
| 167|0x000000070a700000, 0x000000070a700000, 0x000000070a800000|  0%| F|  |TAMS 0x000000070a700000, 0x000000070a700000| Untracked 
| 168|0x000000070a800000, 0x000000070a800000, 0x000000070a900000|  0%| F|  |TAMS 0x000000070a800000, 0x000000070a800000| Untracked 
| 169|0x000000070a900000, 0x000000070a900000, 0x000000070aa00000|  0%| F|  |TAMS 0x000000070a900000, 0x000000070a900000| Untracked 
| 170|0x000000070aa00000, 0x000000070aa00000, 0x000000070ab00000|  0%| F|  |TAMS 0x000000070aa00000, 0x000000070aa00000| Untracked 
| 171|0x000000070ab00000, 0x000000070ab00000, 0x000000070ac00000|  0%| F|  |TAMS 0x000000070ab00000, 0x000000070ab00000| Untracked 
| 172|0x000000070ac00000, 0x000000070ac00000, 0x000000070ad00000|  0%| F|  |TAMS 0x000000070ac00000, 0x000000070ac00000| Untracked 
| 173|0x000000070ad00000, 0x000000070ad00000, 0x000000070ae00000|  0%| F|  |TAMS 0x000000070ad00000, 0x000000070ad00000| Untracked 
| 174|0x000000070ae00000, 0x000000070ae00000, 0x000000070af00000|  0%| F|  |TAMS 0x000000070ae00000, 0x000000070ae00000| Untracked 
| 175|0x000000070af00000, 0x000000070af00000, 0x000000070b000000|  0%| F|  |TAMS 0x000000070af00000, 0x000000070af00000| Untracked 
| 176|0x000000070b000000, 0x000000070b000000, 0x000000070b100000|  0%| F|  |TAMS 0x000000070b000000, 0x000000070b000000| Untracked 
| 177|0x000000070b100000, 0x000000070b100000, 0x000000070b200000|  0%| F|  |TAMS 0x000000070b100000, 0x000000070b100000| Untracked 
| 178|0x000000070b200000, 0x000000070b200000, 0x000000070b300000|  0%| F|  |TAMS 0x000000070b200000, 0x000000070b200000| Untracked 
| 179|0x000000070b300000, 0x000000070b300000, 0x000000070b400000|  0%| F|  |TAMS 0x000000070b300000, 0x000000070b300000| Untracked 
| 180|0x000000070b400000, 0x000000070b400000, 0x000000070b500000|  0%| F|  |TAMS 0x000000070b400000, 0x000000070b400000| Untracked 
| 181|0x000000070b500000, 0x000000070b500000, 0x000000070b600000|  0%| F|  |TAMS 0x000000070b500000, 0x000000070b500000| Untracked 
| 182|0x000000070b600000, 0x000000070b600000, 0x000000070b700000|  0%| F|  |TAMS 0x000000070b600000, 0x000000070b600000| Untracked 
| 183|0x000000070b700000, 0x000000070b700000, 0x000000070b800000|  0%| F|  |TAMS 0x000000070b700000, 0x000000070b700000| Untracked 
| 184|0x000000070b800000, 0x000000070b800000, 0x000000070b900000|  0%| F|  |TAMS 0x000000070b800000, 0x000000070b800000| Untracked 
| 185|0x000000070b900000, 0x000000070b900000, 0x000000070ba00000|  0%| F|  |TAMS 0x000000070b900000, 0x000000070b900000| Untracked 
| 186|0x000000070ba00000, 0x000000070ba00000, 0x000000070bb00000|  0%| F|  |TAMS 0x000000070ba00000, 0x000000070ba00000| Untracked 
| 187|0x000000070bb00000, 0x000000070bb00000, 0x000000070bc00000|  0%| F|  |TAMS 0x000000070bb00000, 0x000000070bb00000| Untracked 
| 188|0x000000070bc00000, 0x000000070bc00000, 0x000000070bd00000|  0%| F|  |TAMS 0x000000070bc00000, 0x000000070bc00000| Untracked 
| 189|0x000000070bd00000, 0x000000070bd00000, 0x000000070be00000|  0%| F|  |TAMS 0x000000070bd00000, 0x000000070bd00000| Untracked 
| 190|0x000000070be00000, 0x000000070be00000, 0x000000070bf00000|  0%| F|  |TAMS 0x000000070be00000, 0x000000070be00000| Untracked 
| 191|0x000000070bf00000, 0x000000070bf00000, 0x000000070c000000|  0%| F|  |TAMS 0x000000070bf00000, 0x000000070bf00000| Untracked 
| 192|0x000000070c000000, 0x000000070c000000, 0x000000070c100000|  0%| F|  |TAMS 0x000000070c000000, 0x000000070c000000| Untracked 
| 193|0x000000070c100000, 0x000000070c100000, 0x000000070c200000|  0%| F|  |TAMS 0x000000070c100000, 0x000000070c100000| Untracked 
| 194|0x000000070c200000, 0x000000070c200000, 0x000000070c300000|  0%| F|  |TAMS 0x000000070c200000, 0x000000070c200000| Untracked 
| 195|0x000000070c300000, 0x000000070c300000, 0x000000070c400000|  0%| F|  |TAMS 0x000000070c300000, 0x000000070c300000| Untracked 
| 196|0x000000070c400000, 0x000000070c400000, 0x000000070c500000|  0%| F|  |TAMS 0x000000070c400000, 0x000000070c400000| Untracked 
| 197|0x000000070c500000, 0x000000070c500000, 0x000000070c600000|  0%| F|  |TAMS 0x000000070c500000, 0x000000070c500000| Untracked 
| 198|0x000000070c600000, 0x000000070c600000, 0x000000070c700000|  0%| F|  |TAMS 0x000000070c600000, 0x000000070c600000| Untracked 
| 199|0x000000070c700000, 0x000000070c700000, 0x000000070c800000|  0%| F|  |TAMS 0x000000070c700000, 0x000000070c700000| Untracked 
| 200|0x000000070c800000, 0x000000070c800000, 0x000000070c900000|  0%| F|  |TAMS 0x000000070c800000, 0x000000070c800000| Untracked 
| 201|0x000000070c900000, 0x000000070c900000, 0x000000070ca00000|  0%| F|  |TAMS 0x000000070c900000, 0x000000070c900000| Untracked 
| 202|0x000000070ca00000, 0x000000070ca00000, 0x000000070cb00000|  0%| F|  |TAMS 0x000000070ca00000, 0x000000070ca00000| Untracked 
| 203|0x000000070cb00000, 0x000000070cb00000, 0x000000070cc00000|  0%| F|  |TAMS 0x000000070cb00000, 0x000000070cb00000| Untracked 
| 204|0x000000070cc00000, 0x000000070cc00000, 0x000000070cd00000|  0%| F|  |TAMS 0x000000070cc00000, 0x000000070cc00000| Untracked 
| 205|0x000000070cd00000, 0x000000070cd00000, 0x000000070ce00000|  0%| F|  |TAMS 0x000000070cd00000, 0x000000070cd00000| Untracked 
| 206|0x000000070ce00000, 0x000000070ce00000, 0x000000070cf00000|  0%| F|  |TAMS 0x000000070ce00000, 0x000000070ce00000| Untracked 
| 207|0x000000070cf00000, 0x000000070cf00000, 0x000000070d000000|  0%| F|  |TAMS 0x000000070cf00000, 0x000000070cf00000| Untracked 
| 208|0x000000070d000000, 0x000000070d000000, 0x000000070d100000|  0%| F|  |TAMS 0x000000070d000000, 0x000000070d000000| Untracked 
| 209|0x000000070d100000, 0x000000070d100000, 0x000000070d200000|  0%| F|  |TAMS 0x000000070d100000, 0x000000070d100000| Untracked 
| 210|0x000000070d200000, 0x000000070d200000, 0x000000070d300000|  0%| F|  |TAMS 0x000000070d200000, 0x000000070d200000| Untracked 
| 211|0x000000070d300000, 0x000000070d300000, 0x000000070d400000|  0%| F|  |TAMS 0x000000070d300000, 0x000000070d300000| Untracked 
| 212|0x000000070d400000, 0x000000070d400000, 0x000000070d500000|  0%| F|  |TAMS 0x000000070d400000, 0x000000070d400000| Untracked 
| 213|0x000000070d500000, 0x000000070d500000, 0x000000070d600000|  0%| F|  |TAMS 0x000000070d500000, 0x000000070d500000| Untracked 
| 214|0x000000070d600000, 0x000000070d600000, 0x000000070d700000|  0%| F|  |TAMS 0x000000070d600000, 0x000000070d600000| Untracked 
| 215|0x000000070d700000, 0x000000070d700000, 0x000000070d800000|  0%| F|  |TAMS 0x000000070d700000, 0x000000070d700000| Untracked 
| 216|0x000000070d800000, 0x000000070d800000, 0x000000070d900000|  0%| F|  |TAMS 0x000000070d800000, 0x000000070d800000| Untracked 
| 217|0x000000070d900000, 0x000000070d900000, 0x000000070da00000|  0%| F|  |TAMS 0x000000070d900000, 0x000000070d900000| Untracked 
| 218|0x000000070da00000, 0x000000070da00000, 0x000000070db00000|  0%| F|  |TAMS 0x000000070da00000, 0x000000070da00000| Untracked 
| 219|0x000000070db00000, 0x000000070db00000, 0x000000070dc00000|  0%| F|  |TAMS 0x000000070db00000, 0x000000070db00000| Untracked 
| 220|0x000000070dc00000, 0x000000070dc00000, 0x000000070dd00000|  0%| F|  |TAMS 0x000000070dc00000, 0x000000070dc00000| Untracked 
| 221|0x000000070dd00000, 0x000000070dd00000, 0x000000070de00000|  0%| F|  |TAMS 0x000000070dd00000, 0x000000070dd00000| Untracked 
| 222|0x000000070de00000, 0x000000070de00000, 0x000000070df00000|  0%| F|  |TAMS 0x000000070de00000, 0x000000070de00000| Untracked 
| 223|0x000000070df00000, 0x000000070df00000, 0x000000070e000000|  0%| F|  |TAMS 0x000000070df00000, 0x000000070df00000| Untracked 
| 224|0x000000070e000000, 0x000000070e000000, 0x000000070e100000|  0%| F|  |TAMS 0x000000070e000000, 0x000000070e000000| Untracked 
| 225|0x000000070e100000, 0x000000070e100000, 0x000000070e200000|  0%| F|  |TAMS 0x000000070e100000, 0x000000070e100000| Untracked 
| 226|0x000000070e200000, 0x000000070e200000, 0x000000070e300000|  0%| F|  |TAMS 0x000000070e200000, 0x000000070e200000| Untracked 
| 227|0x000000070e300000, 0x000000070e300000, 0x000000070e400000|  0%| F|  |TAMS 0x000000070e300000, 0x000000070e300000| Untracked 
| 228|0x000000070e400000, 0x000000070e400000, 0x000000070e500000|  0%| F|  |TAMS 0x000000070e400000, 0x000000070e400000| Untracked 
| 229|0x000000070e500000, 0x000000070e500000, 0x000000070e600000|  0%| F|  |TAMS 0x000000070e500000, 0x000000070e500000| Untracked 
| 230|0x000000070e600000, 0x000000070e600000, 0x000000070e700000|  0%| F|  |TAMS 0x000000070e600000, 0x000000070e600000| Untracked 
| 231|0x000000070e700000, 0x000000070e700000, 0x000000070e800000|  0%| F|  |TAMS 0x000000070e700000, 0x000000070e700000| Untracked 
| 232|0x000000070e800000, 0x000000070e800000, 0x000000070e900000|  0%| F|  |TAMS 0x000000070e800000, 0x000000070e800000| Untracked 
| 233|0x000000070e900000, 0x000000070e900000, 0x000000070ea00000|  0%| F|  |TAMS 0x000000070e900000, 0x000000070e900000| Untracked 
| 234|0x000000070ea00000, 0x000000070ea00000, 0x000000070eb00000|  0%| F|  |TAMS 0x000000070ea00000, 0x000000070ea00000| Untracked 
| 235|0x000000070eb00000, 0x000000070eb00000, 0x000000070ec00000|  0%| F|  |TAMS 0x000000070eb00000, 0x000000070eb00000| Untracked 
| 236|0x000000070ec00000, 0x000000070ec00000, 0x000000070ed00000|  0%| F|  |TAMS 0x000000070ec00000, 0x000000070ec00000| Untracked 
| 237|0x000000070ed00000, 0x000000070ed00000, 0x000000070ee00000|  0%| F|  |TAMS 0x000000070ed00000, 0x000000070ed00000| Untracked 
| 238|0x000000070ee00000, 0x000000070ee00000, 0x000000070ef00000|  0%| F|  |TAMS 0x000000070ee00000, 0x000000070ee00000| Untracked 
| 239|0x000000070ef00000, 0x000000070ef00000, 0x000000070f000000|  0%| F|  |TAMS 0x000000070ef00000, 0x000000070ef00000| Untracked 
| 240|0x000000070f000000, 0x000000070f000000, 0x000000070f100000|  0%| F|  |TAMS 0x000000070f000000, 0x000000070f000000| Untracked 
| 241|0x000000070f100000, 0x000000070f100000, 0x000000070f200000|  0%| F|  |TAMS 0x000000070f100000, 0x000000070f100000| Untracked 
| 242|0x000000070f200000, 0x000000070f200000, 0x000000070f300000|  0%| F|  |TAMS 0x000000070f200000, 0x000000070f200000| Untracked 
| 243|0x000000070f300000, 0x000000070f300000, 0x000000070f400000|  0%| F|  |TAMS 0x000000070f300000, 0x000000070f300000| Untracked 
| 244|0x000000070f400000, 0x000000070f400000, 0x000000070f500000|  0%| F|  |TAMS 0x000000070f400000, 0x000000070f400000| Untracked 
| 245|0x000000070f500000, 0x000000070f500000, 0x000000070f600000|  0%| F|  |TAMS 0x000000070f500000, 0x000000070f500000| Untracked 
| 246|0x000000070f600000, 0x000000070f600000, 0x000000070f700000|  0%| F|  |TAMS 0x000000070f600000, 0x000000070f600000| Untracked 
| 247|0x000000070f700000, 0x000000070f700000, 0x000000070f800000|  0%| F|  |TAMS 0x000000070f700000, 0x000000070f700000| Untracked 
| 248|0x000000070f800000, 0x000000070f800000, 0x000000070f900000|  0%| F|  |TAMS 0x000000070f800000, 0x000000070f800000| Untracked 
| 249|0x000000070f900000, 0x000000070f900000, 0x000000070fa00000|  0%| F|  |TAMS 0x000000070f900000, 0x000000070f900000| Untracked 
| 250|0x000000070fa00000, 0x000000070fa00000, 0x000000070fb00000|  0%| F|  |TAMS 0x000000070fa00000, 0x000000070fa00000| Untracked 
| 251|0x000000070fb00000, 0x000000070fb00000, 0x000000070fc00000|  0%| F|  |TAMS 0x000000070fb00000, 0x000000070fb00000| Untracked 
| 252|0x000000070fc00000, 0x000000070fc06a58, 0x000000070fd00000|  2%| E|  |TAMS 0x000000070fc00000, 0x000000070fc00000| Complete 
| 253|0x000000070fd00000, 0x000000070fe00000, 0x000000070fe00000|100%| E|CS|TAMS 0x000000070fd00000, 0x000000070fd00000| Complete 
| 254|0x000000070fe00000, 0x000000070ff00000, 0x000000070ff00000|100%| E|  |TAMS 0x000000070fe00000, 0x000000070fe00000| Complete 
| 255|0x000000070ff00000, 0x0000000710000000, 0x0000000710000000|100%| E|CS|TAMS 0x000000070ff00000, 0x000000070ff00000| Complete 

Card table byte_map: [0x0000000127c96000,0x0000000128496000] _byte_map_base: 0x0000000124496000

Marking Bits (Prev, Next): (CMBitMap*) 0x00007fed66014018, (CMBitMap*) 0x00007fed66014050
 Prev Bits: [0x0000000128c96000, 0x000000012cc96000)
 Next Bits: [0x000000012cc96000, 0x0000000130c96000)

Polling page: 0x00000001049d5000

Metaspace:

Usage:
  Non-class:      5.59 MB capacity,     5.47 MB ( 98%) used,   119.66 KB (  2%) free+waste,     2.25 KB ( <1%) overhead. 
      Class:    528.00 KB capacity,   484.24 KB ( 92%) used,    42.88 KB (  8%) free+waste,   896 bytes ( <1%) overhead. 
       Both:      6.11 MB capacity,     5.95 MB ( 97%) used,   162.55 KB (  3%) free+waste,     3.12 KB ( <1%) overhead. 

Virtual space:
  Non-class space:        8.00 MB reserved,       5.75 MB ( 72%) committed 
      Class space:        1.00 GB reserved,     640.00 KB ( <1%) committed 
             Both:        1.01 GB reserved,       6.38 MB ( <1%) committed 

Chunk freelists:
   Non-Class:  9.00 KB
       Class:  16.00 KB
        Both:  25.00 KB

MaxMetaspaceSize: unlimited
CompressedClassSpaceSize: 1.00 GB
Initial GC threshold: 20.80 MB
Current GC threshold: 20.80 MB
CDS: off

CodeHeap 'non-profiled nmethods': size=120032Kb used=52Kb max_used=52Kb free=119979Kb
 bounds [0x000000012075e000, 0x00000001209ce000, 0x0000000127c96000]
CodeHeap 'profiled nmethods': size=120028Kb used=223Kb max_used=223Kb free=119804Kb
 bounds [0x0000000119227000, 0x0000000119497000, 0x000000012075e000]
CodeHeap 'non-nmethods': size=5700Kb used=1082Kb max_used=1094Kb free=4617Kb
 bounds [0x0000000118c96000, 0x0000000118f06000, 0x0000000119227000]
 total_blobs=519 nmethods=192 adapters=242
 compilation: enabled
              stopped_count=0, restarted_count=0
 full_count=0

Compilation events (20 events):
Event: 0.159 Thread 0x00007fed64819800  183       3       java.util.Objects::checkIndex (7 bytes)
Event: 0.159 Thread 0x00007fed64819800 nmethod 183 0x0000000119259290 code [0x00000001192594a0, 0x0000000119259b40]
Event: 0.159 Thread 0x00007fed64819000  184       4       java.lang.String::coder (15 bytes)
Event: 0.160 Thread 0x00007fed64819000 nmethod 184 0x000000012076ac90 code [0x000000012076ae20, 0x000000012076ae78]
Event: 0.160 Thread 0x00007fed64819800  185       3       java.nio.Buffer::hasRemaining (17 bytes)
Event: 0.160 Thread 0x00007fed64819800 nmethod 185 0x0000000119259d90 code [0x0000000119259f40, 0x000000011925a090]
Event: 0.160 Thread 0x00007fed64819800  186   !   3       java.nio.DirectByteBuffer::get (28 bytes)
Event: 0.160 Thread 0x00007fed64819800 nmethod 186 0x000000011925a110 code [0x000000011925a300, 0x000000011925a6e0]
Event: 0.160 Thread 0x00007fed64819800  187       3       java.nio.Buffer::nextGetIndex (30 bytes)
Event: 0.160 Thread 0x00007fed64819800 nmethod 187 0x000000011925a910 code [0x000000011925aae0, 0x000000011925aca0]
Event: 0.161 Thread 0x00007fed64819800  188       3       java.util.zip.ZipFile::ensureOpen (38 bytes)
Event: 0.161 Thread 0x00007fed64819800 nmethod 188 0x000000011925ad90 code [0x000000011925af80, 0x000000011925b2d0]
Event: 0.161 Thread 0x00007fed64819800  189       1       java.net.URL::getFile (5 bytes)
Event: 0.162 Thread 0x00007fed64819800 nmethod 189 0x000000012076af90 code [0x000000012076b140, 0x000000012076b1f0]
Event: 0.164 Thread 0x00007fed64819800  190       3       java.util.zip.ZipFile$Source::getEntryPos (206 bytes)
Event: 0.164 Thread 0x00007fed64819800 nmethod 190 0x000000011925b410 code [0x000000011925b6a0, 0x000000011925c460]
Event: 0.164 Thread 0x00007fed64819800  191   !   3       java.util.jar.JarFile::checkForSpecialAttributes (163 bytes)
Event: 0.165 Thread 0x00007fed64819800 nmethod 191 0x000000011925ca90 code [0x000000011925cdc0, 0x000000011925e170]
Event: 0.165 Thread 0x00007fed64819800  192   !   3       java.util.jar.JarFile::isMultiRelease (33 bytes)
Event: 0.165 Thread 0x00007fed64819800 nmethod 192 0x000000011925e990 code [0x000000011925eb60, 0x000000011925ed40]

GC Heap History (0 events):
No events

Deoptimization events (4 events):
Event: 0.098 Thread 0x00007fed66010000 Uncommon trap: trap_request=0xffffff4d fr.pc=0x0000000120762d28 relative=0x0000000000000188
Event: 0.098 Thread 0x00007fed66010000 Uncommon trap: reason=unstable_if action=reinterpret pc=0x0000000120762d28 method=java.lang.String.hashCode()I @ 14 c2
Event: 0.098 Thread 0x00007fed66010000 DEOPT PACKING pc=0x0000000120762d28 sp=0x000000030d6034d0
Event: 0.098 Thread 0x00007fed66010000 DEOPT UNPACKING pc=0x0000000118cdfe9f sp=0x000000030d603488 mode 2

Classes redefined (0 events):
No events

Internal exceptions (0 events):
No events

Events (20 events):
Event: 0.158 loading class java/lang/IllegalStateException
Event: 0.158 loading class java/lang/IllegalStateException done
Event: 0.158 loading class oracle/jdbc/internal/OracleConnection
Event: 0.158 loading class oracle/jdbc/internal/OracleConnection done
Event: 0.159 loading class oracle/jdbc/OracleConnection
Event: 0.159 loading class oracle/jdbc/OracleConnection done
Event: 0.161 loading class oracle/jdbc/internal/ACProxyable
Event: 0.161 loading class oracle/jdbc/internal/ACProxyable done
Event: 0.163 loading class java/lang/PublicMethods$MethodList
Event: 0.163 loading class java/lang/PublicMethods$MethodList done
Event: 0.164 loading class oracle/jdbc/driver/OracleConnection
Event: 0.164 loading class oracle/jdbc/driver/OracleConnection done
Event: 0.164 loading class oracle/jdbc/internal/ClientDataSupport
Event: 0.164 loading class oracle/jdbc/internal/ClientDataSupport done
Event: 0.164 loading class oracle/jdbc/OracleConnectionWrapper
Event: 0.164 loading class oracle/jdbc/OracleConnectionWrapper done
Event: 0.166 loading class java/lang/PublicMethods$Key
Event: 0.166 loading class java/lang/PublicMethods$Key done
Event: 0.166 loading class java/lang/Class$EnclosingMethodInfo
Event: 0.166 loading class java/lang/Class$EnclosingMethodInfo done


Dynamic libraries:
0x000000010d32d000 	/Library/Java/JavaVirtualMachines/zulu-11.jdk/Contents/Home/lib/jli/libjli.dylib
0x00007ff820126000 	/System/Library/Frameworks/Cocoa.framework/Versions/A/Cocoa
0x00007ff807f5b000 	/System/Library/Frameworks/AppKit.framework/Versions/C/AppKit
0x00007ff80b2c1000 	/System/Library/Frameworks/CoreData.framework/Versions/A/CoreData
0x00007ff80587e000 	/System/Library/Frameworks/Foundation.framework/Versions/C/Foundation
0x00007ff81221d000 	/usr/lib/libSystem.B.dylib
0x00007ff80938a000 	/System/Library/PrivateFrameworks/UIFoundation.framework/Versions/A/UIFoundation
0x00007ffb0e21e000 	/System/Library/PrivateFrameworks/CollectionViewCore.framework/Versions/A/CollectionViewCore
0x00007ff8198f6000 	/System/Library/PrivateFrameworks/RemoteViewServices.framework/Versions/A/RemoteViewServices
0x00007ff80fb3a000 	/System/Library/PrivateFrameworks/XCTTargetBootstrap.framework/Versions/A/XCTTargetBootstrap
0x00007ff814cf4000 	/System/Library/PrivateFrameworks/InternationalSupport.framework/Versions/A/InternationalSupport
0x00007ff814d48000 	/System/Library/PrivateFrameworks/UserActivity.framework/Versions/A/UserActivity
0x00007ffc10cf2000 	/System/Library/PrivateFrameworks/WindowManagement.framework/Versions/A/WindowManagement
0x00007ff80552d000 	/System/Library/Frameworks/SystemConfiguration.framework/Versions/A/SystemConfiguration
0x00007ff81406b000 	/usr/lib/libspindump.dylib
0x00007ff809567000 	/System/Library/Frameworks/UniformTypeIdentifiers.framework/Versions/A/UniformTypeIdentifiers
0x00007ff80db27000 	/usr/lib/libapp_launch_measurement.dylib
0x00007ff80c80b000 	/System/Library/PrivateFrameworks/CoreAnalytics.framework/Versions/A/CoreAnalytics
0x00007ff80db2a000 	/System/Library/PrivateFrameworks/CoreAutoLayout.framework/Versions/A/CoreAutoLayout
0x00007ff80f3a6000 	/System/Library/Frameworks/Metal.framework/Versions/A/Metal
0x00007ff810345000 	/usr/lib/liblangid.dylib
0x00007ff80fb3f000 	/System/Library/PrivateFrameworks/CoreSVG.framework/Versions/A/CoreSVG
0x00007ff809f24000 	/System/Library/PrivateFrameworks/SkyLight.framework/Versions/A/SkyLight
0x00007ff80a386000 	/System/Library/Frameworks/CoreGraphics.framework/Versions/A/CoreGraphics
0x00007ff819fca000 	/System/Library/Frameworks/Accelerate.framework/Versions/A/Accelerate
0x00007ff813ecb000 	/System/Library/PrivateFrameworks/IconServices.framework/Versions/A/IconServices
0x00007ff80f387000 	/System/Library/Frameworks/IOSurface.framework/Versions/A/IOSurface
0x00007ff80c837000 	/usr/lib/libDiagnosticMessagesClient.dylib
0x00007ff812135000 	/usr/lib/libz.1.dylib
0x00007ff81d9f7000 	/System/Library/Frameworks/ApplicationServices.framework/Versions/A/ApplicationServices
0x00007ff80fb27000 	/System/Library/PrivateFrameworks/DFRFoundation.framework/Versions/A/DFRFoundation
0x00007ff807809000 	/usr/lib/libicucore.A.dylib
0x00007ff815c96000 	/System/Library/Frameworks/AudioToolbox.framework/Versions/A/AudioToolbox
0x00007ff814d03000 	/System/Library/PrivateFrameworks/DataDetectorsCore.framework/Versions/A/DataDetectorsCore
0x00007ff90f1b4000 	/System/Library/PrivateFrameworks/TextInput.framework/Versions/A/TextInput
0x00007ff809e7d000 	/usr/lib/libMobileGestalt.dylib
0x00007ff80f88c000 	/System/Library/Frameworks/Carbon.framework/Versions/A/Frameworks/HIToolbox.framework/Versions/A/HIToolbox
0x00007ff80d483000 	/System/Library/Frameworks/QuartzCore.framework/Versions/A/QuartzCore
0x00007ff80745b000 	/System/Library/Frameworks/Security.framework/Versions/A/Security
0x00007ff81992e000 	/System/Library/Frameworks/Carbon.framework/Versions/A/Frameworks/SpeechRecognition.framework/Versions/A/SpeechRecognition
0x00007ff80d85a000 	/System/Library/PrivateFrameworks/CoreUI.framework/Versions/A/CoreUI
0x00007ff806d2f000 	/System/Library/Frameworks/CoreAudio.framework/Versions/A/CoreAudio
0x00007ff80c917000 	/System/Library/Frameworks/DiskArbitration.framework/Versions/A/DiskArbitration
0x00007ff81449c000 	/System/Library/PrivateFrameworks/MultitouchSupport.framework/Versions/A/MultitouchSupport
0x00007ff809e7c000 	/usr/lib/libenergytrace.dylib
0x00007ff904a74000 	/System/Library/PrivateFrameworks/RenderBox.framework/Versions/A/RenderBox
0x00007ff807e32000 	/System/Library/Frameworks/IOKit.framework/Versions/A/IOKit
0x00007ff819d02000 	/System/Library/Frameworks/CoreServices.framework/Versions/A/CoreServices
0x00007ff80dabf000 	/System/Library/PrivateFrameworks/PerformanceAnalysis.framework/Versions/A/PerformanceAnalysis
0x00007ffa1e2f9000 	/System/Library/Frameworks/OpenGL.framework/Versions/A/OpenGL
0x00007ff80db73000 	/usr/lib/libxml2.2.dylib
0x00007ff811408000 	/System/Library/PrivateFrameworks/MobileKeyBag.framework/Versions/A/MobileKeyBag
0x00007ff804518000 	/usr/lib/libobjc.A.dylib
0x00007ff80481a000 	/usr/lib/libc++.1.dylib
0x00007ff819c7e000 	/System/Library/Frameworks/Accessibility.framework/Versions/A/Accessibility
0x00007ff80ac1b000 	/System/Library/Frameworks/ColorSync.framework/Versions/A/ColorSync
0x00007ff80494d000 	/System/Library/Frameworks/CoreFoundation.framework/Versions/A/CoreFoundation
0x00007ff80feb2000 	/System/Library/Frameworks/CoreImage.framework/Versions/A/CoreImage
0x00007ff806b28000 	/System/Library/Frameworks/CoreText.framework/Versions/A/CoreText
0x00007ffb04518000 	/System/Library/Frameworks/CoreTransferable.framework/Versions/A/CoreTransferable
0x00007ffb0491d000 	/System/Library/Frameworks/DeveloperToolsSupport.framework/Versions/A/DeveloperToolsSupport
0x00007ff80fb78000 	/System/Library/Frameworks/ImageIO.framework/Versions/A/ImageIO
0x00007ffb08bb7000 	/System/Library/Frameworks/Symbols.framework/Versions/A/Symbols
0x00007ff812222000 	/System/Library/PrivateFrameworks/SoftLinking.framework/Versions/A/SoftLinking
0x00007ff815706000 	/usr/lib/swift/libswiftCore.dylib
0x00007ff90bd79000 	/usr/lib/swift/libswiftCoreFoundation.dylib
0x00007ff9099d5000 	/usr/lib/swift/libswiftCoreGraphics.dylib
0x00007ff90bdb7000 	/usr/lib/swift/libswiftCoreImage.dylib
0x00007ff9099dc000 	/usr/lib/swift/libswiftDarwin.dylib
0x00007ff81b66e000 	/usr/lib/swift/libswiftDispatch.dylib
0x00007ff90bdb8000 	/usr/lib/swift/libswiftIOKit.dylib
0x00007ff917e02000 	/usr/lib/swift/libswiftMetal.dylib
0x00007ffa05508000 	/usr/lib/swift/libswiftOSLog.dylib
0x00007ff81de63000 	/usr/lib/swift/libswiftObjectiveC.dylib
0x00007ff91c3a8000 	/usr/lib/swift/libswiftQuartzCore.dylib
0x00007ff9204b1000 	/usr/lib/swift/libswiftUniformTypeIdentifiers.dylib
0x00007ff90bd89000 	/usr/lib/swift/libswiftXPC.dylib
0x00007ffc193bb000 	/usr/lib/swift/libswift_Concurrency.dylib
0x00007ff81de67000 	/usr/lib/swift/libswiftos.dylib
0x00007ff90f116000 	/usr/lib/swift/libswiftsimd.dylib
0x00007ff8123bb000 	/usr/lib/libcompression.dylib
0x00007ff814c34000 	/System/Library/PrivateFrameworks/TextureIO.framework/Versions/A/TextureIO
0x00007ff813ad6000 	/usr/lib/libate.dylib
0x00007ff812217000 	/usr/lib/system/libcache.dylib
0x00007ff8121d3000 	/usr/lib/system/libcommonCrypto.dylib
0x00007ff8121fb000 	/usr/lib/system/libcompiler_rt.dylib
0x00007ff8121f0000 	/usr/lib/system/libcopyfile.dylib
0x00007ff804651000 	/usr/lib/system/libcorecrypto.dylib
0x00007ff804748000 	/usr/lib/system/libdispatch.dylib
0x00007ff8048f2000 	/usr/lib/system/libdyld.dylib
0x00007ff81220d000 	/usr/lib/system/libkeymgr.dylib
0x00007ff8121b4000 	/usr/lib/system/libmacho.dylib
0x00007ff8114e3000 	/usr/lib/system/libquarantine.dylib
0x00007ff81220b000 	/usr/lib/system/libremovefile.dylib
0x00007ff809eef000 	/usr/lib/system/libsystem_asl.dylib
0x00007ff8045eb000 	/usr/lib/system/libsystem_blocks.dylib
0x00007ff804792000 	/usr/lib/system/libsystem_c.dylib
0x00007ff812203000 	/usr/lib/system/libsystem_collections.dylib
0x00007ff810335000 	/usr/lib/system/libsystem_configuration.dylib
0x00007ff80f35e000 	/usr/lib/system/libsystem_containermanager.dylib
0x00007ff811e05000 	/usr/lib/system/libsystem_coreservices.dylib
0x00007ff807aaa000 	/usr/lib/system/libsystem_darwin.dylib
0x00007ffc196e9000 	/usr/lib/system/libsystem_darwindirectory.dylib
0x00007ff81220e000 	/usr/lib/system/libsystem_dnssd.dylib
0x00007ffc196ed000 	/usr/lib/system/libsystem_eligibility.dylib
0x00007ff80478f000 	/usr/lib/system/libsystem_featureflags.dylib
0x00007ff804922000 	/usr/lib/system/libsystem_info.dylib
0x00007ff812149000 	/usr/lib/system/libsystem_m.dylib
0x00007ff804708000 	/usr/lib/system/libsystem_malloc.dylib
0x00007ff809e63000 	/usr/lib/system/libsystem_networkextension.dylib
0x00007ff807ef6000 	/usr/lib/system/libsystem_notify.dylib
0x00007ff810339000 	/usr/lib/system/libsystem_sandbox.dylib
0x00007ffc196f0000 	/usr/lib/system/libsystem_sanitizers.dylib
0x00007ff812208000 	/usr/lib/system/libsystem_secinit.dylib
0x00007ff8048ab000 	/usr/lib/system/libsystem_kernel.dylib
0x00007ff804917000 	/usr/lib/system/libsystem_platform.dylib
0x00007ff8048e6000 	/usr/lib/system/libsystem_pthread.dylib
0x00007ff80bb62000 	/usr/lib/system/libsystem_symptoms.dylib
0x00007ff804637000 	/usr/lib/system/libsystem_trace.dylib
0x00007ff8121df000 	/usr/lib/system/libunwind.dylib
0x00007ff8045ef000 	/usr/lib/system/libxpc.dylib
0x00007ff804895000 	/usr/lib/libc++abi.dylib
0x00007ff8121e8000 	/usr/lib/liboah.dylib
0x00007ff81385c000 	/usr/lib/liblzma.5.dylib
0x00007ff81221f000 	/usr/lib/libfakelink.dylib
0x00007ff809ab4000 	/System/Library/Frameworks/CFNetwork.framework/Versions/A/CFNetwork
0x00007ff812271000 	/usr/lib/libarchive.2.dylib
0x00007ff817b77000 	/System/Library/Frameworks/Combine.framework/Versions/A/Combine
0x00007ffb0e233000 	/System/Library/PrivateFrameworks/CollectionsInternal.framework/Versions/A/CollectionsInternal
0x00007ffb23eca000 	/System/Library/PrivateFrameworks/ReflectionInternal.framework/Versions/A/ReflectionInternal
0x00007ffb24449000 	/System/Library/PrivateFrameworks/RuntimeInternal.framework/Versions/A/RuntimeInternal
0x00007ffc194f6000 	/usr/lib/swift/libswift_StringProcessing.dylib
0x00007ff807db0000 	/System/Library/PrivateFrameworks/CoreServicesInternal.framework/Versions/A/CoreServicesInternal
0x00007ff811508000 	/usr/lib/libbsm.0.dylib
0x00007ff8121ba000 	/usr/lib/system/libkxld.dylib
0x00007ff80daf2000 	/System/Library/Frameworks/CoreServices.framework/Versions/A/Frameworks/FSEvents.framework/Versions/A/FSEvents
0x00007ff807ab5000 	/System/Library/Frameworks/CoreServices.framework/Versions/A/Frameworks/CarbonCore.framework/Versions/A/CarbonCore
0x00007ff80c87f000 	/System/Library/Frameworks/CoreServices.framework/Versions/A/Frameworks/Metadata.framework/Versions/A/Metadata
0x00007ff811e0b000 	/System/Library/Frameworks/CoreServices.framework/Versions/A/Frameworks/OSServices.framework/Versions/A/OSServices
0x00007ff8122fa000 	/System/Library/Frameworks/CoreServices.framework/Versions/A/Frameworks/SearchKit.framework/Versions/A/SearchKit
0x00007ff80bae8000 	/System/Library/Frameworks/CoreServices.framework/Versions/A/Frameworks/AE.framework/Versions/A/AE
0x00007ff804de7000 	/System/Library/Frameworks/CoreServices.framework/Versions/A/Frameworks/LaunchServices.framework/Versions/A/LaunchServices
0x00007ff81380d000 	/System/Library/Frameworks/CoreServices.framework/Versions/A/Frameworks/DictionaryServices.framework/Versions/A/DictionaryServices
0x00007ff80daff000 	/System/Library/Frameworks/CoreServices.framework/Versions/A/Frameworks/SharedFileList.framework/Versions/A/SharedFileList
0x00007ff812385000 	/usr/lib/libapple_nghttp2.dylib
0x00007ff80b75d000 	/usr/lib/libsqlite3.dylib
0x00007ff80bb6a000 	/System/Library/Frameworks/Network.framework/Versions/A/Network
0x00007ffc17d6b000 	/usr/lib/libCoreEntitlements.dylib
0x00007ffb1f6a7000 	/System/Library/PrivateFrameworks/MessageSecurity.framework/Versions/A/MessageSecurity
0x00007ff80b744000 	/System/Library/PrivateFrameworks/ProtocolBuffer.framework/Versions/A/ProtocolBuffer
0x00007ff811d28000 	/System/Library/PrivateFrameworks/AppleFSCompression.framework/Versions/A/AppleFSCompression
0x00007ff8114f0000 	/usr/lib/libcoretls.dylib
0x00007ff81387b000 	/usr/lib/libcoretls_cfhelpers.dylib
0x00007ff8123b5000 	/usr/lib/libpam.2.dylib
0x00007ff8138f4000 	/usr/lib/libxar.1.dylib
0x00007ff813ea4000 	/usr/lib/libheimdal-asn1.dylib
0x00007ff809ab3000 	/usr/lib/libnetwork.dylib
0x00007ff812223000 	/usr/lib/libpcap.A.dylib
0x00007ff80bb58000 	/usr/lib/libdns_services.dylib
0x00007ff810340000 	/System/Library/PrivateFrameworks/AppleSystemInfo.framework/Versions/A/AppleSystemInfo
0x00007ff811209000 	/System/Library/PrivateFrameworks/IOMobileFramebuffer.framework/Versions/A/IOMobileFramebuffer
0x00007ffc19448000 	/usr/lib/swift/libswift_RegexParser.dylib
0x00007ff811df6000 	/usr/lib/libbz2.1.0.dylib
0x00007ff8114e6000 	/usr/lib/libCheckFix.dylib
0x00007ff809f06000 	/System/Library/PrivateFrameworks/TCC.framework/Versions/A/TCC
0x00007ff810347000 	/System/Library/PrivateFrameworks/CoreNLP.framework/Versions/A/CoreNLP
0x00007ff80c839000 	/System/Library/PrivateFrameworks/MetadataUtilities.framework/Versions/A/MetadataUtilities
0x00007ff811518000 	/usr/lib/libmecab.dylib
0x00007ff8055b4000 	/usr/lib/libCRFSuite.dylib
0x00007ff811571000 	/usr/lib/libgermantok.dylib
0x00007ff812360000 	/usr/lib/libThaiTokenizer.dylib
0x00007ff80c91f000 	/System/Library/Frameworks/Accelerate.framework/Versions/A/Frameworks/vImage.framework/Versions/A/vImage
0x00007ff819cd8000 	/System/Library/Frameworks/Accelerate.framework/Versions/A/Frameworks/vecLib.framework/Versions/A/vecLib
0x00007ff813936000 	/System/Library/Frameworks/Accelerate.framework/Versions/A/Frameworks/vecLib.framework/Versions/A/libvMisc.dylib
0x00007ff810fd9000 	/System/Library/Frameworks/Accelerate.framework/Versions/A/Frameworks/vecLib.framework/Versions/A/libvDSP.dylib
0x00007ff8051f4000 	/System/Library/Frameworks/Accelerate.framework/Versions/A/Frameworks/vecLib.framework/Versions/A/libBLAS.dylib
0x00007ff81249d000 	/System/Library/Frameworks/Accelerate.framework/Versions/A/Frameworks/vecLib.framework/Versions/A/libLAPACK.dylib
0x00007ff811574000 	/System/Library/Frameworks/Accelerate.framework/Versions/A/Frameworks/vecLib.framework/Versions/A/libLinearAlgebra.dylib
0x00007ff8123a0000 	/System/Library/Frameworks/Accelerate.framework/Versions/A/Frameworks/vecLib.framework/Versions/A/libSparseBLAS.dylib
0x00007ff812497000 	/System/Library/Frameworks/Accelerate.framework/Versions/A/Frameworks/vecLib.framework/Versions/A/libQuadrature.dylib
0x00007ff81045d000 	/System/Library/Frameworks/Accelerate.framework/Versions/A/Frameworks/vecLib.framework/Versions/A/libBNNS.dylib
0x00007ff8054b5000 	/System/Library/Frameworks/Accelerate.framework/Versions/A/Frameworks/vecLib.framework/Versions/A/libSparse.dylib
0x00007ffb1df4c000 	/System/Library/PrivateFrameworks/MIL.framework/Versions/A/MIL
0x00007ff812259000 	/usr/lib/libiconv.2.dylib
0x00007ff8121b3000 	/usr/lib/libcharset.1.dylib
0x00007ff80dad6000 	/System/Library/Frameworks/OpenDirectory.framework/Versions/A/Frameworks/CFOpenDirectory.framework/Versions/A/CFOpenDirectory
0x00007ff80daca000 	/System/Library/Frameworks/OpenDirectory.framework/Versions/A/OpenDirectory
0x00007ff81387d000 	/System/Library/PrivateFrameworks/APFS.framework/Versions/A/APFS
0x00007ff81142b000 	/System/Library/Frameworks/SecurityFoundation.framework/Versions/A/SecurityFoundation
0x00007ff813902000 	/usr/lib/libutil.dylib
0x00007ffb1c358000 	/System/Library/PrivateFrameworks/InstalledContentLibrary.framework/Versions/A/InstalledContentLibrary
0x00007ff807df2000 	/System/Library/PrivateFrameworks/CoreServicesStore.framework/Versions/A/CoreServicesStore
0x00007ffb0be3a000 	/System/Library/PrivateFrameworks/AppleMobileFileIntegrity.framework/Versions/A/AppleMobileFileIntegrity
0x00007ff90bd4b000 	/usr/lib/libmis.dylib
0x00007ff91c884000 	/System/Library/PrivateFrameworks/MobileSystemServices.framework/Versions/A/MobileSystemServices
0x00007ffa19fc8000 	/System/Library/PrivateFrameworks/ConfigProfileHelper.framework/Versions/A/ConfigProfileHelper
0x00007ff812362000 	/System/Library/PrivateFrameworks/AppleSauce.framework/Versions/A/AppleSauce
0x00007ff8064b5000 	/System/Library/PrivateFrameworks/LanguageModeling.framework/Versions/A/LanguageModeling
0x00007ff813906000 	/usr/lib/libxslt.1.dylib
0x00007ff812260000 	/usr/lib/libcmph.dylib
0x00007ff8111d7000 	/System/Library/PrivateFrameworks/CoreEmoji.framework/Versions/A/CoreEmoji
0x00007ff810457000 	/System/Library/PrivateFrameworks/LinguisticData.framework/Versions/A/LinguisticData
0x00007ff8053cc000 	/System/Library/PrivateFrameworks/Lexicon.framework/Versions/A/Lexicon
0x00007ff8114b4000 	/System/Library/PrivateFrameworks/BackgroundTaskManagement.framework/Versions/A/BackgroundTaskManagement
0x00007ffc17eda000 	/usr/lib/libTLE.dylib
0x00007ff814366000 	/System/Library/PrivateFrameworks/AppleJPEG.framework/Versions/A/AppleJPEG
0x00007ff813e89000 	/usr/lib/libexpat.1.dylib
0x00007ff814a8f000 	/System/Library/Frameworks/ImageIO.framework/Versions/A/Resources/libPng.dylib
0x00007ff814abc000 	/System/Library/Frameworks/ImageIO.framework/Versions/A/Resources/libTIFF.dylib
0x00007ff814bae000 	/System/Library/Frameworks/ImageIO.framework/Versions/A/Resources/libGIF.dylib
0x00007ff8143b2000 	/System/Library/Frameworks/ImageIO.framework/Versions/A/Resources/libJP2.dylib
0x00007ff814b4e000 	/System/Library/Frameworks/ImageIO.framework/Versions/A/Resources/libJPEG.dylib
0x00007ff814b45000 	/System/Library/Frameworks/ImageIO.framework/Versions/A/Resources/libRadiance.dylib
0x00007ff80f72c000 	/System/Library/PrivateFrameworks/FontServices.framework/libFontParser.dylib
0x00007ff80ba85000 	/System/Library/PrivateFrameworks/RunningBoardServices.framework/Versions/A/RunningBoardServices
0x00007ff8208f9000 	/System/Library/PrivateFrameworks/IOSurfaceAccelerator.framework/Versions/A/IOSurfaceAccelerator
0x00007ff81449a000 	/System/Library/PrivateFrameworks/WatchdogClient.framework/Versions/A/WatchdogClient
0x00007ff806682000 	/System/Library/Frameworks/CoreDisplay.framework/Versions/A/CoreDisplay
0x00007ff80f5fb000 	/System/Library/Frameworks/CoreMedia.framework/Versions/A/CoreMedia
0x00007ff80f39d000 	/System/Library/PrivateFrameworks/IOAccelerator.framework/Versions/A/IOAccelerator
0x00007ff80dc53000 	/System/Library/Frameworks/CoreVideo.framework/Versions/A/CoreVideo
0x00007ff8123b3000 	/System/Library/Frameworks/MetalPerformanceShaders.framework/Versions/A/MetalPerformanceShaders
0x00007ff8144d9000 	/System/Library/Frameworks/VideoToolbox.framework/Versions/A/VideoToolbox
0x00007ff80dce0000 	/System/Library/PrivateFrameworks/UserManagement.framework/Versions/A/UserManagement
0x00007ff80b9ae000 	/System/Library/PrivateFrameworks/BaseBoard.framework/Versions/A/BaseBoard
0x00007ff81033f000 	/System/Library/PrivateFrameworks/AggregateDictionary.framework/Versions/A/AggregateDictionary
0x00007ffb0bc38000 	/System/Library/PrivateFrameworks/AppleKeyStore.framework/Versions/A/AppleKeyStore
0x00007ff814b3e000 	/System/Library/PrivateFrameworks/GPUWrangler.framework/Versions/A/GPUWrangler
0x00007ff814b22000 	/System/Library/PrivateFrameworks/IOPresentment.framework/Versions/A/IOPresentment
0x00007ff814b48000 	/System/Library/PrivateFrameworks/DSExternalDisplay.framework/Versions/A/DSExternalDisplay
0x00007ffb18328000 	/System/Library/PrivateFrameworks/GPUCompiler.framework/Versions/32023/Libraries/libllvm-flatbuffers.dylib
0x00007ffa1e2ed000 	/System/Library/Frameworks/OpenGL.framework/Versions/A/Libraries/libCoreFSCache.dylib
0x00007ffb14e1e000 	/System/Library/PrivateFrameworks/GPUCompiler.framework/Versions/32023/Libraries/libGPUCompilerUtils.dylib
0x00007ff814bb4000 	/System/Library/PrivateFrameworks/CMCaptureCore.framework/Versions/A/CMCaptureCore
0x00007ffb04a19000 	/System/Library/Frameworks/ExtensionFoundation.framework/Versions/A/ExtensionFoundation
0x00007ff81bebf000 	/System/Library/PrivateFrameworks/CoreTime.framework/Versions/A/CoreTime
0x00007ff814054000 	/System/Library/PrivateFrameworks/AppServerSupport.framework/Versions/A/AppServerSupport
0x00007ff8165ef000 	/System/Library/PrivateFrameworks/perfdata.framework/Versions/A/perfdata
0x00007ff8067b0000 	/System/Library/PrivateFrameworks/AudioToolboxCore.framework/Versions/A/AudioToolboxCore
0x00007ff80f5d5000 	/System/Library/PrivateFrameworks/caulk.framework/Versions/A/caulk
0x00007ff815e87000 	/usr/lib/libAudioStatistics.dylib
0x00007ff90b0ec000 	/System/Library/PrivateFrameworks/SystemPolicy.framework/Versions/A/SystemPolicy
0x00007ff816149000 	/usr/lib/libSMC.dylib
0x00007ff81ff82000 	/System/Library/Frameworks/CoreMIDI.framework/Versions/A/CoreMIDI
0x00007ff814a56000 	/usr/lib/libAudioToolboxUtility.dylib
0x00007ff9066f0000 	/System/Library/PrivateFrameworks/OSAServicesClient.framework/Versions/A/OSAServicesClient
0x00007ff8165fd000 	/usr/lib/libperfcheck.dylib
0x00007ff81b96a000 	/System/Library/PrivateFrameworks/BoardServices.framework/Versions/A/BoardServices
0x00007ff813d69000 	/System/Library/PrivateFrameworks/PlugInKit.framework/Versions/A/PlugInKit
0x00007ff81141e000 	/System/Library/PrivateFrameworks/AssertionServices.framework/Versions/A/AssertionServices
0x00007ffa0883a000 	/System/Library/PrivateFrameworks/Symbolication.framework/Versions/A/Symbolication
0x00007ffb22e6b000 	/System/Library/PrivateFrameworks/PhotosensitivityProcessing.framework/Versions/A/PhotosensitivityProcessing
0x00007ffa1efcc000 	/System/Library/Frameworks/OpenCL.framework/Versions/A/OpenCL
0x00007ff813fff000 	/System/Library/PrivateFrameworks/GraphVisualizer.framework/Versions/A/GraphVisualizer
0x00007ffa1e34a000 	/System/Library/Frameworks/OpenGL.framework/Versions/A/Libraries/libGLU.dylib
0x00007ffa1e30c000 	/System/Library/Frameworks/OpenGL.framework/Versions/A/Libraries/libGFXShared.dylib
0x00007ffa1e508000 	/System/Library/Frameworks/OpenGL.framework/Versions/A/Libraries/libGL.dylib
0x00007ffa1e314000 	/System/Library/Frameworks/OpenGL.framework/Versions/A/Libraries/libGLImage.dylib
0x00007ffa1e309000 	/System/Library/Frameworks/OpenGL.framework/Versions/A/Libraries/libCVMSPluginSupport.dylib
0x00007ffc17e96000 	/usr/lib/libRosetta.dylib
0x00007ffa1e2f4000 	/System/Library/Frameworks/OpenGL.framework/Versions/A/Libraries/libCoreVMClient.dylib
0x00007ffb12f56000 	/System/Library/PrivateFrameworks/FontServices.framework/Versions/A/FontServices
0x00007ff81400e000 	/System/Library/PrivateFrameworks/OTSVG.framework/Versions/A/OTSVG
0x00007ff80d80e000 	/System/Library/Frameworks/ApplicationServices.framework/Versions/A/Frameworks/ATS.framework/Versions/A/Resources/libFontRegistry.dylib
0x00007ff81405f000 	/System/Library/PrivateFrameworks/FontServices.framework/libhvf.dylib
0x00007ffb12f57000 	/System/Library/PrivateFrameworks/FontServices.framework/libXTFontStaticRegistryData.dylib
0x00007ff81027e000 	/System/Library/Frameworks/MetalPerformanceShaders.framework/Versions/A/Frameworks/MPSCore.framework/Versions/A/MPSCore
0x00007ff811c82000 	/System/Library/Frameworks/MetalPerformanceShaders.framework/Versions/A/Frameworks/MPSImage.framework/Versions/A/MPSImage
0x00007ff81158a000 	/System/Library/Frameworks/MetalPerformanceShaders.framework/Versions/A/Frameworks/MPSNeuralNetwork.framework/Versions/A/MPSNeuralNetwork
0x00007ff811af9000 	/System/Library/Frameworks/MetalPerformanceShaders.framework/Versions/A/Frameworks/MPSMatrix.framework/Versions/A/MPSMatrix
0x00007ff8118ab000 	/System/Library/Frameworks/MetalPerformanceShaders.framework/Versions/A/Frameworks/MPSRayIntersector.framework/Versions/A/MPSRayIntersector
0x00007ff811b38000 	/System/Library/Frameworks/MetalPerformanceShaders.framework/Versions/A/Frameworks/MPSNDArray.framework/Versions/A/MPSNDArray
0x00007ffb06134000 	/System/Library/Frameworks/MetalPerformanceShaders.framework/Versions/A/Frameworks/MPSFunctions.framework/Versions/A/MPSFunctions
0x00007ffb06117000 	/System/Library/Frameworks/MetalPerformanceShaders.framework/Versions/A/Frameworks/MPSBenchmarkLoop.framework/Versions/A/MPSBenchmarkLoop
0x00007ff8050a4000 	/System/Library/PrivateFrameworks/MetalTools.framework/Versions/A/MetalTools
0x00007ff91046b000 	/System/Library/PrivateFrameworks/IOAccelMemoryInfo.framework/Versions/A/IOAccelMemoryInfo
0x00007ff91c784000 	/System/Library/PrivateFrameworks/kperf.framework/Versions/A/kperf
0x00007ff90bd6d000 	/System/Library/PrivateFrameworks/GPURawCounter.framework/Versions/A/GPURawCounter
0x00007ff81bd94000 	/System/Library/PrivateFrameworks/CoreSymbolication.framework/Versions/A/CoreSymbolication
0x00007ff90bd1d000 	/System/Library/PrivateFrameworks/MallocStackLogging.framework/Versions/A/MallocStackLogging
0x00007ff813c0e000 	/System/Library/PrivateFrameworks/CrashReporterSupport.framework/Versions/A/CrashReporterSupport
0x00007ff81bd55000 	/System/Library/PrivateFrameworks/DebugSymbols.framework/Versions/A/DebugSymbols
0x00007ff91b199000 	/System/Library/PrivateFrameworks/OSAnalytics.framework/Versions/A/OSAnalytics
0x00007ffc0f1bc000 	/System/Library/PrivateFrameworks/VideoToolboxParavirtualizationSupport.framework/Versions/A/VideoToolboxParavirtualizationSupport
0x00007ff813e3b000 	/System/Library/PrivateFrameworks/AppleVA.framework/Versions/A/AppleVA
0x00007ff815ec7000 	/System/Library/Frameworks/ApplicationServices.framework/Versions/A/Frameworks/ATS.framework/Versions/A/ATS
0x00007ff80adc7000 	/System/Library/Frameworks/ApplicationServices.framework/Versions/A/Frameworks/HIServices.framework/Versions/A/HIServices
0x00007ff814bc2000 	/System/Library/Frameworks/ApplicationServices.framework/Versions/A/Frameworks/PrintCore.framework/Versions/A/PrintCore
0x00007ff81629d000 	/System/Library/Frameworks/ApplicationServices.framework/Versions/A/Frameworks/QD.framework/Versions/A/QD
0x00007ff816296000 	/System/Library/Frameworks/ApplicationServices.framework/Versions/A/Frameworks/ColorSyncLegacy.framework/Versions/A/ColorSyncLegacy
0x00007ff815e9d000 	/System/Library/Frameworks/ApplicationServices.framework/Versions/A/Frameworks/SpeechSynthesis.framework/Versions/A/SpeechSynthesis
0x00007ff814b7e000 	/System/Library/Frameworks/ApplicationServices.framework/Versions/A/Frameworks/ATSUI.framework/Versions/A/ATSUI
0x00007ff816228000 	/usr/lib/libcups.2.dylib
0x00007ff81660c000 	/System/Library/Frameworks/Kerberos.framework/Versions/A/Kerberos
0x00007ff81661b000 	/System/Library/Frameworks/GSS.framework/Versions/A/GSS
0x00007ff815f40000 	/usr/lib/libresolv.9.dylib
0x00007ff814071000 	/System/Library/PrivateFrameworks/Heimdal.framework/Versions/A/Heimdal
0x00007ff81ddd5000 	/System/Library/Frameworks/Kerberos.framework/Versions/A/Libraries/libHeimdalProxy.dylib
0x00007ff816668000 	/System/Library/PrivateFrameworks/CommonAuth.framework/Versions/A/CommonAuth
0x00007ffa23946000 	/System/Library/Frameworks/AVFAudio.framework/Versions/A/AVFAudio
0x00007ff906737000 	/System/Library/PrivateFrameworks/AXCoreUtilities.framework/Versions/A/AXCoreUtilities
0x00007ffb1d6f5000 	/System/Library/PrivateFrameworks/IsolatedCoreAudioClient.framework/Versions/A/IsolatedCoreAudioClient
0x00007ff815e0e000 	/System/Library/PrivateFrameworks/AudioSession.framework/Versions/A/AudioSession
0x00007ff81793c000 	/System/Library/Frameworks/IOBluetooth.framework/Versions/A/IOBluetooth
0x00007ff813f49000 	/System/Library/PrivateFrameworks/MediaExperience.framework/Versions/A/MediaExperience
0x00007ff815c61000 	/System/Library/PrivateFrameworks/AudioSession.framework/libSessionUtility.dylib
0x00007ff8162a8000 	/System/Library/PrivateFrameworks/AudioResourceArbitration.framework/Versions/A/AudioResourceArbitration
0x00007ff81aa00000 	/System/Library/PrivateFrameworks/PowerLog.framework/Versions/A/PowerLog
0x00007ff81a91d000 	/System/Library/Frameworks/CoreBluetooth.framework/Versions/A/CoreBluetooth
0x00007ff81ddd6000 	/System/Library/Frameworks/AudioUnit.framework/Versions/A/AudioUnit
0x00007ff811291000 	/System/Library/PrivateFrameworks/CoreUtils.framework/Versions/A/CoreUtils
0x00007ffb1147f000 	/System/Library/PrivateFrameworks/CoreUtilsExtras.framework/Versions/A/CoreUtilsExtras
0x00007ffb1c1ec000 	/System/Library/PrivateFrameworks/IO80211.framework/Versions/A/IO80211
0x00007ff81b8ac000 	/System/Library/PrivateFrameworks/FrontBoardServices.framework/Versions/A/FrontBoardServices
0x00007ff81d3be000 	/System/Library/PrivateFrameworks/BackBoardServices.framework/Versions/A/BackBoardServices
0x00007ff813ead000 	/System/Library/PrivateFrameworks/IconFoundation.framework/Versions/A/IconFoundation
0x00007ff81991e000 	/System/Library/PrivateFrameworks/SpeechRecognitionCore.framework/Versions/A/SpeechRecognitionCore
0x00007ff906750000 	/usr/lib/libAccessibility.dylib
0x00007ff81a013000 	/System/Library/Frameworks/MediaAccessibility.framework/Versions/A/MediaAccessibility
0x00007ffa0c1ba000 	/System/Library/Frameworks/OSLog.framework/Versions/A/OSLog
0x00007ff90bca8000 	/System/Library/PrivateFrameworks/LoggingSupport.framework/Versions/A/LoggingSupport
0x000000010e1d7000 	/Library/Java/JavaVirtualMachines/zulu-11.jdk/Contents/Home/lib/server/libjvm.dylib
0x000000010cf84000 	/Library/Java/JavaVirtualMachines/zulu-11.jdk/Contents/Home/lib/libverify.dylib
0x000000010cfaa000 	/Library/Java/JavaVirtualMachines/zulu-11.jdk/Contents/Home/lib/libjava.dylib
0x000000010cf16000 	/Library/Java/JavaVirtualMachines/zulu-11.jdk/Contents/Home/lib/libjimage.dylib
0x000000010d01f000 	/Library/Java/JavaVirtualMachines/zulu-11.jdk/Contents/Home/lib/libzip.dylib
0x000000010dddd000 	/Library/Java/JavaVirtualMachines/zulu-11.jdk/Contents/Home/lib/libnio.dylib
0x000000010de23000 	/Library/Java/JavaVirtualMachines/zulu-11.jdk/Contents/Home/lib/libnet.dylib


VM Arguments:
jvm_args: -Dfile.encoding=UTF-8 
java_command: oracle.jdbc.driver.JavaToJavaConverter$20
java_class_path (initial): /Users/minki/workspace-sts-3.9.18.RELEASE/Spring_Setting/target/classes:/Users/minki/Downloads/apache-tomcat-9.0.91/lib/tomcat-i18n-ko.jar:/Users/minki/Downloads/apache-tomcat-9.0.91/lib/el-api.jar:/Users/minki/Downloads/apache-tomcat-9.0.91/lib/tomcat-i18n-es.jar:/Users/minki/Downloads/apache-tomcat-9.0.91/lib/tomcat-websocket.jar:/Users/minki/Downloads/apache-tomcat-9.0.91/lib/jasper.jar:/Users/minki/Downloads/apache-tomcat-9.0.91/lib/jasper-el.jar:/Users/minki/Downloads/apache-tomcat-9.0.91/lib/tomcat-util.jar:/Users/minki/Downloads/apache-tomcat-9.0.91/lib/tomcat-i18n-de.jar:/Users/minki/Downloads/apache-tomcat-9.0.91/lib/catalina-storeconfig.jar:/Users/minki/Downloads/apache-tomcat-9.0.91/lib/jsp-api.jar:/Users/minki/Downloads/apache-tomcat-9.0.91/lib/catalina-tribes.jar:/Users/minki/Downloads/apache-tomcat-9.0.91/lib/tomcat-i18n-cs.jar:/Users/minki/Downloads/apache-tomcat-9.0.91/lib/catalina.jar:/Users/minki/Downloads/apache-tomcat-9.0.91/lib/tomcat-jni.jar:/Users/minki/Downloads/apache-tomcat-9.0.91/lib/ecj-4.20.jar:/Users/minki/Downloads/apache-tomcat-9.0.91/lib/tomcat-i18n-pt-BR.jar:/Users/minki/Downloads/apache-tomcat-9.0.91/lib/catalina-ssi.jar:/Users/minki/Downloads/apache-tomcat-9.0.91/lib/websocket-api.jar:/Users/minki/Downloads/apache-tomcat-9.0.91/lib/tomcat-coyote.jar:/Users/minki/Downloads/apache-tomcat-9.0.91/lib/catalina-ha.jar:/Users/minki/Downloads/apache-tomcat-9.0.91/lib/tomcat-api.jar:/Users/minki/Downloads/apache-tomcat-9.0.91/lib/annotations-api.jar:/Users/minki/Downloads/apache-tomcat-9.0.91/lib/jaspic-api.jar:/Users/minki/Downloads/apache-tomcat-9.0.91/lib/tomcat-i18n-zh-CN.jar:/Users/minki/Downloads/apache-tomcat-9.0.91/lib/catalina-ant.jar:/Users/minki/Downloads/apache-tomcat-9.0.91/lib/servlet-api.jar:/Users/minki/Downloads/apache-tomcat-9.0.91/lib/tomcat-util-scan.jar:/Users/minki/Downloads/apache-tomcat-9.0.91/lib/tomcat-i18n-ja.jar:/Users/minki/Downloads/apache-tomcat-9.0.91/lib/tomcat-i18n-ru.jar:/User
Launcher Type: SUN_STANDARD

[Global flags]
     intx CICompilerCount                          = 4                                         {product} {ergonomic}
     uint ConcGCThreads                            = 2                                         {product} {ergonomic}
     uint G1ConcRefinementThreads                  = 8                                         {product} {ergonomic}
   size_t G1HeapRegionSize                         = 1048576                                   {product} {ergonomic}
    uintx GCDrainStackTargetSize                   = 64                                        {product} {ergonomic}
   size_t InitialHeapSize                          = 268435456                                 {product} {ergonomic}
   size_t MarkStackSize                            = 4194304                                   {product} {ergonomic}
   size_t MaxHeapSize                              = 4294967296                                {product} {ergonomic}
   size_t MaxNewSize                               = 2576351232                                {product} {ergonomic}
   size_t MinHeapDeltaBytes                        = 1048576                                   {product} {ergonomic}
    uintx NonNMethodCodeHeapSize                   = 5836300                                {pd product} {ergonomic}
    uintx NonProfiledCodeHeapSize                  = 122910970                              {pd product} {ergonomic}
    uintx ProfiledCodeHeapSize                     = 122910970                              {pd product} {ergonomic}
    uintx ReservedCodeCacheSize                    = 251658240                              {pd product} {ergonomic}
     bool SegmentedCodeCache                       = true                                      {product} {ergonomic}
     bool UseCompressedClassPointers               = true                                 {lp64_product} {ergonomic}
     bool UseCompressedOops                        = true                                 {lp64_product} {ergonomic}
     bool UseG1GC                                  = true                                      {product} {ergonomic}

Logging:
Log output configuration:
 #0: stdout all=warning uptime,level,tags
 #1: stderr all=off uptime,level,tags

Environment Variables:
PATH=/usr/bin:/bin:/usr/sbin:/sbin
SHELL=/bin/zsh
TMPDIR=/var/folders/_b/jjlm9r4973nbpz7rp9f569n00000gn/T/

Signal Handlers:
SIGSEGV: [libjvm.dylib+0x7d4ca2], sa_mask[0]=11111111111111111111111111111111, sa_flags=SA_ONSTACK|SA_RESTART|SA_SIGINFO
SIGBUS: [libjvm.dylib+0x7d4ca2], sa_mask[0]=11111111111111111111111111111111, sa_flags=SA_RESTART|SA_SIGINFO
SIGFPE: [libjvm.dylib+0x7d4ca2], sa_mask[0]=11111111111111111111111111111111, sa_flags=SA_RESTART|SA_SIGINFO
SIGPIPE: [libjvm.dylib+0x6399e6], sa_mask[0]=11111111111111111111111111111111, sa_flags=SA_RESTART|SA_SIGINFO
SIGXFSZ: [libjvm.dylib+0x6399e6], sa_mask[0]=11111111111111111111111111111111, sa_flags=SA_RESTART|SA_SIGINFO
SIGILL: [libjvm.dylib+0x7d4ca2], sa_mask[0]=11111111111111111111111111111111, sa_flags=SA_RESTART|SA_SIGINFO
SIGUSR2: [libjvm.dylib+0x639fba], sa_mask[0]=00100000000000000000000000000000, sa_flags=SA_RESTART|SA_SIGINFO
SIGHUP: [libjvm.dylib+0x638b13], sa_mask[0]=11111111111111111111111111111111, sa_flags=SA_RESTART|SA_SIGINFO
SIGINT: [libjvm.dylib+0x638b13], sa_mask[0]=11111111111111111111111111111111, sa_flags=SA_RESTART|SA_SIGINFO
SIGTERM: [libjvm.dylib+0x638b13], sa_mask[0]=11111111111111111111111111111111, sa_flags=SA_RESTART|SA_SIGINFO
SIGQUIT: [libjvm.dylib+0x638b13], sa_mask[0]=11111111111111111111111111111111, sa_flags=SA_RESTART|SA_SIGINFO


---------------  S Y S T E M  ---------------

OS:uname:Darwin 23.5.0 Darwin Kernel Version 23.5.0: Wed May  1 20:16:51 PDT 2024; root:xnu-10063.121.3~5/RELEASE_ARM64_T8103 x86_64
OS uptime: 0 days 1:33 hours
rlimit (soft/hard): STACK 8176k/65520k , CORE 0k/infinity , NPROC 2666/4000 , NOFILE 10240/infinity , AS infinity/infinity , CPU infinity/infinity , DATA infinity/infinity , FSIZE infinity/infinity , MEMLOCK infinity/infinity , RSS infinity/infinity
load average:2.17 1.96 1.92

CPU:total 8 (initial active 8) (1 cores per cpu, 1 threads per core) family 6 model 44 stepping 0 microcode 0x0, cmov, cx8, fxsr, mmx, sse, sse2, sse3, ssse3, sse4.1, sse4.2, popcnt, aes, clmul, tsc, tscinvbit, tscinv

Memory: 4k page, physical 16777216k(74336k free), swap 0k(0k free)

vm_info: OpenJDK 64-Bit Server VM (11.0.23+9-LTS) for bsd-amd64 JRE (Zulu11.72+19-CA) (11.0.23+9-LTS), built on Apr  9 2024 00:20:21 by "zulu_re" with clang 4.2.1 Compatible Apple LLVM 11.0.0 (clang-1100.0.33.17)

END.
