#
# A fatal error has been detected by the Java Runtime Environment:
#
#  SIGSEGV (0xb) at pc=0x000000010c0d2380, pid=91646, tid=16131
#
# JRE version: OpenJDK Runtime Environment Zulu11.72+19-CA (11.0.23+9) (build 11.0.23+9-LTS)
# Java VM: OpenJDK 64-Bit Server VM Zulu11.72+19-CA (11.0.23+9-LTS, mixed mode, tiered, compressed oops, g1 gc, bsd-amd64)
# Problematic frame:
# V  [libjvm.dylib+0x1fb380]  AccessInternal::PostRuntimeDispatch<G1BarrierSet::AccessBarrier<1097844ull, G1BarrierSet>, (AccessInternal::BarrierType)2, 1097844ull>::oop_access_barrier(void*)+0x4
#
# No core dump will be written. Core dumps have been disabled. To enable core dumping, try "ulimit -c unlimited" before starting Java again
#
# If you would like to submit a bug report, please visit:
#   http://www.azul.com/support/
#

---------------  S U M M A R Y ------------

Command Line: -Dfile.encoding=UTF-8 oracle.jdbc.driver.JavaToJavaConverter$20

Host: MacBookPro17,1 x86_64 2400 MHz, 8 cores, 16G, Darwin 23.5.0
Time: Fri Jul 12 18:01:47 2024 KST elapsed time: 0.204710 seconds (0d 0h 0m 0s)

---------------  T H R E A D  ---------------

Current thread (0x00007fa2c6009800):  JavaThread "main" [_thread_in_vm, id=16131, stack(0x0000000308fcb000,0x00000003090cb000)]

Stack: [0x0000000308fcb000,0x00000003090cb000],  sp=0x00000003090cadf0,  free space=1023k
Native frames: (J=compiled Java code, A=aot compiled Java code, j=interpreted, Vv=VM code, C=native code)
V  [libjvm.dylib+0x1fb380]  AccessInternal::PostRuntimeDispatch<G1BarrierSet::AccessBarrier<1097844ull, G1BarrierSet>, (AccessInternal::BarrierType)2, 1097844ull>::oop_access_barrier(void*)+0x4
V  [libjvm.dylib+0x413316]  jni_GetStringUTFChars+0xe0
C  [libjli.dylib+0x6fd8]  PostJVMInit+0xa6
C  [libjli.dylib+0x473b]  JavaMain+0xa3d
C  [libjli.dylib+0x6c8f]  ThreadJavaMain+0x9
C  [libsystem_pthread.dylib+0x618b]  _pthread_start+0x63
C  [libsystem_pthread.dylib+0x1ae3]  thread_start+0xf


siginfo: si_signo: 11 (SIGSEGV), si_code: 1 (SEGV_MAPERR), si_addr: 0x0000000000000000

Register to memory mapping:

RAX=0x0 is NULL
RBX=0x0 is NULL
RCX=0x000000010c873248: jni_NativeInterface+0 in /Library/Java/JavaVirtualMachines/zulu-11.jdk/Contents/Home/lib/server/libjvm.dylib at 0x000000010bed7000
RDX=0x0 is NULL
RSP=0x00000003090cadf0 is pointing into the stack for thread: 0x00007fa2c6009800
RBP=0x00000003090cadf0 is pointing into the stack for thread: 0x00007fa2c6009800
RSI=0x0 is NULL
RDI=0x0 is NULL
R8 =0x0000000125a14cfd points into unknown readable memory: 20 20 20
R9 =0x0 is NULL
R10=0x000000010c8d16d0: _ZN19TemplateInterpreter13_active_tableE+0x4800 in /Library/Java/JavaVirtualMachines/zulu-11.jdk/Contents/Home/lib/server/libjvm.dylib at 0x000000010bed7000
R11=0x00000001309a1300 is pointing into metadata
R12=0x00007fa2c6009b58 points into unknown readable memory: 0x000000010c873248 | 48 32 87 0c 01 00 00 00
R13=0x0 is NULL
R14=0x00007fa2c6009800 is a thread
R15=0x0 is NULL


Registers:
RAX=0x0000000000000000, RBX=0x0000000000000000, RCX=0x000000010c873248, RDX=0x0000000000000000
RSP=0x00000003090cadf0, RBP=0x00000003090cadf0, RSI=0x0000000000000000, RDI=0x0000000000000000
R8 =0x0000000125a14cfd, R9 =0x0000000000000000, R10=0x000000010c8d16d0, R11=0x00000001309a1300
R12=0x00007fa2c6009b58, R13=0x0000000000000000, R14=0x00007fa2c6009800, R15=0x0000000000000000
RIP=0x000000010c0d2380, EFLAGS=0x0000000000000246, ERR=0x0000000000000004
  TRAPNO=0x000000000000000e

Top of Stack: (sp=0x00000003090cadf0)
0x00000003090cadf0:   00000003090cae80 000000010c2ea316
0x00000003090cae00:   00000003090cae20 000000010c2b241c
0x00000003090cae10:   000060000000000c 0000000000000000
0x00000003090cae20:   5dc1b03208df0025 00007fa2c6009800
0x00000003090cae30:   0000000000000000 000000010c2b241c
0x00000003090cae40:   5dc1b03208df0025 00007fa2c6009800
0x00000003090cae50:   00000003090cae80 00007fa2c6009b58
0x00000003090cae60:   00007fa2c6804f80 0000000000000000
0x00000003090cae70:   0000000000000000 00007fa2c6804f88
0x00000003090cae80:   00000003090caf10 000000010b043fd8
0x00000003090cae90:   0000600003c140e8 0000600001610400
0x00000003090caea0:   00000003090caed0 000000010c2d7df4
0x00000003090caeb0:   5dc1b03208df0025 00007fa2c6009800
0x00000003090caec0:   00000003090caee0 000000010c2b241c
0x00000003090caed0:   0000600003c140e8 0000600001610400
0x00000003090caee0:   00000003090caf10 5dc1b03208df0025
0x00000003090caef0:   00007fa2c6009b58 00007fa2c6804f80
0x00000003090caf00:   00007fa2c6804f98 00007fa2c6804f88
0x00000003090caf10:   00000003090cafa0 000000010b04173b
0x00000003090caf20:   00007ff80faabad4 00061d092117abd6
0x00000003090caf30:   0000000400010002 0000600001618000
0x00000003090caf40:   0000000000000000 0000000000003f03
0x00000003090caf50:   0000600000d14748 0000000000000001
0x00000003090caf60:   0000600000d146f0 00007fa2c6009b58
0x00000003090caf70:   000000010c873240 00000003090cb000
0x00000003090caf80:   0000000000000000 0000000000000000
0x00000003090caf90:   0000000000000000 0000000000000000
0x00000003090cafa0:   00000003090cafb0 000000010b043c8f
0x00000003090cafb0:   00000003090cafd0 00007ff80fab018b
0x00000003090cafc0:   0000000000000000 0000000000000000
0x00000003090cafd0:   00000003090caff0 00007ff80faabae3
0x00000003090cafe0:   0000000000000000 00007ff7ffd328e8 

Instructions: (pc=0x000000010c0d2380)
0x000000010c0d2280:   f4 56 07 00 4c 89 f7 e8 32 80 00 00 49 89 c6 4d
0x000000010c0d2290:   63 ff 48 8b 03 48 89 df ff 50 08 0f b6 c8 4c 89
0x000000010c0d22a0:   f7 48 89 de 4c 89 fa 48 83 c4 08 5b 41 5e 41 5f
0x000000010c0d22b0:   5d e9 c8 ca 3e 00 c3 90 55 48 89 e5 5d e9 44 fe
0x000000010c0d22c0:   ff ff 55 48 89 e5 48 8b 3f 48 8b 07 5d ff 20 90
0x000000010c0d22d0:   90 90 55 48 89 e5 31 c0 5d c3 55 48 89 e5 31 c0
0x000000010c0d22e0:   5d c3 55 48 89 e5 31 c0 5d c3 90 90 55 48 89 e5
0x000000010c0d22f0:   53 50 48 89 fb 48 8d 05 34 16 7e 00 80 38 00 74
0x000000010c0d2300:   07 e8 1a 00 00 00 eb 05 e8 c3 51 fd ff 48 89 05
0x000000010c0d2310:   ec d9 79 00 48 89 df 48 83 c4 08 5b 5d ff e0 90
0x000000010c0d2320:   48 8d 05 49 a3 7d 00 48 8b 00 8b 40 10 ff c8 83
0x000000010c0d2330:   f8 04 73 0e 48 98 48 8d 0d 5b 0a 76 00 48 8b 04
0x000000010c0d2340:   c1 c3 55 48 89 e5 48 8d 35 e5 23 61 00 48 8d 0d
0x000000010c0d2350:   09 24 61 00 bf 00 00 00 e0 ba e8 00 00 00 31 c0
0x000000010c0d2360:   e8 5f ed 07 00 e8 3a c0 43 00 31 c0 5d c3 90 90
0x000000010c0d2370:   55 48 89 e5 48 8b 07 5d c3 90 90 90 55 48 89 e5
0x000000010c0d2380:   48 8b 07 5d c3 90 90 90 55 48 89 e5 48 8b 07 5d
0x000000010c0d2390:   c3 90 90 90 55 48 89 e5 48 8b 37 48 85 f6 74 10
0x000000010c0d23a0:   48 8d 05 c9 a2 7d 00 48 8b 38 5d e9 02 cf 4c 00
0x000000010c0d23b0:   31 c0 5d c3 55 48 89 e5 41 57 41 56 53 50 41 89
0x000000010c0d23c0:   d6 49 89 f7 48 89 fb 48 89 f1 48 f7 d1 48 8b 47
0x000000010c0d23d0:   18 48 39 c8 76 20 41 83 fe 01 75 04 31 c0 eb 3c
0x000000010c0d23e0:   48 8d 15 0e eb 60 00 48 89 df 4c 89 fe e8 2c 1c
0x000000010c0d23f0:   f0 ff 48 8b 43 18 4a 8d 0c 38 48 3b 4b 20 76 18
0x000000010c0d2400:   48 89 df 4c 89 fe 44 89 f2 48 83 c4 08 5b 41 5e
0x000000010c0d2410:   41 5f 5d e9 36 1c f0 ff 48 89 4b 18 48 83 c4 08
0x000000010c0d2420:   5b 41 5e 41 5f 5d c3 90 55 48 89 e5 41 57 41 56
0x000000010c0d2430:   41 54 53 41 89 f4 41 8d 44 24 fc 39 d0 7e 4c 48
0x000000010c0d2440:   63 ca 48 8d 41 04 44 39 e0 7d 43 49 89 fe 0f b7
0x000000010c0d2450:   4c 0f 02 66 85 c9 74 36 45 8d 7c 24 fe 66 c1 c1
0x000000010c0d2460:   08 0f b7 d9 ff cb 44 39 f8 7d 20 83 c0 02 4c 89
0x000000010c0d2470:   f7 44 89 e6 89 c2 e8 1c 00 00 00 44 39 e0 7d 0e 


Stack slot to memory mapping:
stack at sp + 0 slots: 0x00000003090cae80 is pointing into the stack for thread: 0x00007fa2c6009800
stack at sp + 1 slots: 0x000000010c2ea316: jni_GetStringUTFChars+0xe0 in /Library/Java/JavaVirtualMachines/zulu-11.jdk/Contents/Home/lib/server/libjvm.dylib at 0x000000010bed7000
stack at sp + 2 slots: 0x00000003090cae20 is pointing into the stack for thread: 0x00007fa2c6009800
stack at sp + 3 slots: 0x000000010c2b241c: _ZN20ThreadInVMfromNativeD1Ev+0x20 in /Library/Java/JavaVirtualMachines/zulu-11.jdk/Contents/Home/lib/server/libjvm.dylib at 0x000000010bed7000
stack at sp + 4 slots: 0x000060000000000c points into unknown readable memory: 00 00 00 00
stack at sp + 5 slots: 0x0 is NULL
stack at sp + 6 slots: 0x5dc1b03208df0025 is an unknown value
stack at sp + 7 slots: 0x00007fa2c6009800 is a thread


---------------  P R O C E S S  ---------------

Threads class SMR info:
_java_thread_list=0x00006000003025c0, length=9, elements={
0x00007fa2c6009800, 0x00007fa2c5811800, 0x00007fa2c606f000, 0x00007fa2c78e7000,
0x00007fa2c6070000, 0x00007fa2c6071000, 0x00007fa2c6078800, 0x00007fa2c78e8000,
0x00007fa2c60e3000
}

Java Threads: ( => current thread )
=>0x00007fa2c6009800 JavaThread "main" [_thread_in_vm, id=16131, stack(0x0000000308fcb000,0x00000003090cb000)]
  0x00007fa2c5811800 JavaThread "Reference Handler" daemon [_thread_blocked, id=19203, stack(0x00000003096e0000,0x00000003097e0000)]
  0x00007fa2c606f000 JavaThread "Finalizer" daemon [_thread_blocked, id=21763, stack(0x00000003097e3000,0x00000003098e3000)]
  0x00007fa2c78e7000 JavaThread "Signal Dispatcher" daemon [_thread_blocked, id=30467, stack(0x00000003099f7000,0x0000000309af7000)]
  0x00007fa2c6070000 JavaThread "Service Thread" daemon [_thread_blocked, id=24067, stack(0x0000000309afa000,0x0000000309bfa000)]
  0x00007fa2c6071000 JavaThread "C2 CompilerThread0" daemon [_thread_blocked, id=29443, stack(0x0000000309bfd000,0x0000000309cfd000)]
  0x00007fa2c6078800 JavaThread "C1 CompilerThread0" daemon [_thread_blocked, id=29187, stack(0x0000000309d00000,0x0000000309e00000)]
  0x00007fa2c78e8000 JavaThread "Sweeper thread" daemon [_thread_blocked, id=24835, stack(0x0000000309e03000,0x0000000309f03000)]
  0x00007fa2c60e3000 JavaThread "Common-Cleaner" daemon [_thread_blocked, id=26371, stack(0x000000030a009000,0x000000030a109000)]

Other Threads:
  0x00007fa2c6067800 VMThread "VM Thread" [stack: 0x00000003095dd000,0x00000003096dd000] [id=17667]
  0x00007fa2c781b000 WatcherThread [stack: 0x0000000309f06000,0x000000030a006000] [id=25651]
  0x00007fa2c600a800 GCTaskThread "GC Thread#0" [stack: 0x00000003090ce000,0x00000003091ce000] [id=13059]
  0x00007fa2c604d800 ConcurrentGCThread "G1 Main Marker" [stack: 0x00000003091d1000,0x00000003092d1000] [id=13315]
  0x00007fa2c780e000 ConcurrentGCThread "G1 Conc#0" [stack: 0x00000003092d4000,0x00000003093d4000] [id=16643]
  0x00007fa2c78b9000 ConcurrentGCThread "G1 Refine#0" [stack: 0x00000003093d7000,0x00000003094d7000] [id=20995]
  0x00007fa2c78b9800 ConcurrentGCThread "G1 Young RemSet Sampling" [stack: 0x00000003094da000,0x00000003095da000] [id=20739]

Threads with active compile tasks:

VM state:not at safepoint (normal execution)

VM Mutex/Monitor currently owned by a thread: None

Heap address: 0x0000000700000000, size: 4096 MB, Compressed Oops mode: Zero based, Oop shift amount: 3
Narrow klass base: 0x0000000800000000, Narrow klass shift: 0
Compressed class space size: 1073741824 Address: 0x0000000800000000

Heap:
 garbage-first heap   total 262144K, used 2048K [0x0000000700000000, 0x0000000800000000)
  region size 1024K, 4 young (4096K), 0 survivors (0K)
 Metaspace       used 6087K, capacity 6255K, committed 6528K, reserved 1056768K
  class space    used 484K, capacity 528K, committed 640K, reserved 1048576K
Heap Regions: E=young(eden), S=young(survivor), O=old, HS=humongous(starts), HC=humongous(continues), CS=collection set, F=free, A=archive, TAMS=top-at-mark-start (previous, next)
|   0|0x0000000700000000, 0x0000000700000000, 0x0000000700100000|  0%| F|  |TAMS 0x0000000700000000, 0x0000000700000000| Untracked 
|   1|0x0000000700100000, 0x0000000700100000, 0x0000000700200000|  0%| F|  |TAMS 0x0000000700100000, 0x0000000700100000| Untracked 
|   2|0x0000000700200000, 0x0000000700200000, 0x0000000700300000|  0%| F|  |TAMS 0x0000000700200000, 0x0000000700200000| Untracked 
|   3|0x0000000700300000, 0x0000000700300000, 0x0000000700400000|  0%| F|  |TAMS 0x0000000700300000, 0x0000000700300000| Untracked 
|   4|0x0000000700400000, 0x0000000700400000, 0x0000000700500000|  0%| F|  |TAMS 0x0000000700400000, 0x0000000700400000| Untracked 
|   5|0x0000000700500000, 0x0000000700500000, 0x0000000700600000|  0%| F|  |TAMS 0x0000000700500000, 0x0000000700500000| Untracked 
|   6|0x0000000700600000, 0x0000000700600000, 0x0000000700700000|  0%| F|  |TAMS 0x0000000700600000, 0x0000000700600000| Untracked 
|   7|0x0000000700700000, 0x0000000700700000, 0x0000000700800000|  0%| F|  |TAMS 0x0000000700700000, 0x0000000700700000| Untracked 
|   8|0x0000000700800000, 0x0000000700800000, 0x0000000700900000|  0%| F|  |TAMS 0x0000000700800000, 0x0000000700800000| Untracked 
|   9|0x0000000700900000, 0x0000000700900000, 0x0000000700a00000|  0%| F|  |TAMS 0x0000000700900000, 0x0000000700900000| Untracked 
|  10|0x0000000700a00000, 0x0000000700a00000, 0x0000000700b00000|  0%| F|  |TAMS 0x0000000700a00000, 0x0000000700a00000| Untracked 
|  11|0x0000000700b00000, 0x0000000700b00000, 0x0000000700c00000|  0%| F|  |TAMS 0x0000000700b00000, 0x0000000700b00000| Untracked 
|  12|0x0000000700c00000, 0x0000000700c00000, 0x0000000700d00000|  0%| F|  |TAMS 0x0000000700c00000, 0x0000000700c00000| Untracked 
|  13|0x0000000700d00000, 0x0000000700d00000, 0x0000000700e00000|  0%| F|  |TAMS 0x0000000700d00000, 0x0000000700d00000| Untracked 
|  14|0x0000000700e00000, 0x0000000700e00000, 0x0000000700f00000|  0%| F|  |TAMS 0x0000000700e00000, 0x0000000700e00000| Untracked 
|  15|0x0000000700f00000, 0x0000000700f00000, 0x0000000701000000|  0%| F|  |TAMS 0x0000000700f00000, 0x0000000700f00000| Untracked 
|  16|0x0000000701000000, 0x0000000701000000, 0x0000000701100000|  0%| F|  |TAMS 0x0000000701000000, 0x0000000701000000| Untracked 
|  17|0x0000000701100000, 0x0000000701100000, 0x0000000701200000|  0%| F|  |TAMS 0x0000000701100000, 0x0000000701100000| Untracked 
|  18|0x0000000701200000, 0x0000000701200000, 0x0000000701300000|  0%| F|  |TAMS 0x0000000701200000, 0x0000000701200000| Untracked 
|  19|0x0000000701300000, 0x0000000701300000, 0x0000000701400000|  0%| F|  |TAMS 0x0000000701300000, 0x0000000701300000| Untracked 
|  20|0x0000000701400000, 0x0000000701400000, 0x0000000701500000|  0%| F|  |TAMS 0x0000000701400000, 0x0000000701400000| Untracked 
|  21|0x0000000701500000, 0x0000000701500000, 0x0000000701600000|  0%| F|  |TAMS 0x0000000701500000, 0x0000000701500000| Untracked 
|  22|0x0000000701600000, 0x0000000701600000, 0x0000000701700000|  0%| F|  |TAMS 0x0000000701600000, 0x0000000701600000| Untracked 
|  23|0x0000000701700000, 0x0000000701700000, 0x0000000701800000|  0%| F|  |TAMS 0x0000000701700000, 0x0000000701700000| Untracked 
|  24|0x0000000701800000, 0x0000000701800000, 0x0000000701900000|  0%| F|  |TAMS 0x0000000701800000, 0x0000000701800000| Untracked 
|  25|0x0000000701900000, 0x0000000701900000, 0x0000000701a00000|  0%| F|  |TAMS 0x0000000701900000, 0x0000000701900000| Untracked 
|  26|0x0000000701a00000, 0x0000000701a00000, 0x0000000701b00000|  0%| F|  |TAMS 0x0000000701a00000, 0x0000000701a00000| Untracked 
|  27|0x0000000701b00000, 0x0000000701b00000, 0x0000000701c00000|  0%| F|  |TAMS 0x0000000701b00000, 0x0000000701b00000| Untracked 
|  28|0x0000000701c00000, 0x0000000701c00000, 0x0000000701d00000|  0%| F|  |TAMS 0x0000000701c00000, 0x0000000701c00000| Untracked 
|  29|0x0000000701d00000, 0x0000000701d00000, 0x0000000701e00000|  0%| F|  |TAMS 0x0000000701d00000, 0x0000000701d00000| Untracked 
|  30|0x0000000701e00000, 0x0000000701e00000, 0x0000000701f00000|  0%| F|  |TAMS 0x0000000701e00000, 0x0000000701e00000| Untracked 
|  31|0x0000000701f00000, 0x0000000701f00000, 0x0000000702000000|  0%| F|  |TAMS 0x0000000701f00000, 0x0000000701f00000| Untracked 
|  32|0x0000000702000000, 0x0000000702000000, 0x0000000702100000|  0%| F|  |TAMS 0x0000000702000000, 0x0000000702000000| Untracked 
|  33|0x0000000702100000, 0x0000000702100000, 0x0000000702200000|  0%| F|  |TAMS 0x0000000702100000, 0x0000000702100000| Untracked 
|  34|0x0000000702200000, 0x0000000702200000, 0x0000000702300000|  0%| F|  |TAMS 0x0000000702200000, 0x0000000702200000| Untracked 
|  35|0x0000000702300000, 0x0000000702300000, 0x0000000702400000|  0%| F|  |TAMS 0x0000000702300000, 0x0000000702300000| Untracked 
|  36|0x0000000702400000, 0x0000000702400000, 0x0000000702500000|  0%| F|  |TAMS 0x0000000702400000, 0x0000000702400000| Untracked 
|  37|0x0000000702500000, 0x0000000702500000, 0x0000000702600000|  0%| F|  |TAMS 0x0000000702500000, 0x0000000702500000| Untracked 
|  38|0x0000000702600000, 0x0000000702600000, 0x0000000702700000|  0%| F|  |TAMS 0x0000000702600000, 0x0000000702600000| Untracked 
|  39|0x0000000702700000, 0x0000000702700000, 0x0000000702800000|  0%| F|  |TAMS 0x0000000702700000, 0x0000000702700000| Untracked 
|  40|0x0000000702800000, 0x0000000702800000, 0x0000000702900000|  0%| F|  |TAMS 0x0000000702800000, 0x0000000702800000| Untracked 
|  41|0x0000000702900000, 0x0000000702900000, 0x0000000702a00000|  0%| F|  |TAMS 0x0000000702900000, 0x0000000702900000| Untracked 
|  42|0x0000000702a00000, 0x0000000702a00000, 0x0000000702b00000|  0%| F|  |TAMS 0x0000000702a00000, 0x0000000702a00000| Untracked 
|  43|0x0000000702b00000, 0x0000000702b00000, 0x0000000702c00000|  0%| F|  |TAMS 0x0000000702b00000, 0x0000000702b00000| Untracked 
|  44|0x0000000702c00000, 0x0000000702c00000, 0x0000000702d00000|  0%| F|  |TAMS 0x0000000702c00000, 0x0000000702c00000| Untracked 
|  45|0x0000000702d00000, 0x0000000702d00000, 0x0000000702e00000|  0%| F|  |TAMS 0x0000000702d00000, 0x0000000702d00000| Untracked 
|  46|0x0000000702e00000, 0x0000000702e00000, 0x0000000702f00000|  0%| F|  |TAMS 0x0000000702e00000, 0x0000000702e00000| Untracked 
|  47|0x0000000702f00000, 0x0000000702f00000, 0x0000000703000000|  0%| F|  |TAMS 0x0000000702f00000, 0x0000000702f00000| Untracked 
|  48|0x0000000703000000, 0x0000000703000000, 0x0000000703100000|  0%| F|  |TAMS 0x0000000703000000, 0x0000000703000000| Untracked 
|  49|0x0000000703100000, 0x0000000703100000, 0x0000000703200000|  0%| F|  |TAMS 0x0000000703100000, 0x0000000703100000| Untracked 
|  50|0x0000000703200000, 0x0000000703200000, 0x0000000703300000|  0%| F|  |TAMS 0x0000000703200000, 0x0000000703200000| Untracked 
|  51|0x0000000703300000, 0x0000000703300000, 0x0000000703400000|  0%| F|  |TAMS 0x0000000703300000, 0x0000000703300000| Untracked 
|  52|0x0000000703400000, 0x0000000703400000, 0x0000000703500000|  0%| F|  |TAMS 0x0000000703400000, 0x0000000703400000| Untracked 
|  53|0x0000000703500000, 0x0000000703500000, 0x0000000703600000|  0%| F|  |TAMS 0x0000000703500000, 0x0000000703500000| Untracked 
|  54|0x0000000703600000, 0x0000000703600000, 0x0000000703700000|  0%| F|  |TAMS 0x0000000703600000, 0x0000000703600000| Untracked 
|  55|0x0000000703700000, 0x0000000703700000, 0x0000000703800000|  0%| F|  |TAMS 0x0000000703700000, 0x0000000703700000| Untracked 
|  56|0x0000000703800000, 0x0000000703800000, 0x0000000703900000|  0%| F|  |TAMS 0x0000000703800000, 0x0000000703800000| Untracked 
|  57|0x0000000703900000, 0x0000000703900000, 0x0000000703a00000|  0%| F|  |TAMS 0x0000000703900000, 0x0000000703900000| Untracked 
|  58|0x0000000703a00000, 0x0000000703a00000, 0x0000000703b00000|  0%| F|  |TAMS 0x0000000703a00000, 0x0000000703a00000| Untracked 
|  59|0x0000000703b00000, 0x0000000703b00000, 0x0000000703c00000|  0%| F|  |TAMS 0x0000000703b00000, 0x0000000703b00000| Untracked 
|  60|0x0000000703c00000, 0x0000000703c00000, 0x0000000703d00000|  0%| F|  |TAMS 0x0000000703c00000, 0x0000000703c00000| Untracked 
|  61|0x0000000703d00000, 0x0000000703d00000, 0x0000000703e00000|  0%| F|  |TAMS 0x0000000703d00000, 0x0000000703d00000| Untracked 
|  62|0x0000000703e00000, 0x0000000703e00000, 0x0000000703f00000|  0%| F|  |TAMS 0x0000000703e00000, 0x0000000703e00000| Untracked 
|  63|0x0000000703f00000, 0x0000000703f00000, 0x0000000704000000|  0%| F|  |TAMS 0x0000000703f00000, 0x0000000703f00000| Untracked 
|  64|0x0000000704000000, 0x0000000704000000, 0x0000000704100000|  0%| F|  |TAMS 0x0000000704000000, 0x0000000704000000| Untracked 
|  65|0x0000000704100000, 0x0000000704100000, 0x0000000704200000|  0%| F|  |TAMS 0x0000000704100000, 0x0000000704100000| Untracked 
|  66|0x0000000704200000, 0x0000000704200000, 0x0000000704300000|  0%| F|  |TAMS 0x0000000704200000, 0x0000000704200000| Untracked 
|  67|0x0000000704300000, 0x0000000704300000, 0x0000000704400000|  0%| F|  |TAMS 0x0000000704300000, 0x0000000704300000| Untracked 
|  68|0x0000000704400000, 0x0000000704400000, 0x0000000704500000|  0%| F|  |TAMS 0x0000000704400000, 0x0000000704400000| Untracked 
|  69|0x0000000704500000, 0x0000000704500000, 0x0000000704600000|  0%| F|  |TAMS 0x0000000704500000, 0x0000000704500000| Untracked 
|  70|0x0000000704600000, 0x0000000704600000, 0x0000000704700000|  0%| F|  |TAMS 0x0000000704600000, 0x0000000704600000| Untracked 
|  71|0x0000000704700000, 0x0000000704700000, 0x0000000704800000|  0%| F|  |TAMS 0x0000000704700000, 0x0000000704700000| Untracked 
|  72|0x0000000704800000, 0x0000000704800000, 0x0000000704900000|  0%| F|  |TAMS 0x0000000704800000, 0x0000000704800000| Untracked 
|  73|0x0000000704900000, 0x0000000704900000, 0x0000000704a00000|  0%| F|  |TAMS 0x0000000704900000, 0x0000000704900000| Untracked 
|  74|0x0000000704a00000, 0x0000000704a00000, 0x0000000704b00000|  0%| F|  |TAMS 0x0000000704a00000, 0x0000000704a00000| Untracked 
|  75|0x0000000704b00000, 0x0000000704b00000, 0x0000000704c00000|  0%| F|  |TAMS 0x0000000704b00000, 0x0000000704b00000| Untracked 
|  76|0x0000000704c00000, 0x0000000704c00000, 0x0000000704d00000|  0%| F|  |TAMS 0x0000000704c00000, 0x0000000704c00000| Untracked 
|  77|0x0000000704d00000, 0x0000000704d00000, 0x0000000704e00000|  0%| F|  |TAMS 0x0000000704d00000, 0x0000000704d00000| Untracked 
|  78|0x0000000704e00000, 0x0000000704e00000, 0x0000000704f00000|  0%| F|  |TAMS 0x0000000704e00000, 0x0000000704e00000| Untracked 
|  79|0x0000000704f00000, 0x0000000704f00000, 0x0000000705000000|  0%| F|  |TAMS 0x0000000704f00000, 0x0000000704f00000| Untracked 
|  80|0x0000000705000000, 0x0000000705000000, 0x0000000705100000|  0%| F|  |TAMS 0x0000000705000000, 0x0000000705000000| Untracked 
|  81|0x0000000705100000, 0x0000000705100000, 0x0000000705200000|  0%| F|  |TAMS 0x0000000705100000, 0x0000000705100000| Untracked 
|  82|0x0000000705200000, 0x0000000705200000, 0x0000000705300000|  0%| F|  |TAMS 0x0000000705200000, 0x0000000705200000| Untracked 
|  83|0x0000000705300000, 0x0000000705300000, 0x0000000705400000|  0%| F|  |TAMS 0x0000000705300000, 0x0000000705300000| Untracked 
|  84|0x0000000705400000, 0x0000000705400000, 0x0000000705500000|  0%| F|  |TAMS 0x0000000705400000, 0x0000000705400000| Untracked 
|  85|0x0000000705500000, 0x0000000705500000, 0x0000000705600000|  0%| F|  |TAMS 0x0000000705500000, 0x0000000705500000| Untracked 
|  86|0x0000000705600000, 0x0000000705600000, 0x0000000705700000|  0%| F|  |TAMS 0x0000000705600000, 0x0000000705600000| Untracked 
|  87|0x0000000705700000, 0x0000000705700000, 0x0000000705800000|  0%| F|  |TAMS 0x0000000705700000, 0x0000000705700000| Untracked 
|  88|0x0000000705800000, 0x0000000705800000, 0x0000000705900000|  0%| F|  |TAMS 0x0000000705800000, 0x0000000705800000| Untracked 
|  89|0x0000000705900000, 0x0000000705900000, 0x0000000705a00000|  0%| F|  |TAMS 0x0000000705900000, 0x0000000705900000| Untracked 
|  90|0x0000000705a00000, 0x0000000705a00000, 0x0000000705b00000|  0%| F|  |TAMS 0x0000000705a00000, 0x0000000705a00000| Untracked 
|  91|0x0000000705b00000, 0x0000000705b00000, 0x0000000705c00000|  0%| F|  |TAMS 0x0000000705b00000, 0x0000000705b00000| Untracked 
|  92|0x0000000705c00000, 0x0000000705c00000, 0x0000000705d00000|  0%| F|  |TAMS 0x0000000705c00000, 0x0000000705c00000| Untracked 
|  93|0x0000000705d00000, 0x0000000705d00000, 0x0000000705e00000|  0%| F|  |TAMS 0x0000000705d00000, 0x0000000705d00000| Untracked 
|  94|0x0000000705e00000, 0x0000000705e00000, 0x0000000705f00000|  0%| F|  |TAMS 0x0000000705e00000, 0x0000000705e00000| Untracked 
|  95|0x0000000705f00000, 0x0000000705f00000, 0x0000000706000000|  0%| F|  |TAMS 0x0000000705f00000, 0x0000000705f00000| Untracked 
|  96|0x0000000706000000, 0x0000000706000000, 0x0000000706100000|  0%| F|  |TAMS 0x0000000706000000, 0x0000000706000000| Untracked 
|  97|0x0000000706100000, 0x0000000706100000, 0x0000000706200000|  0%| F|  |TAMS 0x0000000706100000, 0x0000000706100000| Untracked 
|  98|0x0000000706200000, 0x0000000706200000, 0x0000000706300000|  0%| F|  |TAMS 0x0000000706200000, 0x0000000706200000| Untracked 
|  99|0x0000000706300000, 0x0000000706300000, 0x0000000706400000|  0%| F|  |TAMS 0x0000000706300000, 0x0000000706300000| Untracked 
| 100|0x0000000706400000, 0x0000000706400000, 0x0000000706500000|  0%| F|  |TAMS 0x0000000706400000, 0x0000000706400000| Untracked 
| 101|0x0000000706500000, 0x0000000706500000, 0x0000000706600000|  0%| F|  |TAMS 0x0000000706500000, 0x0000000706500000| Untracked 
| 102|0x0000000706600000, 0x0000000706600000, 0x0000000706700000|  0%| F|  |TAMS 0x0000000706600000, 0x0000000706600000| Untracked 
| 103|0x0000000706700000, 0x0000000706700000, 0x0000000706800000|  0%| F|  |TAMS 0x0000000706700000, 0x0000000706700000| Untracked 
| 104|0x0000000706800000, 0x0000000706800000, 0x0000000706900000|  0%| F|  |TAMS 0x0000000706800000, 0x0000000706800000| Untracked 
| 105|0x0000000706900000, 0x0000000706900000, 0x0000000706a00000|  0%| F|  |TAMS 0x0000000706900000, 0x0000000706900000| Untracked 
| 106|0x0000000706a00000, 0x0000000706a00000, 0x0000000706b00000|  0%| F|  |TAMS 0x0000000706a00000, 0x0000000706a00000| Untracked 
| 107|0x0000000706b00000, 0x0000000706b00000, 0x0000000706c00000|  0%| F|  |TAMS 0x0000000706b00000, 0x0000000706b00000| Untracked 
| 108|0x0000000706c00000, 0x0000000706c00000, 0x0000000706d00000|  0%| F|  |TAMS 0x0000000706c00000, 0x0000000706c00000| Untracked 
| 109|0x0000000706d00000, 0x0000000706d00000, 0x0000000706e00000|  0%| F|  |TAMS 0x0000000706d00000, 0x0000000706d00000| Untracked 
| 110|0x0000000706e00000, 0x0000000706e00000, 0x0000000706f00000|  0%| F|  |TAMS 0x0000000706e00000, 0x0000000706e00000| Untracked 
| 111|0x0000000706f00000, 0x0000000706f00000, 0x0000000707000000|  0%| F|  |TAMS 0x0000000706f00000, 0x0000000706f00000| Untracked 
| 112|0x0000000707000000, 0x0000000707000000, 0x0000000707100000|  0%| F|  |TAMS 0x0000000707000000, 0x0000000707000000| Untracked 
| 113|0x0000000707100000, 0x0000000707100000, 0x0000000707200000|  0%| F|  |TAMS 0x0000000707100000, 0x0000000707100000| Untracked 
| 114|0x0000000707200000, 0x0000000707200000, 0x0000000707300000|  0%| F|  |TAMS 0x0000000707200000, 0x0000000707200000| Untracked 
| 115|0x0000000707300000, 0x0000000707300000, 0x0000000707400000|  0%| F|  |TAMS 0x0000000707300000, 0x0000000707300000| Untracked 
| 116|0x0000000707400000, 0x0000000707400000, 0x0000000707500000|  0%| F|  |TAMS 0x0000000707400000, 0x0000000707400000| Untracked 
| 117|0x0000000707500000, 0x0000000707500000, 0x0000000707600000|  0%| F|  |TAMS 0x0000000707500000, 0x0000000707500000| Untracked 
| 118|0x0000000707600000, 0x0000000707600000, 0x0000000707700000|  0%| F|  |TAMS 0x0000000707600000, 0x0000000707600000| Untracked 
| 119|0x0000000707700000, 0x0000000707700000, 0x0000000707800000|  0%| F|  |TAMS 0x0000000707700000, 0x0000000707700000| Untracked 
| 120|0x0000000707800000, 0x0000000707800000, 0x0000000707900000|  0%| F|  |TAMS 0x0000000707800000, 0x0000000707800000| Untracked 
| 121|0x0000000707900000, 0x0000000707900000, 0x0000000707a00000|  0%| F|  |TAMS 0x0000000707900000, 0x0000000707900000| Untracked 
| 122|0x0000000707a00000, 0x0000000707a00000, 0x0000000707b00000|  0%| F|  |TAMS 0x0000000707a00000, 0x0000000707a00000| Untracked 
| 123|0x0000000707b00000, 0x0000000707b00000, 0x0000000707c00000|  0%| F|  |TAMS 0x0000000707b00000, 0x0000000707b00000| Untracked 
| 124|0x0000000707c00000, 0x0000000707c00000, 0x0000000707d00000|  0%| F|  |TAMS 0x0000000707c00000, 0x0000000707c00000| Untracked 
| 125|0x0000000707d00000, 0x0000000707d00000, 0x0000000707e00000|  0%| F|  |TAMS 0x0000000707d00000, 0x0000000707d00000| Untracked 
| 126|0x0000000707e00000, 0x0000000707e00000, 0x0000000707f00000|  0%| F|  |TAMS 0x0000000707e00000, 0x0000000707e00000| Untracked 
| 127|0x0000000707f00000, 0x0000000707f00000, 0x0000000708000000|  0%| F|  |TAMS 0x0000000707f00000, 0x0000000707f00000| Untracked 
| 128|0x0000000708000000, 0x0000000708000000, 0x0000000708100000|  0%| F|  |TAMS 0x0000000708000000, 0x0000000708000000| Untracked 
| 129|0x0000000708100000, 0x0000000708100000, 0x0000000708200000|  0%| F|  |TAMS 0x0000000708100000, 0x0000000708100000| Untracked 
| 130|0x0000000708200000, 0x0000000708200000, 0x0000000708300000|  0%| F|  |TAMS 0x0000000708200000, 0x0000000708200000| Untracked 
| 131|0x0000000708300000, 0x0000000708300000, 0x0000000708400000|  0%| F|  |TAMS 0x0000000708300000, 0x0000000708300000| Untracked 
| 132|0x0000000708400000, 0x0000000708400000, 0x0000000708500000|  0%| F|  |TAMS 0x0000000708400000, 0x0000000708400000| Untracked 
| 133|0x0000000708500000, 0x0000000708500000, 0x0000000708600000|  0%| F|  |TAMS 0x0000000708500000, 0x0000000708500000| Untracked 
| 134|0x0000000708600000, 0x0000000708600000, 0x0000000708700000|  0%| F|  |TAMS 0x0000000708600000, 0x0000000708600000| Untracked 
| 135|0x0000000708700000, 0x0000000708700000, 0x0000000708800000|  0%| F|  |TAMS 0x0000000708700000, 0x0000000708700000| Untracked 
| 136|0x0000000708800000, 0x0000000708800000, 0x0000000708900000|  0%| F|  |TAMS 0x0000000708800000, 0x0000000708800000| Untracked 
| 137|0x0000000708900000, 0x0000000708900000, 0x0000000708a00000|  0%| F|  |TAMS 0x0000000708900000, 0x0000000708900000| Untracked 
| 138|0x0000000708a00000, 0x0000000708a00000, 0x0000000708b00000|  0%| F|  |TAMS 0x0000000708a00000, 0x0000000708a00000| Untracked 
| 139|0x0000000708b00000, 0x0000000708b00000, 0x0000000708c00000|  0%| F|  |TAMS 0x0000000708b00000, 0x0000000708b00000| Untracked 
| 140|0x0000000708c00000, 0x0000000708c00000, 0x0000000708d00000|  0%| F|  |TAMS 0x0000000708c00000, 0x0000000708c00000| Untracked 
| 141|0x0000000708d00000, 0x0000000708d00000, 0x0000000708e00000|  0%| F|  |TAMS 0x0000000708d00000, 0x0000000708d00000| Untracked 
| 142|0x0000000708e00000, 0x0000000708e00000, 0x0000000708f00000|  0%| F|  |TAMS 0x0000000708e00000, 0x0000000708e00000| Untracked 
| 143|0x0000000708f00000, 0x0000000708f00000, 0x0000000709000000|  0%| F|  |TAMS 0x0000000708f00000, 0x0000000708f00000| Untracked 
| 144|0x0000000709000000, 0x0000000709000000, 0x0000000709100000|  0%| F|  |TAMS 0x0000000709000000, 0x0000000709000000| Untracked 
| 145|0x0000000709100000, 0x0000000709100000, 0x0000000709200000|  0%| F|  |TAMS 0x0000000709100000, 0x0000000709100000| Untracked 
| 146|0x0000000709200000, 0x0000000709200000, 0x0000000709300000|  0%| F|  |TAMS 0x0000000709200000, 0x0000000709200000| Untracked 
| 147|0x0000000709300000, 0x0000000709300000, 0x0000000709400000|  0%| F|  |TAMS 0x0000000709300000, 0x0000000709300000| Untracked 
| 148|0x0000000709400000, 0x0000000709400000, 0x0000000709500000|  0%| F|  |TAMS 0x0000000709400000, 0x0000000709400000| Untracked 
| 149|0x0000000709500000, 0x0000000709500000, 0x0000000709600000|  0%| F|  |TAMS 0x0000000709500000, 0x0000000709500000| Untracked 
| 150|0x0000000709600000, 0x0000000709600000, 0x0000000709700000|  0%| F|  |TAMS 0x0000000709600000, 0x0000000709600000| Untracked 
| 151|0x0000000709700000, 0x0000000709700000, 0x0000000709800000|  0%| F|  |TAMS 0x0000000709700000, 0x0000000709700000| Untracked 
| 152|0x0000000709800000, 0x0000000709800000, 0x0000000709900000|  0%| F|  |TAMS 0x0000000709800000, 0x0000000709800000| Untracked 
| 153|0x0000000709900000, 0x0000000709900000, 0x0000000709a00000|  0%| F|  |TAMS 0x0000000709900000, 0x0000000709900000| Untracked 
| 154|0x0000000709a00000, 0x0000000709a00000, 0x0000000709b00000|  0%| F|  |TAMS 0x0000000709a00000, 0x0000000709a00000| Untracked 
| 155|0x0000000709b00000, 0x0000000709b00000, 0x0000000709c00000|  0%| F|  |TAMS 0x0000000709b00000, 0x0000000709b00000| Untracked 
| 156|0x0000000709c00000, 0x0000000709c00000, 0x0000000709d00000|  0%| F|  |TAMS 0x0000000709c00000, 0x0000000709c00000| Untracked 
| 157|0x0000000709d00000, 0x0000000709d00000, 0x0000000709e00000|  0%| F|  |TAMS 0x0000000709d00000, 0x0000000709d00000| Untracked 
| 158|0x0000000709e00000, 0x0000000709e00000, 0x0000000709f00000|  0%| F|  |TAMS 0x0000000709e00000, 0x0000000709e00000| Untracked 
| 159|0x0000000709f00000, 0x0000000709f00000, 0x000000070a000000|  0%| F|  |TAMS 0x0000000709f00000, 0x0000000709f00000| Untracked 
| 160|0x000000070a000000, 0x000000070a000000, 0x000000070a100000|  0%| F|  |TAMS 0x000000070a000000, 0x000000070a000000| Untracked 
| 161|0x000000070a100000, 0x000000070a100000, 0x000000070a200000|  0%| F|  |TAMS 0x000000070a100000, 0x000000070a100000| Untracked 
| 162|0x000000070a200000, 0x000000070a200000, 0x000000070a300000|  0%| F|  |TAMS 0x000000070a200000, 0x000000070a200000| Untracked 
| 163|0x000000070a300000, 0x000000070a300000, 0x000000070a400000|  0%| F|  |TAMS 0x000000070a300000, 0x000000070a300000| Untracked 
| 164|0x000000070a400000, 0x000000070a400000, 0x000000070a500000|  0%| F|  |TAMS 0x000000070a400000, 0x000000070a400000| Untracked 
| 165|0x000000070a500000, 0x000000070a500000, 0x000000070a600000|  0%| F|  |TAMS 0x000000070a500000, 0x000000070a500000| Untracked 
| 166|0x000000070a600000, 0x000000070a600000, 0x000000070a700000|  0%| F|  |TAMS 0x000000070a600000, 0x000000070a600000| Untracked 
| 167|0x000000070a700000, 0x000000070a700000, 0x000000070a800000|  0%| F|  |TAMS 0x000000070a700000, 0x000000070a700000| Untracked 
| 168|0x000000070a800000, 0x000000070a800000, 0x000000070a900000|  0%| F|  |TAMS 0x000000070a800000, 0x000000070a800000| Untracked 
| 169|0x000000070a900000, 0x000000070a900000, 0x000000070aa00000|  0%| F|  |TAMS 0x000000070a900000, 0x000000070a900000| Untracked 
| 170|0x000000070aa00000, 0x000000070aa00000, 0x000000070ab00000|  0%| F|  |TAMS 0x000000070aa00000, 0x000000070aa00000| Untracked 
| 171|0x000000070ab00000, 0x000000070ab00000, 0x000000070ac00000|  0%| F|  |TAMS 0x000000070ab00000, 0x000000070ab00000| Untracked 
| 172|0x000000070ac00000, 0x000000070ac00000, 0x000000070ad00000|  0%| F|  |TAMS 0x000000070ac00000, 0x000000070ac00000| Untracked 
| 173|0x000000070ad00000, 0x000000070ad00000, 0x000000070ae00000|  0%| F|  |TAMS 0x000000070ad00000, 0x000000070ad00000| Untracked 
| 174|0x000000070ae00000, 0x000000070ae00000, 0x000000070af00000|  0%| F|  |TAMS 0x000000070ae00000, 0x000000070ae00000| Untracked 
| 175|0x000000070af00000, 0x000000070af00000, 0x000000070b000000|  0%| F|  |TAMS 0x000000070af00000, 0x000000070af00000| Untracked 
| 176|0x000000070b000000, 0x000000070b000000, 0x000000070b100000|  0%| F|  |TAMS 0x000000070b000000, 0x000000070b000000| Untracked 
| 177|0x000000070b100000, 0x000000070b100000, 0x000000070b200000|  0%| F|  |TAMS 0x000000070b100000, 0x000000070b100000| Untracked 
| 178|0x000000070b200000, 0x000000070b200000, 0x000000070b300000|  0%| F|  |TAMS 0x000000070b200000, 0x000000070b200000| Untracked 
| 179|0x000000070b300000, 0x000000070b300000, 0x000000070b400000|  0%| F|  |TAMS 0x000000070b300000, 0x000000070b300000| Untracked 
| 180|0x000000070b400000, 0x000000070b400000, 0x000000070b500000|  0%| F|  |TAMS 0x000000070b400000, 0x000000070b400000| Untracked 
| 181|0x000000070b500000, 0x000000070b500000, 0x000000070b600000|  0%| F|  |TAMS 0x000000070b500000, 0x000000070b500000| Untracked 
| 182|0x000000070b600000, 0x000000070b600000, 0x000000070b700000|  0%| F|  |TAMS 0x000000070b600000, 0x000000070b600000| Untracked 
| 183|0x000000070b700000, 0x000000070b700000, 0x000000070b800000|  0%| F|  |TAMS 0x000000070b700000, 0x000000070b700000| Untracked 
| 184|0x000000070b800000, 0x000000070b800000, 0x000000070b900000|  0%| F|  |TAMS 0x000000070b800000, 0x000000070b800000| Untracked 
| 185|0x000000070b900000, 0x000000070b900000, 0x000000070ba00000|  0%| F|  |TAMS 0x000000070b900000, 0x000000070b900000| Untracked 
| 186|0x000000070ba00000, 0x000000070ba00000, 0x000000070bb00000|  0%| F|  |TAMS 0x000000070ba00000, 0x000000070ba00000| Untracked 
| 187|0x000000070bb00000, 0x000000070bb00000, 0x000000070bc00000|  0%| F|  |TAMS 0x000000070bb00000, 0x000000070bb00000| Untracked 
| 188|0x000000070bc00000, 0x000000070bc00000, 0x000000070bd00000|  0%| F|  |TAMS 0x000000070bc00000, 0x000000070bc00000| Untracked 
| 189|0x000000070bd00000, 0x000000070bd00000, 0x000000070be00000|  0%| F|  |TAMS 0x000000070bd00000, 0x000000070bd00000| Untracked 
| 190|0x000000070be00000, 0x000000070be00000, 0x000000070bf00000|  0%| F|  |TAMS 0x000000070be00000, 0x000000070be00000| Untracked 
| 191|0x000000070bf00000, 0x000000070bf00000, 0x000000070c000000|  0%| F|  |TAMS 0x000000070bf00000, 0x000000070bf00000| Untracked 
| 192|0x000000070c000000, 0x000000070c000000, 0x000000070c100000|  0%| F|  |TAMS 0x000000070c000000, 0x000000070c000000| Untracked 
| 193|0x000000070c100000, 0x000000070c100000, 0x000000070c200000|  0%| F|  |TAMS 0x000000070c100000, 0x000000070c100000| Untracked 
| 194|0x000000070c200000, 0x000000070c200000, 0x000000070c300000|  0%| F|  |TAMS 0x000000070c200000, 0x000000070c200000| Untracked 
| 195|0x000000070c300000, 0x000000070c300000, 0x000000070c400000|  0%| F|  |TAMS 0x000000070c300000, 0x000000070c300000| Untracked 
| 196|0x000000070c400000, 0x000000070c400000, 0x000000070c500000|  0%| F|  |TAMS 0x000000070c400000, 0x000000070c400000| Untracked 
| 197|0x000000070c500000, 0x000000070c500000, 0x000000070c600000|  0%| F|  |TAMS 0x000000070c500000, 0x000000070c500000| Untracked 
| 198|0x000000070c600000, 0x000000070c600000, 0x000000070c700000|  0%| F|  |TAMS 0x000000070c600000, 0x000000070c600000| Untracked 
| 199|0x000000070c700000, 0x000000070c700000, 0x000000070c800000|  0%| F|  |TAMS 0x000000070c700000, 0x000000070c700000| Untracked 
| 200|0x000000070c800000, 0x000000070c800000, 0x000000070c900000|  0%| F|  |TAMS 0x000000070c800000, 0x000000070c800000| Untracked 
| 201|0x000000070c900000, 0x000000070c900000, 0x000000070ca00000|  0%| F|  |TAMS 0x000000070c900000, 0x000000070c900000| Untracked 
| 202|0x000000070ca00000, 0x000000070ca00000, 0x000000070cb00000|  0%| F|  |TAMS 0x000000070ca00000, 0x000000070ca00000| Untracked 
| 203|0x000000070cb00000, 0x000000070cb00000, 0x000000070cc00000|  0%| F|  |TAMS 0x000000070cb00000, 0x000000070cb00000| Untracked 
| 204|0x000000070cc00000, 0x000000070cc00000, 0x000000070cd00000|  0%| F|  |TAMS 0x000000070cc00000, 0x000000070cc00000| Untracked 
| 205|0x000000070cd00000, 0x000000070cd00000, 0x000000070ce00000|  0%| F|  |TAMS 0x000000070cd00000, 0x000000070cd00000| Untracked 
| 206|0x000000070ce00000, 0x000000070ce00000, 0x000000070cf00000|  0%| F|  |TAMS 0x000000070ce00000, 0x000000070ce00000| Untracked 
| 207|0x000000070cf00000, 0x000000070cf00000, 0x000000070d000000|  0%| F|  |TAMS 0x000000070cf00000, 0x000000070cf00000| Untracked 
| 208|0x000000070d000000, 0x000000070d000000, 0x000000070d100000|  0%| F|  |TAMS 0x000000070d000000, 0x000000070d000000| Untracked 
| 209|0x000000070d100000, 0x000000070d100000, 0x000000070d200000|  0%| F|  |TAMS 0x000000070d100000, 0x000000070d100000| Untracked 
| 210|0x000000070d200000, 0x000000070d200000, 0x000000070d300000|  0%| F|  |TAMS 0x000000070d200000, 0x000000070d200000| Untracked 
| 211|0x000000070d300000, 0x000000070d300000, 0x000000070d400000|  0%| F|  |TAMS 0x000000070d300000, 0x000000070d300000| Untracked 
| 212|0x000000070d400000, 0x000000070d400000, 0x000000070d500000|  0%| F|  |TAMS 0x000000070d400000, 0x000000070d400000| Untracked 
| 213|0x000000070d500000, 0x000000070d500000, 0x000000070d600000|  0%| F|  |TAMS 0x000000070d500000, 0x000000070d500000| Untracked 
| 214|0x000000070d600000, 0x000000070d600000, 0x000000070d700000|  0%| F|  |TAMS 0x000000070d600000, 0x000000070d600000| Untracked 
| 215|0x000000070d700000, 0x000000070d700000, 0x000000070d800000|  0%| F|  |TAMS 0x000000070d700000, 0x000000070d700000| Untracked 
| 216|0x000000070d800000, 0x000000070d800000, 0x000000070d900000|  0%| F|  |TAMS 0x000000070d800000, 0x000000070d800000| Untracked 
| 217|0x000000070d900000, 0x000000070d900000, 0x000000070da00000|  0%| F|  |TAMS 0x000000070d900000, 0x000000070d900000| Untracked 
| 218|0x000000070da00000, 0x000000070da00000, 0x000000070db00000|  0%| F|  |TAMS 0x000000070da00000, 0x000000070da00000| Untracked 
| 219|0x000000070db00000, 0x000000070db00000, 0x000000070dc00000|  0%| F|  |TAMS 0x000000070db00000, 0x000000070db00000| Untracked 
| 220|0x000000070dc00000, 0x000000070dc00000, 0x000000070dd00000|  0%| F|  |TAMS 0x000000070dc00000, 0x000000070dc00000| Untracked 
| 221|0x000000070dd00000, 0x000000070dd00000, 0x000000070de00000|  0%| F|  |TAMS 0x000000070dd00000, 0x000000070dd00000| Untracked 
| 222|0x000000070de00000, 0x000000070de00000, 0x000000070df00000|  0%| F|  |TAMS 0x000000070de00000, 0x000000070de00000| Untracked 
| 223|0x000000070df00000, 0x000000070df00000, 0x000000070e000000|  0%| F|  |TAMS 0x000000070df00000, 0x000000070df00000| Untracked 
| 224|0x000000070e000000, 0x000000070e000000, 0x000000070e100000|  0%| F|  |TAMS 0x000000070e000000, 0x000000070e000000| Untracked 
| 225|0x000000070e100000, 0x000000070e100000, 0x000000070e200000|  0%| F|  |TAMS 0x000000070e100000, 0x000000070e100000| Untracked 
| 226|0x000000070e200000, 0x000000070e200000, 0x000000070e300000|  0%| F|  |TAMS 0x000000070e200000, 0x000000070e200000| Untracked 
| 227|0x000000070e300000, 0x000000070e300000, 0x000000070e400000|  0%| F|  |TAMS 0x000000070e300000, 0x000000070e300000| Untracked 
| 228|0x000000070e400000, 0x000000070e400000, 0x000000070e500000|  0%| F|  |TAMS 0x000000070e400000, 0x000000070e400000| Untracked 
| 229|0x000000070e500000, 0x000000070e500000, 0x000000070e600000|  0%| F|  |TAMS 0x000000070e500000, 0x000000070e500000| Untracked 
| 230|0x000000070e600000, 0x000000070e600000, 0x000000070e700000|  0%| F|  |TAMS 0x000000070e600000, 0x000000070e600000| Untracked 
| 231|0x000000070e700000, 0x000000070e700000, 0x000000070e800000|  0%| F|  |TAMS 0x000000070e700000, 0x000000070e700000| Untracked 
| 232|0x000000070e800000, 0x000000070e800000, 0x000000070e900000|  0%| F|  |TAMS 0x000000070e800000, 0x000000070e800000| Untracked 
| 233|0x000000070e900000, 0x000000070e900000, 0x000000070ea00000|  0%| F|  |TAMS 0x000000070e900000, 0x000000070e900000| Untracked 
| 234|0x000000070ea00000, 0x000000070ea00000, 0x000000070eb00000|  0%| F|  |TAMS 0x000000070ea00000, 0x000000070ea00000| Untracked 
| 235|0x000000070eb00000, 0x000000070eb00000, 0x000000070ec00000|  0%| F|  |TAMS 0x000000070eb00000, 0x000000070eb00000| Untracked 
| 236|0x000000070ec00000, 0x000000070ec00000, 0x000000070ed00000|  0%| F|  |TAMS 0x000000070ec00000, 0x000000070ec00000| Untracked 
| 237|0x000000070ed00000, 0x000000070ed00000, 0x000000070ee00000|  0%| F|  |TAMS 0x000000070ed00000, 0x000000070ed00000| Untracked 
| 238|0x000000070ee00000, 0x000000070ee00000, 0x000000070ef00000|  0%| F|  |TAMS 0x000000070ee00000, 0x000000070ee00000| Untracked 
| 239|0x000000070ef00000, 0x000000070ef00000, 0x000000070f000000|  0%| F|  |TAMS 0x000000070ef00000, 0x000000070ef00000| Untracked 
| 240|0x000000070f000000, 0x000000070f000000, 0x000000070f100000|  0%| F|  |TAMS 0x000000070f000000, 0x000000070f000000| Untracked 
| 241|0x000000070f100000, 0x000000070f100000, 0x000000070f200000|  0%| F|  |TAMS 0x000000070f100000, 0x000000070f100000| Untracked 
| 242|0x000000070f200000, 0x000000070f200000, 0x000000070f300000|  0%| F|  |TAMS 0x000000070f200000, 0x000000070f200000| Untracked 
| 243|0x000000070f300000, 0x000000070f300000, 0x000000070f400000|  0%| F|  |TAMS 0x000000070f300000, 0x000000070f300000| Untracked 
| 244|0x000000070f400000, 0x000000070f400000, 0x000000070f500000|  0%| F|  |TAMS 0x000000070f400000, 0x000000070f400000| Untracked 
| 245|0x000000070f500000, 0x000000070f500000, 0x000000070f600000|  0%| F|  |TAMS 0x000000070f500000, 0x000000070f500000| Untracked 
| 246|0x000000070f600000, 0x000000070f600000, 0x000000070f700000|  0%| F|  |TAMS 0x000000070f600000, 0x000000070f600000| Untracked 
| 247|0x000000070f700000, 0x000000070f700000, 0x000000070f800000|  0%| F|  |TAMS 0x000000070f700000, 0x000000070f700000| Untracked 
| 248|0x000000070f800000, 0x000000070f800000, 0x000000070f900000|  0%| F|  |TAMS 0x000000070f800000, 0x000000070f800000| Untracked 
| 249|0x000000070f900000, 0x000000070f900000, 0x000000070fa00000|  0%| F|  |TAMS 0x000000070f900000, 0x000000070f900000| Untracked 
| 250|0x000000070fa00000, 0x000000070fa00000, 0x000000070fb00000|  0%| F|  |TAMS 0x000000070fa00000, 0x000000070fa00000| Untracked 
| 251|0x000000070fb00000, 0x000000070fb00000, 0x000000070fc00000|  0%| F|  |TAMS 0x000000070fb00000, 0x000000070fb00000| Untracked 
| 252|0x000000070fc00000, 0x000000070fc06a58, 0x000000070fd00000|  2%| E|  |TAMS 0x000000070fc00000, 0x000000070fc00000| Complete 
| 253|0x000000070fd00000, 0x000000070fe00000, 0x000000070fe00000|100%| E|CS|TAMS 0x000000070fd00000, 0x000000070fd00000| Complete 
| 254|0x000000070fe00000, 0x000000070ff00000, 0x000000070ff00000|100%| E|  |TAMS 0x000000070fe00000, 0x000000070fe00000| Complete 
| 255|0x000000070ff00000, 0x0000000710000000, 0x0000000710000000|100%| E|CS|TAMS 0x000000070ff00000, 0x000000070ff00000| Complete 

Card table byte_map: [0x0000000125996000,0x0000000126196000] _byte_map_base: 0x0000000122196000

Marking Bits (Prev, Next): (CMBitMap*) 0x00007fa2c603cc18, (CMBitMap*) 0x00007fa2c603cc50
 Prev Bits: [0x0000000126996000, 0x000000012a996000)
 Next Bits: [0x000000012a996000, 0x000000012e996000)

Polling page: 0x00000001026e5000

Metaspace:

Usage:
  Non-class:      5.59 MB capacity,     5.47 MB ( 98%) used,   121.52 KB (  2%) free+waste,     2.25 KB ( <1%) overhead. 
      Class:    528.00 KB capacity,   484.24 KB ( 92%) used,    42.88 KB (  8%) free+waste,   896 bytes ( <1%) overhead. 
       Both:      6.11 MB capacity,     5.94 MB ( 97%) used,   164.41 KB (  3%) free+waste,     3.12 KB ( <1%) overhead. 

Virtual space:
  Non-class space:        8.00 MB reserved,       5.75 MB ( 72%) committed 
      Class space:        1.00 GB reserved,     640.00 KB ( <1%) committed 
             Both:        1.01 GB reserved,       6.38 MB ( <1%) committed 

Chunk freelists:
   Non-Class:  9.00 KB
       Class:  16.00 KB
        Both:  25.00 KB

MaxMetaspaceSize: unlimited
CompressedClassSpaceSize: 1.00 GB
Initial GC threshold: 20.80 MB
Current GC threshold: 20.80 MB
CDS: off

CodeHeap 'non-profiled nmethods': size=120032Kb used=50Kb max_used=50Kb free=119981Kb
 bounds [0x000000011e45e000, 0x000000011e6ce000, 0x0000000125996000]
CodeHeap 'profiled nmethods': size=120028Kb used=221Kb max_used=221Kb free=119806Kb
 bounds [0x0000000116f27000, 0x0000000117197000, 0x000000011e45e000]
CodeHeap 'non-nmethods': size=5700Kb used=1083Kb max_used=1091Kb free=4616Kb
 bounds [0x0000000116996000, 0x0000000116c06000, 0x0000000116f27000]
 total_blobs=515 nmethods=188 adapters=242
 compilation: enabled
              stopped_count=0, restarted_count=0
 full_count=0

Compilation events (20 events):
Event: 0.192 Thread 0x00007fa2c6078800  179       3       java.util.ArrayList::get (15 bytes)
Event: 0.192 Thread 0x00007fa2c6078800 nmethod 179 0x0000000116f57d90 code [0x0000000116f57fc0, 0x0000000116f587a0]
Event: 0.192 Thread 0x00007fa2c6078800  180       3       java.util.Objects::checkIndex (7 bytes)
Event: 0.193 Thread 0x00007fa2c6078800 nmethod 180 0x0000000116f58a90 code [0x0000000116f58ca0, 0x0000000116f59340]
Event: 0.195 Thread 0x00007fa2c6078800  181       3       java.nio.Buffer::hasRemaining (17 bytes)
Event: 0.195 Thread 0x00007fa2c6078800 nmethod 181 0x0000000116f59590 code [0x0000000116f59740, 0x0000000116f59890]
Event: 0.195 Thread 0x00007fa2c6078800  182   !   3       java.nio.DirectByteBuffer::get (28 bytes)
Event: 0.195 Thread 0x00007fa2c6078800 nmethod 182 0x0000000116f59910 code [0x0000000116f59b00, 0x0000000116f59ee0]
Event: 0.195 Thread 0x00007fa2c6078800  183       3       java.nio.Buffer::nextGetIndex (30 bytes)
Event: 0.195 Thread 0x00007fa2c6078800 nmethod 183 0x0000000116f5a110 code [0x0000000116f5a2e0, 0x0000000116f5a4a0]
Event: 0.196 Thread 0x00007fa2c6078800  184       3       java.util.zip.ZipFile::ensureOpen (38 bytes)
Event: 0.196 Thread 0x00007fa2c6078800 nmethod 184 0x0000000116f5a590 code [0x0000000116f5a780, 0x0000000116f5aad0]
Event: 0.196 Thread 0x00007fa2c6078800  185       1       java.net.URL::getFile (5 bytes)
Event: 0.196 Thread 0x00007fa2c6078800 nmethod 185 0x000000011e46a890 code [0x000000011e46aa40, 0x000000011e46aaf0]
Event: 0.199 Thread 0x00007fa2c6078800  186       3       java.util.zip.ZipFile$Source::getEntryPos (206 bytes)
Event: 0.199 Thread 0x00007fa2c6078800 nmethod 186 0x0000000116f5ac10 code [0x0000000116f5aea0, 0x0000000116f5bc60]
Event: 0.199 Thread 0x00007fa2c6078800  187   !   3       java.util.jar.JarFile::checkForSpecialAttributes (163 bytes)
Event: 0.200 Thread 0x00007fa2c6078800 nmethod 187 0x0000000116f5c290 code [0x0000000116f5c5c0, 0x0000000116f5d970]
Event: 0.200 Thread 0x00007fa2c6078800  188   !   3       java.util.jar.JarFile::isMultiRelease (33 bytes)
Event: 0.200 Thread 0x00007fa2c6078800 nmethod 188 0x0000000116f5e190 code [0x0000000116f5e360, 0x0000000116f5e540]

GC Heap History (0 events):
No events

Deoptimization events (4 events):
Event: 0.107 Thread 0x00007fa2c6009800 Uncommon trap: trap_request=0xffffff4d fr.pc=0x000000011e462d28 relative=0x0000000000000188
Event: 0.107 Thread 0x00007fa2c6009800 Uncommon trap: reason=unstable_if action=reinterpret pc=0x000000011e462d28 method=java.lang.String.hashCode()I @ 14 c2
Event: 0.107 Thread 0x00007fa2c6009800 DEOPT PACKING pc=0x000000011e462d28 sp=0x00000003090c94d0
Event: 0.107 Thread 0x00007fa2c6009800 DEOPT UNPACKING pc=0x00000001169dfe9f sp=0x00000003090c9488 mode 2

Classes redefined (0 events):
No events

Internal exceptions (0 events):
No events

Events (20 events):
Event: 0.191 loading class java/lang/IllegalStateException
Event: 0.191 loading class java/lang/IllegalStateException done
Event: 0.192 loading class oracle/jdbc/internal/OracleConnection
Event: 0.192 loading class oracle/jdbc/internal/OracleConnection done
Event: 0.193 loading class oracle/jdbc/OracleConnection
Event: 0.193 loading class oracle/jdbc/OracleConnection done
Event: 0.196 loading class oracle/jdbc/internal/ACProxyable
Event: 0.196 loading class oracle/jdbc/internal/ACProxyable done
Event: 0.198 loading class java/lang/PublicMethods$MethodList
Event: 0.198 loading class java/lang/PublicMethods$MethodList done
Event: 0.199 loading class oracle/jdbc/driver/OracleConnection
Event: 0.199 loading class oracle/jdbc/driver/OracleConnection done
Event: 0.199 loading class oracle/jdbc/internal/ClientDataSupport
Event: 0.199 loading class oracle/jdbc/internal/ClientDataSupport done
Event: 0.199 loading class oracle/jdbc/OracleConnectionWrapper
Event: 0.199 loading class oracle/jdbc/OracleConnectionWrapper done
Event: 0.201 loading class java/lang/PublicMethods$Key
Event: 0.201 loading class java/lang/PublicMethods$Key done
Event: 0.201 loading class java/lang/Class$EnclosingMethodInfo
Event: 0.201 loading class java/lang/Class$EnclosingMethodInfo done


Dynamic libraries:
0x000000010b03d000 	/Library/Java/JavaVirtualMachines/zulu-11.jdk/Contents/Home/lib/jli/libjli.dylib
0x00007ff82b2ea000 	/System/Library/Frameworks/Cocoa.framework/Versions/A/Cocoa
0x00007ff81311f000 	/System/Library/Frameworks/AppKit.framework/Versions/C/AppKit
0x00007ff816485000 	/System/Library/Frameworks/CoreData.framework/Versions/A/CoreData
0x00007ff810a42000 	/System/Library/Frameworks/Foundation.framework/Versions/C/Foundation
0x00007ff81d3e1000 	/usr/lib/libSystem.B.dylib
0x00007ff81454e000 	/System/Library/PrivateFrameworks/UIFoundation.framework/Versions/A/UIFoundation
0x00007ffb193e2000 	/System/Library/PrivateFrameworks/CollectionViewCore.framework/Versions/A/CollectionViewCore
0x00007ff824aba000 	/System/Library/PrivateFrameworks/RemoteViewServices.framework/Versions/A/RemoteViewServices
0x00007ff81acfe000 	/System/Library/PrivateFrameworks/XCTTargetBootstrap.framework/Versions/A/XCTTargetBootstrap
0x00007ff81feb8000 	/System/Library/PrivateFrameworks/InternationalSupport.framework/Versions/A/InternationalSupport
0x00007ff81ff0c000 	/System/Library/PrivateFrameworks/UserActivity.framework/Versions/A/UserActivity
0x00007ffc1beb6000 	/System/Library/PrivateFrameworks/WindowManagement.framework/Versions/A/WindowManagement
0x00007ff8106f1000 	/System/Library/Frameworks/SystemConfiguration.framework/Versions/A/SystemConfiguration
0x00007ff81f22f000 	/usr/lib/libspindump.dylib
0x00007ff81472b000 	/System/Library/Frameworks/UniformTypeIdentifiers.framework/Versions/A/UniformTypeIdentifiers
0x00007ff818ceb000 	/usr/lib/libapp_launch_measurement.dylib
0x00007ff8179cf000 	/System/Library/PrivateFrameworks/CoreAnalytics.framework/Versions/A/CoreAnalytics
0x00007ff818cee000 	/System/Library/PrivateFrameworks/CoreAutoLayout.framework/Versions/A/CoreAutoLayout
0x00007ff81a56a000 	/System/Library/Frameworks/Metal.framework/Versions/A/Metal
0x00007ff81b509000 	/usr/lib/liblangid.dylib
0x00007ff81ad03000 	/System/Library/PrivateFrameworks/CoreSVG.framework/Versions/A/CoreSVG
0x00007ff8150e8000 	/System/Library/PrivateFrameworks/SkyLight.framework/Versions/A/SkyLight
0x00007ff81554a000 	/System/Library/Frameworks/CoreGraphics.framework/Versions/A/CoreGraphics
0x00007ff82518e000 	/System/Library/Frameworks/Accelerate.framework/Versions/A/Accelerate
0x00007ff81f08f000 	/System/Library/PrivateFrameworks/IconServices.framework/Versions/A/IconServices
0x00007ff81a54b000 	/System/Library/Frameworks/IOSurface.framework/Versions/A/IOSurface
0x00007ff8179fb000 	/usr/lib/libDiagnosticMessagesClient.dylib
0x00007ff81d2f9000 	/usr/lib/libz.1.dylib
0x00007ff828bbb000 	/System/Library/Frameworks/ApplicationServices.framework/Versions/A/ApplicationServices
0x00007ff81aceb000 	/System/Library/PrivateFrameworks/DFRFoundation.framework/Versions/A/DFRFoundation
0x00007ff8129cd000 	/usr/lib/libicucore.A.dylib
0x00007ff820e5a000 	/System/Library/Frameworks/AudioToolbox.framework/Versions/A/AudioToolbox
0x00007ff81fec7000 	/System/Library/PrivateFrameworks/DataDetectorsCore.framework/Versions/A/DataDetectorsCore
0x00007ff91a378000 	/System/Library/PrivateFrameworks/TextInput.framework/Versions/A/TextInput
0x00007ff815041000 	/usr/lib/libMobileGestalt.dylib
0x00007ff81aa50000 	/System/Library/Frameworks/Carbon.framework/Versions/A/Frameworks/HIToolbox.framework/Versions/A/HIToolbox
0x00007ff818647000 	/System/Library/Frameworks/QuartzCore.framework/Versions/A/QuartzCore
0x00007ff81261f000 	/System/Library/Frameworks/Security.framework/Versions/A/Security
0x00007ff824af2000 	/System/Library/Frameworks/Carbon.framework/Versions/A/Frameworks/SpeechRecognition.framework/Versions/A/SpeechRecognition
0x00007ff818a1e000 	/System/Library/PrivateFrameworks/CoreUI.framework/Versions/A/CoreUI
0x00007ff811ef3000 	/System/Library/Frameworks/CoreAudio.framework/Versions/A/CoreAudio
0x00007ff817adb000 	/System/Library/Frameworks/DiskArbitration.framework/Versions/A/DiskArbitration
0x00007ff81f660000 	/System/Library/PrivateFrameworks/MultitouchSupport.framework/Versions/A/MultitouchSupport
0x00007ff815040000 	/usr/lib/libenergytrace.dylib
0x00007ff90fc38000 	/System/Library/PrivateFrameworks/RenderBox.framework/Versions/A/RenderBox
0x00007ff812ff6000 	/System/Library/Frameworks/IOKit.framework/Versions/A/IOKit
0x00007ff824ec6000 	/System/Library/Frameworks/CoreServices.framework/Versions/A/CoreServices
0x00007ff818c83000 	/System/Library/PrivateFrameworks/PerformanceAnalysis.framework/Versions/A/PerformanceAnalysis
0x00007ffa294bd000 	/System/Library/Frameworks/OpenGL.framework/Versions/A/OpenGL
0x00007ff818d37000 	/usr/lib/libxml2.2.dylib
0x00007ff81c5cc000 	/System/Library/PrivateFrameworks/MobileKeyBag.framework/Versions/A/MobileKeyBag
0x00007ff80f6dc000 	/usr/lib/libobjc.A.dylib
0x00007ff80f9de000 	/usr/lib/libc++.1.dylib
0x00007ff824e42000 	/System/Library/Frameworks/Accessibility.framework/Versions/A/Accessibility
0x00007ff815ddf000 	/System/Library/Frameworks/ColorSync.framework/Versions/A/ColorSync
0x00007ff80fb11000 	/System/Library/Frameworks/CoreFoundation.framework/Versions/A/CoreFoundation
0x00007ff81b076000 	/System/Library/Frameworks/CoreImage.framework/Versions/A/CoreImage
0x00007ff811cec000 	/System/Library/Frameworks/CoreText.framework/Versions/A/CoreText
0x00007ffb0f6dc000 	/System/Library/Frameworks/CoreTransferable.framework/Versions/A/CoreTransferable
0x00007ffb0fae1000 	/System/Library/Frameworks/DeveloperToolsSupport.framework/Versions/A/DeveloperToolsSupport
0x00007ff81ad3c000 	/System/Library/Frameworks/ImageIO.framework/Versions/A/ImageIO
0x00007ffb13d7b000 	/System/Library/Frameworks/Symbols.framework/Versions/A/Symbols
0x00007ff81d3e6000 	/System/Library/PrivateFrameworks/SoftLinking.framework/Versions/A/SoftLinking
0x00007ff8208ca000 	/usr/lib/swift/libswiftCore.dylib
0x00007ff916f3d000 	/usr/lib/swift/libswiftCoreFoundation.dylib
0x00007ff914b99000 	/usr/lib/swift/libswiftCoreGraphics.dylib
0x00007ff916f7b000 	/usr/lib/swift/libswiftCoreImage.dylib
0x00007ff914ba0000 	/usr/lib/swift/libswiftDarwin.dylib
0x00007ff826832000 	/usr/lib/swift/libswiftDispatch.dylib
0x00007ff916f7c000 	/usr/lib/swift/libswiftIOKit.dylib
0x00007ff922fc6000 	/usr/lib/swift/libswiftMetal.dylib
0x00007ffa106cc000 	/usr/lib/swift/libswiftOSLog.dylib
0x00007ff829027000 	/usr/lib/swift/libswiftObjectiveC.dylib
0x00007ff92756c000 	/usr/lib/swift/libswiftQuartzCore.dylib
0x00007ff92b675000 	/usr/lib/swift/libswiftUniformTypeIdentifiers.dylib
0x00007ff916f4d000 	/usr/lib/swift/libswiftXPC.dylib
0x00007ffc2457f000 	/usr/lib/swift/libswift_Concurrency.dylib
0x00007ff82902b000 	/usr/lib/swift/libswiftos.dylib
0x00007ff91a2da000 	/usr/lib/swift/libswiftsimd.dylib
0x00007ff81d57f000 	/usr/lib/libcompression.dylib
0x00007ff81fdf8000 	/System/Library/PrivateFrameworks/TextureIO.framework/Versions/A/TextureIO
0x00007ff81ec9a000 	/usr/lib/libate.dylib
0x00007ff81d3db000 	/usr/lib/system/libcache.dylib
0x00007ff81d397000 	/usr/lib/system/libcommonCrypto.dylib
0x00007ff81d3bf000 	/usr/lib/system/libcompiler_rt.dylib
0x00007ff81d3b4000 	/usr/lib/system/libcopyfile.dylib
0x00007ff80f815000 	/usr/lib/system/libcorecrypto.dylib
0x00007ff80f90c000 	/usr/lib/system/libdispatch.dylib
0x00007ff80fab6000 	/usr/lib/system/libdyld.dylib
0x00007ff81d3d1000 	/usr/lib/system/libkeymgr.dylib
0x00007ff81d378000 	/usr/lib/system/libmacho.dylib
0x00007ff81c6a7000 	/usr/lib/system/libquarantine.dylib
0x00007ff81d3cf000 	/usr/lib/system/libremovefile.dylib
0x00007ff8150b3000 	/usr/lib/system/libsystem_asl.dylib
0x00007ff80f7af000 	/usr/lib/system/libsystem_blocks.dylib
0x00007ff80f956000 	/usr/lib/system/libsystem_c.dylib
0x00007ff81d3c7000 	/usr/lib/system/libsystem_collections.dylib
0x00007ff81b4f9000 	/usr/lib/system/libsystem_configuration.dylib
0x00007ff81a522000 	/usr/lib/system/libsystem_containermanager.dylib
0x00007ff81cfc9000 	/usr/lib/system/libsystem_coreservices.dylib
0x00007ff812c6e000 	/usr/lib/system/libsystem_darwin.dylib
0x00007ffc248ad000 	/usr/lib/system/libsystem_darwindirectory.dylib
0x00007ff81d3d2000 	/usr/lib/system/libsystem_dnssd.dylib
0x00007ffc248b1000 	/usr/lib/system/libsystem_eligibility.dylib
0x00007ff80f953000 	/usr/lib/system/libsystem_featureflags.dylib
0x00007ff80fae6000 	/usr/lib/system/libsystem_info.dylib
0x00007ff81d30d000 	/usr/lib/system/libsystem_m.dylib
0x00007ff80f8cc000 	/usr/lib/system/libsystem_malloc.dylib
0x00007ff815027000 	/usr/lib/system/libsystem_networkextension.dylib
0x00007ff8130ba000 	/usr/lib/system/libsystem_notify.dylib
0x00007ff81b4fd000 	/usr/lib/system/libsystem_sandbox.dylib
0x00007ffc248b4000 	/usr/lib/system/libsystem_sanitizers.dylib
0x00007ff81d3cc000 	/usr/lib/system/libsystem_secinit.dylib
0x00007ff80fa6f000 	/usr/lib/system/libsystem_kernel.dylib
0x00007ff80fadb000 	/usr/lib/system/libsystem_platform.dylib
0x00007ff80faaa000 	/usr/lib/system/libsystem_pthread.dylib
0x00007ff816d26000 	/usr/lib/system/libsystem_symptoms.dylib
0x00007ff80f7fb000 	/usr/lib/system/libsystem_trace.dylib
0x00007ff81d3a3000 	/usr/lib/system/libunwind.dylib
0x00007ff80f7b3000 	/usr/lib/system/libxpc.dylib
0x00007ff80fa59000 	/usr/lib/libc++abi.dylib
0x00007ff81d3ac000 	/usr/lib/liboah.dylib
0x00007ff81ea20000 	/usr/lib/liblzma.5.dylib
0x00007ff81d3e3000 	/usr/lib/libfakelink.dylib
0x00007ff814c78000 	/System/Library/Frameworks/CFNetwork.framework/Versions/A/CFNetwork
0x00007ff81d435000 	/usr/lib/libarchive.2.dylib
0x00007ff822d3b000 	/System/Library/Frameworks/Combine.framework/Versions/A/Combine
0x00007ffb193f7000 	/System/Library/PrivateFrameworks/CollectionsInternal.framework/Versions/A/CollectionsInternal
0x00007ffb2f08e000 	/System/Library/PrivateFrameworks/ReflectionInternal.framework/Versions/A/ReflectionInternal
0x00007ffb2f60d000 	/System/Library/PrivateFrameworks/RuntimeInternal.framework/Versions/A/RuntimeInternal
0x00007ffc246ba000 	/usr/lib/swift/libswift_StringProcessing.dylib
0x00007ff812f74000 	/System/Library/PrivateFrameworks/CoreServicesInternal.framework/Versions/A/CoreServicesInternal
0x00007ff81c6cc000 	/usr/lib/libbsm.0.dylib
0x00007ff81d37e000 	/usr/lib/system/libkxld.dylib
0x00007ff818cb6000 	/System/Library/Frameworks/CoreServices.framework/Versions/A/Frameworks/FSEvents.framework/Versions/A/FSEvents
0x00007ff812c79000 	/System/Library/Frameworks/CoreServices.framework/Versions/A/Frameworks/CarbonCore.framework/Versions/A/CarbonCore
0x00007ff817a43000 	/System/Library/Frameworks/CoreServices.framework/Versions/A/Frameworks/Metadata.framework/Versions/A/Metadata
0x00007ff81cfcf000 	/System/Library/Frameworks/CoreServices.framework/Versions/A/Frameworks/OSServices.framework/Versions/A/OSServices
0x00007ff81d4be000 	/System/Library/Frameworks/CoreServices.framework/Versions/A/Frameworks/SearchKit.framework/Versions/A/SearchKit
0x00007ff816cac000 	/System/Library/Frameworks/CoreServices.framework/Versions/A/Frameworks/AE.framework/Versions/A/AE
0x00007ff80ffab000 	/System/Library/Frameworks/CoreServices.framework/Versions/A/Frameworks/LaunchServices.framework/Versions/A/LaunchServices
0x00007ff81e9d1000 	/System/Library/Frameworks/CoreServices.framework/Versions/A/Frameworks/DictionaryServices.framework/Versions/A/DictionaryServices
0x00007ff818cc3000 	/System/Library/Frameworks/CoreServices.framework/Versions/A/Frameworks/SharedFileList.framework/Versions/A/SharedFileList
0x00007ff81d549000 	/usr/lib/libapple_nghttp2.dylib
0x00007ff816921000 	/usr/lib/libsqlite3.dylib
0x00007ff816d2e000 	/System/Library/Frameworks/Network.framework/Versions/A/Network
0x00007ffc22f2f000 	/usr/lib/libCoreEntitlements.dylib
0x00007ffb2a86b000 	/System/Library/PrivateFrameworks/MessageSecurity.framework/Versions/A/MessageSecurity
0x00007ff816908000 	/System/Library/PrivateFrameworks/ProtocolBuffer.framework/Versions/A/ProtocolBuffer
0x00007ff81ceec000 	/System/Library/PrivateFrameworks/AppleFSCompression.framework/Versions/A/AppleFSCompression
0x00007ff81c6b4000 	/usr/lib/libcoretls.dylib
0x00007ff81ea3f000 	/usr/lib/libcoretls_cfhelpers.dylib
0x00007ff81d579000 	/usr/lib/libpam.2.dylib
0x00007ff81eab8000 	/usr/lib/libxar.1.dylib
0x00007ff81f068000 	/usr/lib/libheimdal-asn1.dylib
0x00007ff814c77000 	/usr/lib/libnetwork.dylib
0x00007ff81d3e7000 	/usr/lib/libpcap.A.dylib
0x00007ff816d1c000 	/usr/lib/libdns_services.dylib
0x00007ff81b504000 	/System/Library/PrivateFrameworks/AppleSystemInfo.framework/Versions/A/AppleSystemInfo
0x00007ff81c3cd000 	/System/Library/PrivateFrameworks/IOMobileFramebuffer.framework/Versions/A/IOMobileFramebuffer
0x00007ffc2460c000 	/usr/lib/swift/libswift_RegexParser.dylib
0x00007ff81cfba000 	/usr/lib/libbz2.1.0.dylib
0x00007ff81c6aa000 	/usr/lib/libCheckFix.dylib
0x00007ff8150ca000 	/System/Library/PrivateFrameworks/TCC.framework/Versions/A/TCC
0x00007ff81b50b000 	/System/Library/PrivateFrameworks/CoreNLP.framework/Versions/A/CoreNLP
0x00007ff8179fd000 	/System/Library/PrivateFrameworks/MetadataUtilities.framework/Versions/A/MetadataUtilities
0x00007ff81c6dc000 	/usr/lib/libmecab.dylib
0x00007ff810778000 	/usr/lib/libCRFSuite.dylib
0x00007ff81c735000 	/usr/lib/libgermantok.dylib
0x00007ff81d524000 	/usr/lib/libThaiTokenizer.dylib
0x00007ff817ae3000 	/System/Library/Frameworks/Accelerate.framework/Versions/A/Frameworks/vImage.framework/Versions/A/vImage
0x00007ff824e9c000 	/System/Library/Frameworks/Accelerate.framework/Versions/A/Frameworks/vecLib.framework/Versions/A/vecLib
0x00007ff81eafa000 	/System/Library/Frameworks/Accelerate.framework/Versions/A/Frameworks/vecLib.framework/Versions/A/libvMisc.dylib
0x00007ff81c19d000 	/System/Library/Frameworks/Accelerate.framework/Versions/A/Frameworks/vecLib.framework/Versions/A/libvDSP.dylib
0x00007ff8103b8000 	/System/Library/Frameworks/Accelerate.framework/Versions/A/Frameworks/vecLib.framework/Versions/A/libBLAS.dylib
0x00007ff81d661000 	/System/Library/Frameworks/Accelerate.framework/Versions/A/Frameworks/vecLib.framework/Versions/A/libLAPACK.dylib
0x00007ff81c738000 	/System/Library/Frameworks/Accelerate.framework/Versions/A/Frameworks/vecLib.framework/Versions/A/libLinearAlgebra.dylib
0x00007ff81d564000 	/System/Library/Frameworks/Accelerate.framework/Versions/A/Frameworks/vecLib.framework/Versions/A/libSparseBLAS.dylib
0x00007ff81d65b000 	/System/Library/Frameworks/Accelerate.framework/Versions/A/Frameworks/vecLib.framework/Versions/A/libQuadrature.dylib
0x00007ff81b621000 	/System/Library/Frameworks/Accelerate.framework/Versions/A/Frameworks/vecLib.framework/Versions/A/libBNNS.dylib
0x00007ff810679000 	/System/Library/Frameworks/Accelerate.framework/Versions/A/Frameworks/vecLib.framework/Versions/A/libSparse.dylib
0x00007ffb29110000 	/System/Library/PrivateFrameworks/MIL.framework/Versions/A/MIL
0x00007ff81d41d000 	/usr/lib/libiconv.2.dylib
0x00007ff81d377000 	/usr/lib/libcharset.1.dylib
0x00007ff818c9a000 	/System/Library/Frameworks/OpenDirectory.framework/Versions/A/Frameworks/CFOpenDirectory.framework/Versions/A/CFOpenDirectory
0x00007ff818c8e000 	/System/Library/Frameworks/OpenDirectory.framework/Versions/A/OpenDirectory
0x00007ff81ea41000 	/System/Library/PrivateFrameworks/APFS.framework/Versions/A/APFS
0x00007ff81c5ef000 	/System/Library/Frameworks/SecurityFoundation.framework/Versions/A/SecurityFoundation
0x00007ff81eac6000 	/usr/lib/libutil.dylib
0x00007ffb2751c000 	/System/Library/PrivateFrameworks/InstalledContentLibrary.framework/Versions/A/InstalledContentLibrary
0x00007ff812fb6000 	/System/Library/PrivateFrameworks/CoreServicesStore.framework/Versions/A/CoreServicesStore
0x00007ffb16ffe000 	/System/Library/PrivateFrameworks/AppleMobileFileIntegrity.framework/Versions/A/AppleMobileFileIntegrity
0x00007ff916f0f000 	/usr/lib/libmis.dylib
0x00007ff927a48000 	/System/Library/PrivateFrameworks/MobileSystemServices.framework/Versions/A/MobileSystemServices
0x00007ffa2518c000 	/System/Library/PrivateFrameworks/ConfigProfileHelper.framework/Versions/A/ConfigProfileHelper
0x00007ff81d526000 	/System/Library/PrivateFrameworks/AppleSauce.framework/Versions/A/AppleSauce
0x00007ff811679000 	/System/Library/PrivateFrameworks/LanguageModeling.framework/Versions/A/LanguageModeling
0x00007ff81eaca000 	/usr/lib/libxslt.1.dylib
0x00007ff81d424000 	/usr/lib/libcmph.dylib
0x00007ff81c39b000 	/System/Library/PrivateFrameworks/CoreEmoji.framework/Versions/A/CoreEmoji
0x00007ff81b61b000 	/System/Library/PrivateFrameworks/LinguisticData.framework/Versions/A/LinguisticData
0x00007ff810590000 	/System/Library/PrivateFrameworks/Lexicon.framework/Versions/A/Lexicon
0x00007ff81c678000 	/System/Library/PrivateFrameworks/BackgroundTaskManagement.framework/Versions/A/BackgroundTaskManagement
0x00007ffc2309e000 	/usr/lib/libTLE.dylib
0x00007ff81f52a000 	/System/Library/PrivateFrameworks/AppleJPEG.framework/Versions/A/AppleJPEG
0x00007ff81f04d000 	/usr/lib/libexpat.1.dylib
0x00007ff81fc53000 	/System/Library/Frameworks/ImageIO.framework/Versions/A/Resources/libPng.dylib
0x00007ff81fc80000 	/System/Library/Frameworks/ImageIO.framework/Versions/A/Resources/libTIFF.dylib
0x00007ff81fd72000 	/System/Library/Frameworks/ImageIO.framework/Versions/A/Resources/libGIF.dylib
0x00007ff81f576000 	/System/Library/Frameworks/ImageIO.framework/Versions/A/Resources/libJP2.dylib
0x00007ff81fd12000 	/System/Library/Frameworks/ImageIO.framework/Versions/A/Resources/libJPEG.dylib
0x00007ff81fd09000 	/System/Library/Frameworks/ImageIO.framework/Versions/A/Resources/libRadiance.dylib
0x00007ff81a8f0000 	/System/Library/PrivateFrameworks/FontServices.framework/libFontParser.dylib
0x00007ff816c49000 	/System/Library/PrivateFrameworks/RunningBoardServices.framework/Versions/A/RunningBoardServices
0x00007ff82babd000 	/System/Library/PrivateFrameworks/IOSurfaceAccelerator.framework/Versions/A/IOSurfaceAccelerator
0x00007ff81f65e000 	/System/Library/PrivateFrameworks/WatchdogClient.framework/Versions/A/WatchdogClient
0x00007ff811846000 	/System/Library/Frameworks/CoreDisplay.framework/Versions/A/CoreDisplay
0x00007ff81a7bf000 	/System/Library/Frameworks/CoreMedia.framework/Versions/A/CoreMedia
0x00007ff81a561000 	/System/Library/PrivateFrameworks/IOAccelerator.framework/Versions/A/IOAccelerator
0x00007ff818e17000 	/System/Library/Frameworks/CoreVideo.framework/Versions/A/CoreVideo
0x00007ff81d577000 	/System/Library/Frameworks/MetalPerformanceShaders.framework/Versions/A/MetalPerformanceShaders
0x00007ff81f69d000 	/System/Library/Frameworks/VideoToolbox.framework/Versions/A/VideoToolbox
0x00007ff818ea4000 	/System/Library/PrivateFrameworks/UserManagement.framework/Versions/A/UserManagement
0x00007ff816b72000 	/System/Library/PrivateFrameworks/BaseBoard.framework/Versions/A/BaseBoard
0x00007ff81b503000 	/System/Library/PrivateFrameworks/AggregateDictionary.framework/Versions/A/AggregateDictionary
0x00007ffb16dfc000 	/System/Library/PrivateFrameworks/AppleKeyStore.framework/Versions/A/AppleKeyStore
0x00007ff81fd02000 	/System/Library/PrivateFrameworks/GPUWrangler.framework/Versions/A/GPUWrangler
0x00007ff81fce6000 	/System/Library/PrivateFrameworks/IOPresentment.framework/Versions/A/IOPresentment
0x00007ff81fd0c000 	/System/Library/PrivateFrameworks/DSExternalDisplay.framework/Versions/A/DSExternalDisplay
0x00007ffb234ec000 	/System/Library/PrivateFrameworks/GPUCompiler.framework/Versions/32023/Libraries/libllvm-flatbuffers.dylib
0x00007ffa294b1000 	/System/Library/Frameworks/OpenGL.framework/Versions/A/Libraries/libCoreFSCache.dylib
0x00007ffb1ffe2000 	/System/Library/PrivateFrameworks/GPUCompiler.framework/Versions/32023/Libraries/libGPUCompilerUtils.dylib
0x00007ff81fd78000 	/System/Library/PrivateFrameworks/CMCaptureCore.framework/Versions/A/CMCaptureCore
0x00007ffb0fbdd000 	/System/Library/Frameworks/ExtensionFoundation.framework/Versions/A/ExtensionFoundation
0x00007ff827083000 	/System/Library/PrivateFrameworks/CoreTime.framework/Versions/A/CoreTime
0x00007ff81f218000 	/System/Library/PrivateFrameworks/AppServerSupport.framework/Versions/A/AppServerSupport
0x00007ff8217b3000 	/System/Library/PrivateFrameworks/perfdata.framework/Versions/A/perfdata
0x00007ff811974000 	/System/Library/PrivateFrameworks/AudioToolboxCore.framework/Versions/A/AudioToolboxCore
0x00007ff81a799000 	/System/Library/PrivateFrameworks/caulk.framework/Versions/A/caulk
0x00007ff82104b000 	/usr/lib/libAudioStatistics.dylib
0x00007ff9162b0000 	/System/Library/PrivateFrameworks/SystemPolicy.framework/Versions/A/SystemPolicy
0x00007ff82130d000 	/usr/lib/libSMC.dylib
0x00007ff82b146000 	/System/Library/Frameworks/CoreMIDI.framework/Versions/A/CoreMIDI
0x00007ff81fc1a000 	/usr/lib/libAudioToolboxUtility.dylib
0x00007ff9118b4000 	/System/Library/PrivateFrameworks/OSAServicesClient.framework/Versions/A/OSAServicesClient
0x00007ff8217c1000 	/usr/lib/libperfcheck.dylib
0x00007ff826b2e000 	/System/Library/PrivateFrameworks/BoardServices.framework/Versions/A/BoardServices
0x00007ff81ef2d000 	/System/Library/PrivateFrameworks/PlugInKit.framework/Versions/A/PlugInKit
0x00007ff81c5e2000 	/System/Library/PrivateFrameworks/AssertionServices.framework/Versions/A/AssertionServices
0x00007ffa139fe000 	/System/Library/PrivateFrameworks/Symbolication.framework/Versions/A/Symbolication
0x00007ffb2e02f000 	/System/Library/PrivateFrameworks/PhotosensitivityProcessing.framework/Versions/A/PhotosensitivityProcessing
0x00007ffa2a190000 	/System/Library/Frameworks/OpenCL.framework/Versions/A/OpenCL
0x00007ff81f1c3000 	/System/Library/PrivateFrameworks/GraphVisualizer.framework/Versions/A/GraphVisualizer
0x00007ffa2950e000 	/System/Library/Frameworks/OpenGL.framework/Versions/A/Libraries/libGLU.dylib
0x00007ffa294d0000 	/System/Library/Frameworks/OpenGL.framework/Versions/A/Libraries/libGFXShared.dylib
0x00007ffa296cc000 	/System/Library/Frameworks/OpenGL.framework/Versions/A/Libraries/libGL.dylib
0x00007ffa294d8000 	/System/Library/Frameworks/OpenGL.framework/Versions/A/Libraries/libGLImage.dylib
0x00007ffa294cd000 	/System/Library/Frameworks/OpenGL.framework/Versions/A/Libraries/libCVMSPluginSupport.dylib
0x00007ffc2305a000 	/usr/lib/libRosetta.dylib
0x00007ffa294b8000 	/System/Library/Frameworks/OpenGL.framework/Versions/A/Libraries/libCoreVMClient.dylib
0x00007ffb1e11a000 	/System/Library/PrivateFrameworks/FontServices.framework/Versions/A/FontServices
0x00007ff81f1d2000 	/System/Library/PrivateFrameworks/OTSVG.framework/Versions/A/OTSVG
0x00007ff8189d2000 	/System/Library/Frameworks/ApplicationServices.framework/Versions/A/Frameworks/ATS.framework/Versions/A/Resources/libFontRegistry.dylib
0x00007ff81f223000 	/System/Library/PrivateFrameworks/FontServices.framework/libhvf.dylib
0x00007ffb1e11b000 	/System/Library/PrivateFrameworks/FontServices.framework/libXTFontStaticRegistryData.dylib
0x00007ff81b442000 	/System/Library/Frameworks/MetalPerformanceShaders.framework/Versions/A/Frameworks/MPSCore.framework/Versions/A/MPSCore
0x00007ff81ce46000 	/System/Library/Frameworks/MetalPerformanceShaders.framework/Versions/A/Frameworks/MPSImage.framework/Versions/A/MPSImage
0x00007ff81c74e000 	/System/Library/Frameworks/MetalPerformanceShaders.framework/Versions/A/Frameworks/MPSNeuralNetwork.framework/Versions/A/MPSNeuralNetwork
0x00007ff81ccbd000 	/System/Library/Frameworks/MetalPerformanceShaders.framework/Versions/A/Frameworks/MPSMatrix.framework/Versions/A/MPSMatrix
0x00007ff81ca6f000 	/System/Library/Frameworks/MetalPerformanceShaders.framework/Versions/A/Frameworks/MPSRayIntersector.framework/Versions/A/MPSRayIntersector
0x00007ff81ccfc000 	/System/Library/Frameworks/MetalPerformanceShaders.framework/Versions/A/Frameworks/MPSNDArray.framework/Versions/A/MPSNDArray
0x00007ffb112f8000 	/System/Library/Frameworks/MetalPerformanceShaders.framework/Versions/A/Frameworks/MPSFunctions.framework/Versions/A/MPSFunctions
0x00007ffb112db000 	/System/Library/Frameworks/MetalPerformanceShaders.framework/Versions/A/Frameworks/MPSBenchmarkLoop.framework/Versions/A/MPSBenchmarkLoop
0x00007ff810268000 	/System/Library/PrivateFrameworks/MetalTools.framework/Versions/A/MetalTools
0x00007ff91b62f000 	/System/Library/PrivateFrameworks/IOAccelMemoryInfo.framework/Versions/A/IOAccelMemoryInfo
0x00007ff927948000 	/System/Library/PrivateFrameworks/kperf.framework/Versions/A/kperf
0x00007ff916f31000 	/System/Library/PrivateFrameworks/GPURawCounter.framework/Versions/A/GPURawCounter
0x00007ff826f58000 	/System/Library/PrivateFrameworks/CoreSymbolication.framework/Versions/A/CoreSymbolication
0x00007ff916ee1000 	/System/Library/PrivateFrameworks/MallocStackLogging.framework/Versions/A/MallocStackLogging
0x00007ff81edd2000 	/System/Library/PrivateFrameworks/CrashReporterSupport.framework/Versions/A/CrashReporterSupport
0x00007ff826f19000 	/System/Library/PrivateFrameworks/DebugSymbols.framework/Versions/A/DebugSymbols
0x00007ff92635d000 	/System/Library/PrivateFrameworks/OSAnalytics.framework/Versions/A/OSAnalytics
0x00007ffc1a380000 	/System/Library/PrivateFrameworks/VideoToolboxParavirtualizationSupport.framework/Versions/A/VideoToolboxParavirtualizationSupport
0x00007ff81efff000 	/System/Library/PrivateFrameworks/AppleVA.framework/Versions/A/AppleVA
0x00007ff82108b000 	/System/Library/Frameworks/ApplicationServices.framework/Versions/A/Frameworks/ATS.framework/Versions/A/ATS
0x00007ff815f8b000 	/System/Library/Frameworks/ApplicationServices.framework/Versions/A/Frameworks/HIServices.framework/Versions/A/HIServices
0x00007ff81fd86000 	/System/Library/Frameworks/ApplicationServices.framework/Versions/A/Frameworks/PrintCore.framework/Versions/A/PrintCore
0x00007ff821461000 	/System/Library/Frameworks/ApplicationServices.framework/Versions/A/Frameworks/QD.framework/Versions/A/QD
0x00007ff82145a000 	/System/Library/Frameworks/ApplicationServices.framework/Versions/A/Frameworks/ColorSyncLegacy.framework/Versions/A/ColorSyncLegacy
0x00007ff821061000 	/System/Library/Frameworks/ApplicationServices.framework/Versions/A/Frameworks/SpeechSynthesis.framework/Versions/A/SpeechSynthesis
0x00007ff81fd42000 	/System/Library/Frameworks/ApplicationServices.framework/Versions/A/Frameworks/ATSUI.framework/Versions/A/ATSUI
0x00007ff8213ec000 	/usr/lib/libcups.2.dylib
0x00007ff8217d0000 	/System/Library/Frameworks/Kerberos.framework/Versions/A/Kerberos
0x00007ff8217df000 	/System/Library/Frameworks/GSS.framework/Versions/A/GSS
0x00007ff821104000 	/usr/lib/libresolv.9.dylib
0x00007ff81f235000 	/System/Library/PrivateFrameworks/Heimdal.framework/Versions/A/Heimdal
0x00007ff828f99000 	/System/Library/Frameworks/Kerberos.framework/Versions/A/Libraries/libHeimdalProxy.dylib
0x00007ff82182c000 	/System/Library/PrivateFrameworks/CommonAuth.framework/Versions/A/CommonAuth
0x00007ffa2eb0a000 	/System/Library/Frameworks/AVFAudio.framework/Versions/A/AVFAudio
0x00007ff9118fb000 	/System/Library/PrivateFrameworks/AXCoreUtilities.framework/Versions/A/AXCoreUtilities
0x00007ffb288b9000 	/System/Library/PrivateFrameworks/IsolatedCoreAudioClient.framework/Versions/A/IsolatedCoreAudioClient
0x00007ff820fd2000 	/System/Library/PrivateFrameworks/AudioSession.framework/Versions/A/AudioSession
0x00007ff822b00000 	/System/Library/Frameworks/IOBluetooth.framework/Versions/A/IOBluetooth
0x00007ff81f10d000 	/System/Library/PrivateFrameworks/MediaExperience.framework/Versions/A/MediaExperience
0x00007ff820e25000 	/System/Library/PrivateFrameworks/AudioSession.framework/libSessionUtility.dylib
0x00007ff82146c000 	/System/Library/PrivateFrameworks/AudioResourceArbitration.framework/Versions/A/AudioResourceArbitration
0x00007ff825bc4000 	/System/Library/PrivateFrameworks/PowerLog.framework/Versions/A/PowerLog
0x00007ff825ae1000 	/System/Library/Frameworks/CoreBluetooth.framework/Versions/A/CoreBluetooth
0x00007ff828f9a000 	/System/Library/Frameworks/AudioUnit.framework/Versions/A/AudioUnit
0x00007ff81c455000 	/System/Library/PrivateFrameworks/CoreUtils.framework/Versions/A/CoreUtils
0x00007ffb1c643000 	/System/Library/PrivateFrameworks/CoreUtilsExtras.framework/Versions/A/CoreUtilsExtras
0x00007ffb273b0000 	/System/Library/PrivateFrameworks/IO80211.framework/Versions/A/IO80211
0x00007ff826a70000 	/System/Library/PrivateFrameworks/FrontBoardServices.framework/Versions/A/FrontBoardServices
0x00007ff828582000 	/System/Library/PrivateFrameworks/BackBoardServices.framework/Versions/A/BackBoardServices
0x00007ff81f071000 	/System/Library/PrivateFrameworks/IconFoundation.framework/Versions/A/IconFoundation
0x00007ff824ae2000 	/System/Library/PrivateFrameworks/SpeechRecognitionCore.framework/Versions/A/SpeechRecognitionCore
0x00007ff911914000 	/usr/lib/libAccessibility.dylib
0x00007ff8251d7000 	/System/Library/Frameworks/MediaAccessibility.framework/Versions/A/MediaAccessibility
0x00007ffa1737e000 	/System/Library/Frameworks/OSLog.framework/Versions/A/OSLog
0x00007ff916e6c000 	/System/Library/PrivateFrameworks/LoggingSupport.framework/Versions/A/LoggingSupport
0x000000010bed7000 	/Library/Java/JavaVirtualMachines/zulu-11.jdk/Contents/Home/lib/server/libjvm.dylib
0x000000010ac84000 	/Library/Java/JavaVirtualMachines/zulu-11.jdk/Contents/Home/lib/libverify.dylib
0x000000010acaa000 	/Library/Java/JavaVirtualMachines/zulu-11.jdk/Contents/Home/lib/libjava.dylib
0x000000010ac16000 	/Library/Java/JavaVirtualMachines/zulu-11.jdk/Contents/Home/lib/libjimage.dylib
0x000000010ad1f000 	/Library/Java/JavaVirtualMachines/zulu-11.jdk/Contents/Home/lib/libzip.dylib
0x000000010badd000 	/Library/Java/JavaVirtualMachines/zulu-11.jdk/Contents/Home/lib/libnio.dylib
0x000000010bb23000 	/Library/Java/JavaVirtualMachines/zulu-11.jdk/Contents/Home/lib/libnet.dylib


VM Arguments:
jvm_args: -Dfile.encoding=UTF-8 
java_command: oracle.jdbc.driver.JavaToJavaConverter$20
java_class_path (initial): /Users/minki/workspace-sts-3.9.18.RELEASE/Spring_Setting/target/classes:/Users/minki/Downloads/apache-tomcat-9.0.91/lib/tomcat-i18n-ko.jar:/Users/minki/Downloads/apache-tomcat-9.0.91/lib/el-api.jar:/Users/minki/Downloads/apache-tomcat-9.0.91/lib/tomcat-i18n-es.jar:/Users/minki/Downloads/apache-tomcat-9.0.91/lib/tomcat-websocket.jar:/Users/minki/Downloads/apache-tomcat-9.0.91/lib/jasper.jar:/Users/minki/Downloads/apache-tomcat-9.0.91/lib/jasper-el.jar:/Users/minki/Downloads/apache-tomcat-9.0.91/lib/tomcat-util.jar:/Users/minki/Downloads/apache-tomcat-9.0.91/lib/tomcat-i18n-de.jar:/Users/minki/Downloads/apache-tomcat-9.0.91/lib/catalina-storeconfig.jar:/Users/minki/Downloads/apache-tomcat-9.0.91/lib/jsp-api.jar:/Users/minki/Downloads/apache-tomcat-9.0.91/lib/catalina-tribes.jar:/Users/minki/Downloads/apache-tomcat-9.0.91/lib/tomcat-i18n-cs.jar:/Users/minki/Downloads/apache-tomcat-9.0.91/lib/catalina.jar:/Users/minki/Downloads/apache-tomcat-9.0.91/lib/tomcat-jni.jar:/Users/minki/Downloads/apache-tomcat-9.0.91/lib/ecj-4.20.jar:/Users/minki/Downloads/apache-tomcat-9.0.91/lib/tomcat-i18n-pt-BR.jar:/Users/minki/Downloads/apache-tomcat-9.0.91/lib/catalina-ssi.jar:/Users/minki/Downloads/apache-tomcat-9.0.91/lib/websocket-api.jar:/Users/minki/Downloads/apache-tomcat-9.0.91/lib/tomcat-coyote.jar:/Users/minki/Downloads/apache-tomcat-9.0.91/lib/catalina-ha.jar:/Users/minki/Downloads/apache-tomcat-9.0.91/lib/tomcat-api.jar:/Users/minki/Downloads/apache-tomcat-9.0.91/lib/annotations-api.jar:/Users/minki/Downloads/apache-tomcat-9.0.91/lib/jaspic-api.jar:/Users/minki/Downloads/apache-tomcat-9.0.91/lib/tomcat-i18n-zh-CN.jar:/Users/minki/Downloads/apache-tomcat-9.0.91/lib/catalina-ant.jar:/Users/minki/Downloads/apache-tomcat-9.0.91/lib/servlet-api.jar:/Users/minki/Downloads/apache-tomcat-9.0.91/lib/tomcat-util-scan.jar:/Users/minki/Downloads/apache-tomcat-9.0.91/lib/tomcat-i18n-ja.jar:/Users/minki/Downloads/apache-tomcat-9.0.91/lib/tomcat-i18n-ru.jar:/User
Launcher Type: SUN_STANDARD

[Global flags]
     intx CICompilerCount                          = 4                                         {product} {ergonomic}
     uint ConcGCThreads                            = 2                                         {product} {ergonomic}
     uint G1ConcRefinementThreads                  = 8                                         {product} {ergonomic}
   size_t G1HeapRegionSize                         = 1048576                                   {product} {ergonomic}
    uintx GCDrainStackTargetSize                   = 64                                        {product} {ergonomic}
   size_t InitialHeapSize                          = 268435456                                 {product} {ergonomic}
   size_t MarkStackSize                            = 4194304                                   {product} {ergonomic}
   size_t MaxHeapSize                              = 4294967296                                {product} {ergonomic}
   size_t MaxNewSize                               = 2576351232                                {product} {ergonomic}
   size_t MinHeapDeltaBytes                        = 1048576                                   {product} {ergonomic}
    uintx NonNMethodCodeHeapSize                   = 5836300                                {pd product} {ergonomic}
    uintx NonProfiledCodeHeapSize                  = 122910970                              {pd product} {ergonomic}
    uintx ProfiledCodeHeapSize                     = 122910970                              {pd product} {ergonomic}
    uintx ReservedCodeCacheSize                    = 251658240                              {pd product} {ergonomic}
     bool SegmentedCodeCache                       = true                                      {product} {ergonomic}
     bool UseCompressedClassPointers               = true                                 {lp64_product} {ergonomic}
     bool UseCompressedOops                        = true                                 {lp64_product} {ergonomic}
     bool UseG1GC                                  = true                                      {product} {ergonomic}

Logging:
Log output configuration:
 #0: stdout all=warning uptime,level,tags
 #1: stderr all=off uptime,level,tags

Environment Variables:
PATH=/usr/bin:/bin:/usr/sbin:/sbin
SHELL=/bin/zsh
TMPDIR=/var/folders/_b/jjlm9r4973nbpz7rp9f569n00000gn/T/

Signal Handlers:
SIGSEGV: [libjvm.dylib+0x7d4ca2], sa_mask[0]=11111111111111111111111111111111, sa_flags=SA_ONSTACK|SA_RESTART|SA_SIGINFO
SIGBUS: [libjvm.dylib+0x7d4ca2], sa_mask[0]=11111111111111111111111111111111, sa_flags=SA_RESTART|SA_SIGINFO
SIGFPE: [libjvm.dylib+0x7d4ca2], sa_mask[0]=11111111111111111111111111111111, sa_flags=SA_RESTART|SA_SIGINFO
SIGPIPE: [libjvm.dylib+0x6399e6], sa_mask[0]=11111111111111111111111111111111, sa_flags=SA_RESTART|SA_SIGINFO
SIGXFSZ: [libjvm.dylib+0x6399e6], sa_mask[0]=11111111111111111111111111111111, sa_flags=SA_RESTART|SA_SIGINFO
SIGILL: [libjvm.dylib+0x7d4ca2], sa_mask[0]=11111111111111111111111111111111, sa_flags=SA_RESTART|SA_SIGINFO
SIGUSR2: [libjvm.dylib+0x639fba], sa_mask[0]=00100000000000000000000000000000, sa_flags=SA_RESTART|SA_SIGINFO
SIGHUP: [libjvm.dylib+0x638b13], sa_mask[0]=11111111111111111111111111111111, sa_flags=SA_RESTART|SA_SIGINFO
SIGINT: [libjvm.dylib+0x638b13], sa_mask[0]=11111111111111111111111111111111, sa_flags=SA_RESTART|SA_SIGINFO
SIGTERM: [libjvm.dylib+0x638b13], sa_mask[0]=11111111111111111111111111111111, sa_flags=SA_RESTART|SA_SIGINFO
SIGQUIT: [libjvm.dylib+0x638b13], sa_mask[0]=11111111111111111111111111111111, sa_flags=SA_RESTART|SA_SIGINFO


---------------  S Y S T E M  ---------------

OS:uname:Darwin 23.5.0 Darwin Kernel Version 23.5.0: Wed May  1 20:16:51 PDT 2024; root:xnu-10063.121.3~5/RELEASE_ARM64_T8103 x86_64
OS uptime: 0 days 23:07 hours
rlimit (soft/hard): STACK 8176k/65520k , CORE 0k/infinity , NPROC 2666/4000 , NOFILE 10240/infinity , AS infinity/infinity , CPU infinity/infinity , DATA infinity/infinity , FSIZE infinity/infinity , MEMLOCK infinity/infinity , RSS infinity/infinity
load average:2.54 2.54 2.76

CPU:total 8 (initial active 8) (1 cores per cpu, 1 threads per core) family 6 model 44 stepping 0 microcode 0x0, cmov, cx8, fxsr, mmx, sse, sse2, sse3, ssse3, sse4.1, sse4.2, popcnt, aes, clmul, tsc, tscinvbit, tscinv

Memory: 4k page, physical 16777216k(12284k free), swap 1048576k(781568k free)

vm_info: OpenJDK 64-Bit Server VM (11.0.23+9-LTS) for bsd-amd64 JRE (Zulu11.72+19-CA) (11.0.23+9-LTS), built on Apr  9 2024 00:20:21 by "zulu_re" with clang 4.2.1 Compatible Apple LLVM 11.0.0 (clang-1100.0.33.17)

END.
